#
# There is insufficient memory for the Java Runtime Environment to continue.
# Native memory allocation (mmap) failed to map 528482304 bytes for committing reserved memory.
# Possible reasons:
#   The system is out of physical RAM or swap space
#   The process is running with CompressedOops enabled, and the Java Heap may be blocking the growth of the native heap
# Possible solutions:
#   Reduce memory load on the system
#   Increase physical memory or swap space
#   Check if swap backing store is full
#   Decrease Java heap size (-Xmx/-Xms)
#   Decrease number of Java threads
#   Decrease Java thread stack sizes (-Xss)
#   Set larger code cache with -XX:ReservedCodeCacheSize=
#   JVM is running with Zero Based Compressed Oops mode in which the Java heap is
#     placed in the first 32GB address space. The Java Heap base address is the
#     maximum limit for the native heap growth. Please use -XX:HeapBaseMinAddress
#     to set the Java Heap base and to place the Java Heap above 32GB virtual address.
# This output file may be truncated or incomplete.
#
#  Out of Memory Error (os_linux.cpp:2647), pid=13236, tid=13261
#
# JRE version: Java(TM) SE Runtime Environment (9.0+11) (build 9.0.4+11)
# Java VM: Java HotSpot(TM) 64-Bit Server VM (9.0.4+11, mixed mode, tiered, compressed oops, g1 gc, linux-amd64)
# Core dump will be written. Default location: Core dumps may be processed with "/usr/share/apport/apport %p %s %c %d %P" (or dumping to /media/user/B0F86AB3F86A780C/Development/HuskysGadgetMod/core.13236)
#

---------------  S U M M A R Y ------------

Command Line: -Xmx3G -Dfile.encoding=UTF-8 -Duser.country=NO -Duser.language=nb -Duser.variant org.gradle.launcher.daemon.bootstrap.GradleDaemon 4.6

Host: Intel(R) Core(TM) i7 CPU         860  @ 2.80GHz, 8 cores, 15G, Ubuntu 17.10
Time: Thu Apr 19 20:27:10 2018 CEST elapsed time: 2 seconds (0d 0h 0m 2s)

---------------  T H R E A D  ---------------

Current thread (0x00007f22e41c7800):  VMThread "VM Thread" [stack: 0x00007f227c383000,0x00007f227c483000] [id=13261]

Stack: [0x00007f227c383000,0x00007f227c483000],  sp=0x00007f227c480fc0,  free space=1015k
Native frames: (J=compiled Java code, A=aot compiled Java code, j=interpreted, Vv=VM code, C=native code)
V  [libjvm.so+0xd4c6c2]  VMError::report_and_die(int, char const*, char const*, __va_list_tag*, Thread*, unsigned char*, void*, void*, char const*, int, unsigned long)+0x162
V  [libjvm.so+0xd4d32b]  VMError::report_and_die(Thread*, char const*, int, unsigned long, VMErrorType, char const*, __va_list_tag*)+0x2b
V  [libjvm.so+0x654ac8]  report_vm_out_of_memory(char const*, int, unsigned long, VMErrorType, char const*, ...)+0xd8
V  [libjvm.so+0xb68241]  os::pd_commit_memory_or_exit(char*, unsigned long, unsigned long, bool, char const*)+0x101
V  [libjvm.so+0xb628cd]  os::commit_memory_or_exit(char*, unsigned long, unsigned long, bool, char const*)+0x1d
V  [libjvm.so+0x763492]  G1PageBasedVirtualSpace::commit_preferred_pages(unsigned long, unsigned long)+0x62
V  [libjvm.so+0x7637ae]  G1PageBasedVirtualSpace::commit(unsigned long, unsigned long)+0x11e
V  [libjvm.so+0x766713]  G1RegionsLargerThanCommitSizeMapper::commit_regions(unsigned int, unsigned long, WorkGang*)+0x43
V  [libjvm.so+0x7f760c]  HeapRegionManager::commit_regions(unsigned int, unsigned long, WorkGang*)+0x7c
V  [libjvm.so+0x7f81d4]  HeapRegionManager::make_regions_available(unsigned int, unsigned int, WorkGang*)+0x34
V  [libjvm.so+0x7f86f1]  HeapRegionManager::expand_by(unsigned int, WorkGang*)+0x71
V  [libjvm.so+0x729a87]  G1CollectedHeap::expand(unsigned long, WorkGang*, double*)+0xd7
V  [libjvm.so+0x7309ca]  G1CollectedHeap::do_collection_pause_at_safepoint(double)+0x104a
V  [libjvm.so+0xd4db96]  VM_CollectForMetadataAllocation::initiate_concurrent_GC()+0x156
V  [libjvm.so+0xd4dee8]  VM_CollectForMetadataAllocation::doit()+0xf8
V  [libjvm.so+0xd5d4f9]  VM_Operation::evaluate()+0x59
V  [libjvm.so+0xd5b243]  VMThread::evaluate_operation(VM_Operation*)+0xc3
V  [libjvm.so+0xd5b7b0]  VMThread::loop()+0x210
V  [libjvm.so+0xd5bcc2]  VMThread::run()+0x72
V  [libjvm.so+0xb6e132]  thread_native_entry(Thread*)+0xf2

VM_Operation (0x00007f223f4ef3d0): CollectForMetadataAllocation, mode: safepoint, requested by thread 0x00007f2224009800


---------------  P R O C E S S  ---------------

Java Threads: ( => current thread )
  0x00007f222013f000 JavaThread "Cache worker for file hash cache (/media/user/B0F86AB3F86A780C/Development/HuskysGadgetMod/.gradle/4.6/fileHashes)" [_thread_blocked, id=13286, stack(0x00007f223ecf0000,0x00007f223edf1000)]
  0x00007f2220116800 JavaThread "File lock request listener" [_thread_in_native, id=13285, stack(0x00007f223edf1000,0x00007f223eef2000)]
  0x00007f2220114800 JavaThread "Cache worker for file hash cache (/home/user/.gradle/caches/4.6/fileHashes)" [_thread_blocked, id=13284, stack(0x00007f223eef2000,0x00007f223eff3000)]
  0x00007f2220009800 JavaThread "Stdin handler" [_thread_blocked, id=13283, stack(0x00007f223f1f3000,0x00007f223f2f4000)]
  0x00007f2220005000 JavaThread "Asynchronous log dispatcher for DefaultDaemonConnection: socket connection from /0:0:0:0:0:0:0:1:33697 to /0:0:0:0:0:0:0:1:51852" [_thread_blocked, id=13280, stack(0x00007f223f2f4000,0x00007f223f3f5000)]
  0x00007f2224009800 JavaThread "Daemon worker" [_thread_blocked, id=13279, stack(0x00007f223f3f5000,0x00007f223f4f6000)]
  0x00007f2224008800 JavaThread "Cancel handler" [_thread_blocked, id=13278, stack(0x00007f223f4f6000,0x00007f223f5f7000)]
  0x00007f2224004000 JavaThread "Handler for socket connection from /0:0:0:0:0:0:0:1:33697 to /0:0:0:0:0:0:0:1:51852" [_thread_in_native, id=13277, stack(0x00007f223f7f7000,0x00007f223f8f8000)]
  0x00007f222c041800 JavaThread "Daemon" [_thread_blocked, id=13276, stack(0x00007f223f8f8000,0x00007f223f9f9000)]
  0x00007f22e4ff2800 JavaThread "Daemon periodic checks" [_thread_blocked, id=13275, stack(0x00007f223f9f9000,0x00007f223fafa000)]
  0x00007f22e4fd5000 JavaThread "Incoming local TCP Connector on port 33697" [_thread_in_native, id=13274, stack(0x00007f223fafa000,0x00007f223fbfb000)]
  0x00007f22e4f89000 JavaThread "Daemon health stats" [_thread_blocked, id=13273, stack(0x00007f226c0cb000,0x00007f226c1cc000)]
  0x00007f22e42c3800 JavaThread "Service Thread" daemon [_thread_blocked, id=13271, stack(0x00007f226d073000,0x00007f226d174000)]
  0x00007f22e421d000 JavaThread "Common-Cleaner" daemon [_thread_blocked, id=13270, stack(0x00007f226d174000,0x00007f226d275000)]
  0x00007f22e41fe000 JavaThread "Sweeper thread" daemon [_thread_blocked, id=13269, stack(0x00007f226d69d000,0x00007f226d79e000)]
  0x00007f22e41fc800 JavaThread "C1 CompilerThread3" daemon [_thread_blocked, id=13268, stack(0x00007f226d79e000,0x00007f226d89f000)]
  0x00007f22e41fa800 JavaThread "C2 CompilerThread2" daemon [_thread_blocked, id=13267, stack(0x00007f226d89f000,0x00007f226d9a0000)]
  0x00007f22e41f8800 JavaThread "C2 CompilerThread1" daemon [_thread_blocked, id=13266, stack(0x00007f226d9a0000,0x00007f226daa1000)]
  0x00007f22e41f4800 JavaThread "C2 CompilerThread0" daemon [_thread_in_native, id=13265, stack(0x00007f226daa1000,0x00007f226dba2000)]
  0x00007f22e41f6000 JavaThread "Signal Dispatcher" daemon [_thread_blocked, id=13264, stack(0x00007f227c07f000,0x00007f227c180000)]
  0x00007f22e41d9800 JavaThread "Finalizer" daemon [_thread_blocked, id=13263, stack(0x00007f227c180000,0x00007f227c281000)]
  0x00007f22e41d1800 JavaThread "Reference Handler" daemon [_thread_blocked, id=13262, stack(0x00007f227c281000,0x00007f227c382000)]
  0x00007f22e4013000 JavaThread "main" [_thread_blocked, id=13237, stack(0x00007f22ec815000,0x00007f22ec915000)]

Other Threads:
=>0x00007f22e41c7800 VMThread "VM Thread" [stack: 0x00007f227c383000,0x00007f227c483000] [id=13261]
  0x00007f22e42c6800 WatcherThread [stack: 0x00007f226cf73000,0x00007f226d073000] [id=13272]
  0x00007f22e402a800 GCTaskThread "GC Thread#0" [stack: 0x00007f22e8e95000,0x00007f22e8f95000] [id=13241]
  0x00007f22e402c000 GCTaskThread "GC Thread#1" [stack: 0x00007f22e8d94000,0x00007f22e8e94000] [id=13242]
  0x00007f22e402e000 GCTaskThread "GC Thread#2" [stack: 0x00007f22e8c93000,0x00007f22e8d93000] [id=13243]
  0x00007f22e402f800 GCTaskThread "GC Thread#3" [stack: 0x00007f22e8b92000,0x00007f22e8c92000] [id=13244]
  0x00007f22e4031800 GCTaskThread "GC Thread#4" [stack: 0x00007f22e8a91000,0x00007f22e8b91000] [id=13245]
  0x00007f22e4033000 GCTaskThread "GC Thread#5" [stack: 0x00007f22e8990000,0x00007f22e8a90000] [id=13246]
  0x00007f22e4035000 GCTaskThread "GC Thread#6" [stack: 0x00007f22e888f000,0x00007f22e898f000] [id=13247]
  0x00007f22e4036800 GCTaskThread "GC Thread#7" [stack: 0x00007f22e878e000,0x00007f22e888e000] [id=13248]
  0x00007f22e407e800 ConcurrentGCThread "G1 Main Marker" [stack: 0x00007f22c8379000,0x00007f22c8479000] [id=13258]
  0x00007f22e4080000 ConcurrentGCThread "G1 Marker#0" [stack: 0x00007f22c8278000,0x00007f22c8378000] [id=13259]
  0x00007f22e4082000 ConcurrentGCThread "G1 Marker#1" [stack: 0x00007f22c8177000,0x00007f22c8277000] [id=13260]
  0x00007f22e4045000 ConcurrentGCThread "G1 Refine#0" [stack: 0x00007f22c923b000,0x00007f22c933b000] [id=13256]
  0x00007f22e4043800 ConcurrentGCThread "G1 Refine#1" [stack: 0x00007f22c933c000,0x00007f22c943c000] [id=13255]
  0x00007f22e4041800 ConcurrentGCThread "G1 Refine#2" [stack: 0x00007f22c943d000,0x00007f22c953d000] [id=13254]
  0x00007f22e4040000 ConcurrentGCThread "G1 Refine#3" [stack: 0x00007f22c953e000,0x00007f22c963e000] [id=13253]
  0x00007f22e403e000 ConcurrentGCThread "G1 Refine#4" [stack: 0x00007f22c963f000,0x00007f22c973f000] [id=13252]
  0x00007f22e403c000 ConcurrentGCThread "G1 Refine#5" [stack: 0x00007f22c9740000,0x00007f22c9840000] [id=13251]
  0x00007f22e403a800 ConcurrentGCThread "G1 Refine#6" [stack: 0x00007f22c9841000,0x00007f22c9941000] [id=13250]
  0x00007f22e4038800 ConcurrentGCThread "G1 Refine#7" [stack: 0x00007f22c9942000,0x00007f22c9a42000] [id=13249]
  0x00007f22e4047000 ConcurrentGCThread "G1 Young RemSet Sampling" [stack: 0x00007f22c913a000,0x00007f22c923a000] [id=13257]

Threads with active compile tasks:
C2 CompilerThread21771   !   4       java.util.zip.InflaterInputStream::read (138 bytes)
C2 CompilerThread01758   !   4       java.lang.ClassLoader::loadClass (122 bytes)

VM state:at safepoint (normal execution)

VM Mutex/Monitor currently owned by a thread:  ([mutex/lock_event])
[0x00007f22e400f330] Threads_lock - owner thread: 0x00007f22e41c7800
[0x00007f22e400f8d0] Heap_lock - owner thread: 0x00007f2224009800

Heap address: 0x0000000700000000, size: 3072 MB, Compressed Oops mode: Zero based, Oop shift amount: 3
Narrow klass base: 0x0000000000000000, Narrow klass shift: 3
Compressed class space size: 1073741824 Address: 0x00000007c0000000

Heap:
 garbage-first heap   total 774144K, used 22639K [0x0000000700000000, 0x00000007001017a0, 0x00000007c0000000)
  region size 1024K, 6 young (6144K), 6 survivors (6144K)
 Metaspace       used 20591K, capacity 21166K, committed 21248K, reserved 1067008K
  class space    used 2599K, capacity 2736K, committed 2816K, reserved 1048576K
Heap Regions: E=young(eden), S=young(survivor), O=old, HS=humongous(starts), HC=humongous(continues), CS=collection set, F=free, A=archive, TS=gc time stamp, AC=allocation context, TAMS=top-at-mark-start (previous, next)
|   0|0x0000000700000000, 0x0000000700100000, 0x0000000700100000|100%|HS|  |TS  0|AC  0|TAMS 0x0000000700000000, 0x0000000700100000|
|   1|0x0000000700100000, 0x0000000700200000, 0x0000000700200000|100%|HC|  |TS  0|AC  0|TAMS 0x0000000700100000, 0x0000000700200000|
|   2|0x0000000700200000, 0x0000000700300000, 0x0000000700300000|100%| O|  |TS  1|AC  0|TAMS 0x0000000700200000, 0x0000000700300000|
|   3|0x0000000700300000, 0x0000000700400000, 0x0000000700400000|100%| O|  |TS  1|AC  0|TAMS 0x0000000700300000, 0x0000000700400000|
|   4|0x0000000700400000, 0x0000000700500000, 0x0000000700500000|100%| O|  |TS  1|AC  0|TAMS 0x0000000700400000, 0x0000000700500000|
|   5|0x0000000700500000, 0x0000000700600000, 0x0000000700600000|100%| O|  |TS  3|AC  0|TAMS 0x0000000700500000, 0x0000000700600000|
|   6|0x0000000700600000, 0x0000000700700000, 0x0000000700700000|100%| O|  |TS  5|AC  0|TAMS 0x0000000700600000, 0x0000000700700000|
|   7|0x0000000700700000, 0x0000000700800000, 0x0000000700800000|100%| O|  |TS  3|AC  0|TAMS 0x0000000700700000, 0x0000000700800000|
|   8|0x0000000700800000, 0x0000000700900000, 0x0000000700900000|100%| O|  |TS  3|AC  0|TAMS 0x0000000700800000, 0x0000000700900000|
|   9|0x0000000700900000, 0x0000000700a00000, 0x0000000700a00000|100%| O|  |TS  3|AC  0|TAMS 0x0000000700900000, 0x0000000700a00000|
|  10|0x0000000700a00000, 0x0000000700b00000, 0x0000000700b00000|100%| O|  |TS  5|AC  0|TAMS 0x0000000700a00000, 0x0000000700b00000|
|  11|0x0000000700b00000, 0x0000000700c00000, 0x0000000700c00000|100%| O|  |TS  5|AC  0|TAMS 0x0000000700b00000, 0x0000000700c00000|
|  12|0x0000000700c00000, 0x0000000700d00000, 0x0000000700d00000|100%| O|  |TS  5|AC  0|TAMS 0x0000000700c00000, 0x0000000700d00000|
|  13|0x0000000700d00000, 0x0000000700e00000, 0x0000000700e00000|100%| O|  |TS  7|AC  0|TAMS 0x0000000700d00000, 0x0000000700e00000|
|  14|0x0000000700e00000, 0x0000000700f00000, 0x0000000700f00000|100%| O|  |TS  7|AC  0|TAMS 0x0000000700e00000, 0x0000000700f00000|
|  15|0x0000000700f00000, 0x0000000701000000, 0x0000000701000000|100%| O|  |TS  7|AC  0|TAMS 0x0000000700f00000, 0x0000000701000000|
|  16|0x0000000701000000, 0x0000000701062000, 0x0000000701100000| 38%| O|  |TS  7|AC  0|TAMS 0x0000000701000000, 0x0000000701062000|
|  17|0x0000000701100000, 0x0000000701100000, 0x0000000701200000|  0%| F|  |TS  0|AC  0|TAMS 0x0000000701100000, 0x0000000701100000|
|  18|0x0000000701200000, 0x0000000701200000, 0x0000000701300000|  0%| F|  |TS  0|AC  0|TAMS 0x0000000701200000, 0x0000000701200000|
|  19|0x0000000701300000, 0x0000000701300000, 0x0000000701400000|  0%| F|  |TS  0|AC  0|TAMS 0x0000000701300000, 0x0000000701300000|
|  20|0x0000000701400000, 0x0000000701400000, 0x0000000701500000|  0%| F|  |TS  0|AC  0|TAMS 0x0000000701400000, 0x0000000701400000|
|  21|0x0000000701500000, 0x0000000701500000, 0x0000000701600000|  0%| F|  |TS  0|AC  0|TAMS 0x0000000701500000, 0x0000000701500000|
|  22|0x0000000701600000, 0x0000000701600000, 0x0000000701700000|  0%| F|  |TS  0|AC  0|TAMS 0x0000000701600000, 0x0000000701600000|
|  23|0x0000000701700000, 0x0000000701700000, 0x0000000701800000|  0%| F|  |TS  0|AC  0|TAMS 0x0000000701700000, 0x0000000701700000|
|  24|0x0000000701800000, 0x0000000701800000, 0x0000000701900000|  0%| F|  |TS  0|AC  0|TAMS 0x0000000701800000, 0x0000000701800000|
|  25|0x0000000701900000, 0x0000000701900000, 0x0000000701a00000|  0%| F|  |TS  0|AC  0|TAMS 0x0000000701900000, 0x0000000701900000|
|  26|0x0000000701a00000, 0x0000000701a00000, 0x0000000701b00000|  0%| F|  |TS  0|AC  0|TAMS 0x0000000701a00000, 0x0000000701a00000|
|  27|0x0000000701b00000, 0x0000000701b00000, 0x0000000701c00000|  0%| F|  |TS  0|AC  0|TAMS 0x0000000701b00000, 0x0000000701b00000|
|  28|0x0000000701c00000, 0x0000000701c00000, 0x0000000701d00000|  0%| F|  |TS  0|AC  0|TAMS 0x0000000701c00000, 0x0000000701c00000|
|  29|0x0000000701d00000, 0x0000000701d00000, 0x0000000701e00000|  0%| F|  |TS  0|AC  0|TAMS 0x0000000701d00000, 0x0000000701d00000|
|  30|0x0000000701e00000, 0x0000000701e00000, 0x0000000701f00000|  0%| F|  |TS  0|AC  0|TAMS 0x0000000701e00000, 0x0000000701e00000|
|  31|0x0000000701f00000, 0x0000000701f00000, 0x0000000702000000|  0%| F|  |TS  0|AC  0|TAMS 0x0000000701f00000, 0x0000000701f00000|
|  32|0x0000000702000000, 0x0000000702000000, 0x0000000702100000|  0%| F|  |TS  0|AC  0|TAMS 0x0000000702000000, 0x0000000702000000|
|  33|0x0000000702100000, 0x0000000702100000, 0x0000000702200000|  0%| F|  |TS  0|AC  0|TAMS 0x0000000702100000, 0x0000000702100000|
|  34|0x0000000702200000, 0x0000000702200000, 0x0000000702300000|  0%| F|  |TS  0|AC  0|TAMS 0x0000000702200000, 0x0000000702200000|
|  35|0x0000000702300000, 0x0000000702300000, 0x0000000702400000|  0%| F|  |TS  0|AC  0|TAMS 0x0000000702300000, 0x0000000702300000|
|  36|0x0000000702400000, 0x0000000702400000, 0x0000000702500000|  0%| F|  |TS  0|AC  0|TAMS 0x0000000702400000, 0x0000000702400000|
|  37|0x0000000702500000, 0x0000000702500000, 0x0000000702600000|  0%| F|  |TS  0|AC  0|TAMS 0x0000000702500000, 0x0000000702500000|
|  38|0x0000000702600000, 0x0000000702600000, 0x0000000702700000|  0%| F|  |TS  0|AC  0|TAMS 0x0000000702600000, 0x0000000702600000|
|  39|0x0000000702700000, 0x0000000702700000, 0x0000000702800000|  0%| F|  |TS  0|AC  0|TAMS 0x0000000702700000, 0x0000000702700000|
|  40|0x0000000702800000, 0x0000000702800000, 0x0000000702900000|  0%| F|  |TS  0|AC  0|TAMS 0x0000000702800000, 0x0000000702800000|
|  41|0x0000000702900000, 0x0000000702900000, 0x0000000702a00000|  0%| F|  |TS  0|AC  0|TAMS 0x0000000702900000, 0x0000000702900000|
|  42|0x0000000702a00000, 0x0000000702a00000, 0x0000000702b00000|  0%| F|  |TS  0|AC  0|TAMS 0x0000000702a00000, 0x0000000702a00000|
|  43|0x0000000702b00000, 0x0000000702b00000, 0x0000000702c00000|  0%| F|  |TS  0|AC  0|TAMS 0x0000000702b00000, 0x0000000702b00000|
|  44|0x0000000702c00000, 0x0000000702c00000, 0x0000000702d00000|  0%| F|  |TS  0|AC  0|TAMS 0x0000000702c00000, 0x0000000702c00000|
|  45|0x0000000702d00000, 0x0000000702d00000, 0x0000000702e00000|  0%| F|  |TS  0|AC  0|TAMS 0x0000000702d00000, 0x0000000702d00000|
|  46|0x0000000702e00000, 0x0000000702e00000, 0x0000000702f00000|  0%| F|  |TS  0|AC  0|TAMS 0x0000000702e00000, 0x0000000702e00000|
|  47|0x0000000702f00000, 0x0000000702f00000, 0x0000000703000000|  0%| F|  |TS  0|AC  0|TAMS 0x0000000702f00000, 0x0000000702f00000|
|  48|0x0000000703000000, 0x0000000703000000, 0x0000000703100000|  0%| F|  |TS  0|AC  0|TAMS 0x0000000703000000, 0x0000000703000000|
|  49|0x0000000703100000, 0x0000000703100000, 0x0000000703200000|  0%| F|  |TS  0|AC  0|TAMS 0x0000000703100000, 0x0000000703100000|
|  50|0x0000000703200000, 0x0000000703200000, 0x0000000703300000|  0%| F|  |TS  0|AC  0|TAMS 0x0000000703200000, 0x0000000703200000|
|  51|0x0000000703300000, 0x0000000703300000, 0x0000000703400000|  0%| F|  |TS  0|AC  0|TAMS 0x0000000703300000, 0x0000000703300000|
|  52|0x0000000703400000, 0x0000000703400000, 0x0000000703500000|  0%| F|  |TS  0|AC  0|TAMS 0x0000000703400000, 0x0000000703400000|
|  53|0x0000000703500000, 0x0000000703500000, 0x0000000703600000|  0%| F|  |TS  0|AC  0|TAMS 0x0000000703500000, 0x0000000703500000|
|  54|0x0000000703600000, 0x0000000703600000, 0x0000000703700000|  0%| F|  |TS  0|AC  0|TAMS 0x0000000703600000, 0x0000000703600000|
|  55|0x0000000703700000, 0x0000000703700000, 0x0000000703800000|  0%| F|  |TS  0|AC  0|TAMS 0x0000000703700000, 0x0000000703700000|
|  56|0x0000000703800000, 0x0000000703800000, 0x0000000703900000|  0%| F|  |TS  0|AC  0|TAMS 0x0000000703800000, 0x0000000703800000|
|  57|0x0000000703900000, 0x0000000703900000, 0x0000000703a00000|  0%| F|  |TS  0|AC  0|TAMS 0x0000000703900000, 0x0000000703900000|
|  58|0x0000000703a00000, 0x0000000703a00000, 0x0000000703b00000|  0%| F|  |TS  0|AC  0|TAMS 0x0000000703a00000, 0x0000000703a00000|
|  59|0x0000000703b00000, 0x0000000703b00000, 0x0000000703c00000|  0%| F|  |TS  0|AC  0|TAMS 0x0000000703b00000, 0x0000000703b00000|
|  60|0x0000000703c00000, 0x0000000703c00000, 0x0000000703d00000|  0%| F|  |TS  0|AC  0|TAMS 0x0000000703c00000, 0x0000000703c00000|
|  61|0x0000000703d00000, 0x0000000703d00000, 0x0000000703e00000|  0%| F|  |TS  0|AC  0|TAMS 0x0000000703d00000, 0x0000000703d00000|
|  62|0x0000000703e00000, 0x0000000703e00000, 0x0000000703f00000|  0%| F|  |TS  0|AC  0|TAMS 0x0000000703e00000, 0x0000000703e00000|
|  63|0x0000000703f00000, 0x0000000703f00000, 0x0000000704000000|  0%| F|  |TS  0|AC  0|TAMS 0x0000000703f00000, 0x0000000703f00000|
|  64|0x0000000704000000, 0x0000000704000000, 0x0000000704100000|  0%| F|  |TS  0|AC  0|TAMS 0x0000000704000000, 0x0000000704000000|
|  65|0x0000000704100000, 0x0000000704100000, 0x0000000704200000|  0%| F|  |TS  0|AC  0|TAMS 0x0000000704100000, 0x0000000704100000|
|  66|0x0000000704200000, 0x0000000704200000, 0x0000000704300000|  0%| F|  |TS  0|AC  0|TAMS 0x0000000704200000, 0x0000000704200000|
|  67|0x0000000704300000, 0x0000000704300000, 0x0000000704400000|  0%| F|  |TS  0|AC  0|TAMS 0x0000000704300000, 0x0000000704300000|
|  68|0x0000000704400000, 0x0000000704400000, 0x0000000704500000|  0%| F|  |TS  0|AC  0|TAMS 0x0000000704400000, 0x0000000704400000|
|  69|0x0000000704500000, 0x0000000704500000, 0x0000000704600000|  0%| F|  |TS  0|AC  0|TAMS 0x0000000704500000, 0x0000000704500000|
|  70|0x0000000704600000, 0x0000000704600000, 0x0000000704700000|  0%| F|  |TS  0|AC  0|TAMS 0x0000000704600000, 0x0000000704600000|
|  71|0x0000000704700000, 0x0000000704700000, 0x0000000704800000|  0%| F|  |TS  0|AC  0|TAMS 0x0000000704700000, 0x0000000704700000|
|  72|0x0000000704800000, 0x0000000704800000, 0x0000000704900000|  0%| F|  |TS  0|AC  0|TAMS 0x0000000704800000, 0x0000000704800000|
|  73|0x0000000704900000, 0x0000000704900000, 0x0000000704a00000|  0%| F|  |TS  0|AC  0|TAMS 0x0000000704900000, 0x0000000704900000|
|  74|0x0000000704a00000, 0x0000000704a00000, 0x0000000704b00000|  0%| F|  |TS  0|AC  0|TAMS 0x0000000704a00000, 0x0000000704a00000|
|  75|0x0000000704b00000, 0x0000000704b00000, 0x0000000704c00000|  0%| F|  |TS  0|AC  0|TAMS 0x0000000704b00000, 0x0000000704b00000|
|  76|0x0000000704c00000, 0x0000000704c00000, 0x0000000704d00000|  0%| F|  |TS  0|AC  0|TAMS 0x0000000704c00000, 0x0000000704c00000|
|  77|0x0000000704d00000, 0x0000000704d00000, 0x0000000704e00000|  0%| F|  |TS  0|AC  0|TAMS 0x0000000704d00000, 0x0000000704d00000|
|  78|0x0000000704e00000, 0x0000000704e00000, 0x0000000704f00000|  0%| F|  |TS  0|AC  0|TAMS 0x0000000704e00000, 0x0000000704e00000|
|  79|0x0000000704f00000, 0x0000000704f00000, 0x0000000705000000|  0%| F|  |TS  0|AC  0|TAMS 0x0000000704f00000, 0x0000000704f00000|
|  80|0x0000000705000000, 0x0000000705000000, 0x0000000705100000|  0%| F|  |TS  0|AC  0|TAMS 0x0000000705000000, 0x0000000705000000|
|  81|0x0000000705100000, 0x0000000705100000, 0x0000000705200000|  0%| F|  |TS  0|AC  0|TAMS 0x0000000705100000, 0x0000000705100000|
|  82|0x0000000705200000, 0x0000000705200000, 0x0000000705300000|  0%| F|  |TS  0|AC  0|TAMS 0x0000000705200000, 0x0000000705200000|
|  83|0x0000000705300000, 0x0000000705300000, 0x0000000705400000|  0%| F|  |TS  0|AC  0|TAMS 0x0000000705300000, 0x0000000705300000|
|  84|0x0000000705400000, 0x0000000705400000, 0x0000000705500000|  0%| F|  |TS  0|AC  0|TAMS 0x0000000705400000, 0x0000000705400000|
|  85|0x0000000705500000, 0x0000000705500000, 0x0000000705600000|  0%| F|  |TS  0|AC  0|TAMS 0x0000000705500000, 0x0000000705500000|
|  86|0x0000000705600000, 0x0000000705600000, 0x0000000705700000|  0%| F|  |TS  0|AC  0|TAMS 0x0000000705600000, 0x0000000705600000|
|  87|0x0000000705700000, 0x0000000705700000, 0x0000000705800000|  0%| F|  |TS  0|AC  0|TAMS 0x0000000705700000, 0x0000000705700000|
|  88|0x0000000705800000, 0x0000000705800000, 0x0000000705900000|  0%| F|  |TS  0|AC  0|TAMS 0x0000000705800000, 0x0000000705800000|
|  89|0x0000000705900000, 0x0000000705900000, 0x0000000705a00000|  0%| F|  |TS  0|AC  0|TAMS 0x0000000705900000, 0x0000000705900000|
|  90|0x0000000705a00000, 0x0000000705a00000, 0x0000000705b00000|  0%| F|  |TS  0|AC  0|TAMS 0x0000000705a00000, 0x0000000705a00000|
|  91|0x0000000705b00000, 0x0000000705b00000, 0x0000000705c00000|  0%| F|  |TS  0|AC  0|TAMS 0x0000000705b00000, 0x0000000705b00000|
|  92|0x0000000705c00000, 0x0000000705c00000, 0x0000000705d00000|  0%| F|  |TS  0|AC  0|TAMS 0x0000000705c00000, 0x0000000705c00000|
|  93|0x0000000705d00000, 0x0000000705d00000, 0x0000000705e00000|  0%| F|  |TS  0|AC  0|TAMS 0x0000000705d00000, 0x0000000705d00000|
|  94|0x0000000705e00000, 0x0000000705e00000, 0x0000000705f00000|  0%| F|  |TS  0|AC  0|TAMS 0x0000000705e00000, 0x0000000705e00000|
|  95|0x0000000705f00000, 0x0000000705f00000, 0x0000000706000000|  0%| F|  |TS  0|AC  0|TAMS 0x0000000705f00000, 0x0000000705f00000|
|  96|0x0000000706000000, 0x0000000706000000, 0x0000000706100000|  0%| F|  |TS  0|AC  0|TAMS 0x0000000706000000, 0x0000000706000000|
|  97|0x0000000706100000, 0x0000000706100000, 0x0000000706200000|  0%| F|  |TS  0|AC  0|TAMS 0x0000000706100000, 0x0000000706100000|
|  98|0x0000000706200000, 0x0000000706200000, 0x0000000706300000|  0%| F|  |TS  0|AC  0|TAMS 0x0000000706200000, 0x0000000706200000|
|  99|0x0000000706300000, 0x0000000706300000, 0x0000000706400000|  0%| F|  |TS  0|AC  0|TAMS 0x0000000706300000, 0x0000000706300000|
| 100|0x0000000706400000, 0x0000000706400000, 0x0000000706500000|  0%| F|  |TS  0|AC  0|TAMS 0x0000000706400000, 0x0000000706400000|
| 101|0x0000000706500000, 0x0000000706500000, 0x0000000706600000|  0%| F|  |TS  0|AC  0|TAMS 0x0000000706500000, 0x0000000706500000|
| 102|0x0000000706600000, 0x0000000706600000, 0x0000000706700000|  0%| F|  |TS  0|AC  0|TAMS 0x0000000706600000, 0x0000000706600000|
| 103|0x0000000706700000, 0x0000000706700000, 0x0000000706800000|  0%| F|  |TS  0|AC  0|TAMS 0x0000000706700000, 0x0000000706700000|
| 104|0x0000000706800000, 0x0000000706800000, 0x0000000706900000|  0%| F|  |TS  0|AC  0|TAMS 0x0000000706800000, 0x0000000706800000|
| 105|0x0000000706900000, 0x0000000706900000, 0x0000000706a00000|  0%| F|  |TS  0|AC  0|TAMS 0x0000000706900000, 0x0000000706900000|
| 106|0x0000000706a00000, 0x0000000706a00000, 0x0000000706b00000|  0%| F|  |TS  0|AC  0|TAMS 0x0000000706a00000, 0x0000000706a00000|
| 107|0x0000000706b00000, 0x0000000706b00000, 0x0000000706c00000|  0%| F|  |TS  0|AC  0|TAMS 0x0000000706b00000, 0x0000000706b00000|
| 108|0x0000000706c00000, 0x0000000706c00000, 0x0000000706d00000|  0%| F|  |TS  0|AC  0|TAMS 0x0000000706c00000, 0x0000000706c00000|
| 109|0x0000000706d00000, 0x0000000706d00000, 0x0000000706e00000|  0%| F|  |TS  0|AC  0|TAMS 0x0000000706d00000, 0x0000000706d00000|
| 110|0x0000000706e00000, 0x0000000706e00000, 0x0000000706f00000|  0%| F|  |TS  0|AC  0|TAMS 0x0000000706e00000, 0x0000000706e00000|
| 111|0x0000000706f00000, 0x0000000706f00000, 0x0000000707000000|  0%| F|  |TS  0|AC  0|TAMS 0x0000000706f00000, 0x0000000706f00000|
| 112|0x0000000707000000, 0x0000000707000000, 0x0000000707100000|  0%| F|  |TS  0|AC  0|TAMS 0x0000000707000000, 0x0000000707000000|
| 113|0x0000000707100000, 0x0000000707100000, 0x0000000707200000|  0%| F|  |TS  0|AC  0|TAMS 0x0000000707100000, 0x0000000707100000|
| 114|0x0000000707200000, 0x0000000707200000, 0x0000000707300000|  0%| F|  |TS  0|AC  0|TAMS 0x0000000707200000, 0x0000000707200000|
| 115|0x0000000707300000, 0x0000000707300000, 0x0000000707400000|  0%| F|  |TS  0|AC  0|TAMS 0x0000000707300000, 0x0000000707300000|
| 116|0x0000000707400000, 0x0000000707400000, 0x0000000707500000|  0%| F|  |TS  0|AC  0|TAMS 0x0000000707400000, 0x0000000707400000|
| 117|0x0000000707500000, 0x0000000707500000, 0x0000000707600000|  0%| F|  |TS  0|AC  0|TAMS 0x0000000707500000, 0x0000000707500000|
| 118|0x0000000707600000, 0x0000000707600000, 0x0000000707700000|  0%| F|  |TS  0|AC  0|TAMS 0x0000000707600000, 0x0000000707600000|
| 119|0x0000000707700000, 0x0000000707700000, 0x0000000707800000|  0%| F|  |TS  0|AC  0|TAMS 0x0000000707700000, 0x0000000707700000|
| 120|0x0000000707800000, 0x0000000707800000, 0x0000000707900000|  0%| F|  |TS  0|AC  0|TAMS 0x0000000707800000, 0x0000000707800000|
| 121|0x0000000707900000, 0x0000000707900000, 0x0000000707a00000|  0%| F|  |TS  0|AC  0|TAMS 0x0000000707900000, 0x0000000707900000|
| 122|0x0000000707a00000, 0x0000000707a00000, 0x0000000707b00000|  0%| F|  |TS  0|AC  0|TAMS 0x0000000707a00000, 0x0000000707a00000|
| 123|0x0000000707b00000, 0x0000000707b00000, 0x0000000707c00000|  0%| F|  |TS  0|AC  0|TAMS 0x0000000707b00000, 0x0000000707b00000|
| 124|0x0000000707c00000, 0x0000000707c00000, 0x0000000707d00000|  0%| F|  |TS  0|AC  0|TAMS 0x0000000707c00000, 0x0000000707c00000|
| 125|0x0000000707d00000, 0x0000000707d00000, 0x0000000707e00000|  0%| F|  |TS  0|AC  0|TAMS 0x0000000707d00000, 0x0000000707d00000|
| 126|0x0000000707e00000, 0x0000000707e00000, 0x0000000707f00000|  0%| F|  |TS  0|AC  0|TAMS 0x0000000707e00000, 0x0000000707e00000|
| 127|0x0000000707f00000, 0x0000000707f00000, 0x0000000708000000|  0%| F|  |TS  0|AC  0|TAMS 0x0000000707f00000, 0x0000000707f00000|
| 128|0x0000000708000000, 0x0000000708000000, 0x0000000708100000|  0%| F|  |TS  0|AC  0|TAMS 0x0000000708000000, 0x0000000708000000|
| 129|0x0000000708100000, 0x0000000708100000, 0x0000000708200000|  0%| F|  |TS  0|AC  0|TAMS 0x0000000708100000, 0x0000000708100000|
| 130|0x0000000708200000, 0x0000000708200000, 0x0000000708300000|  0%| F|  |TS  0|AC  0|TAMS 0x0000000708200000, 0x0000000708200000|
| 131|0x0000000708300000, 0x0000000708300000, 0x0000000708400000|  0%| F|  |TS  0|AC  0|TAMS 0x0000000708300000, 0x0000000708300000|
| 132|0x0000000708400000, 0x0000000708400000, 0x0000000708500000|  0%| F|  |TS  0|AC  0|TAMS 0x0000000708400000, 0x0000000708400000|
| 133|0x0000000708500000, 0x0000000708500000, 0x0000000708600000|  0%| F|  |TS  0|AC  0|TAMS 0x0000000708500000, 0x0000000708500000|
| 134|0x0000000708600000, 0x0000000708600000, 0x0000000708700000|  0%| F|  |TS  0|AC  0|TAMS 0x0000000708600000, 0x0000000708600000|
| 135|0x0000000708700000, 0x0000000708700000, 0x0000000708800000|  0%| F|  |TS  0|AC  0|TAMS 0x0000000708700000, 0x0000000708700000|
| 136|0x0000000708800000, 0x0000000708800000, 0x0000000708900000|  0%| F|  |TS  0|AC  0|TAMS 0x0000000708800000, 0x0000000708800000|
| 137|0x0000000708900000, 0x0000000708900000, 0x0000000708a00000|  0%| F|  |TS  0|AC  0|TAMS 0x0000000708900000, 0x0000000708900000|
| 138|0x0000000708a00000, 0x0000000708a00000, 0x0000000708b00000|  0%| F|  |TS  0|AC  0|TAMS 0x0000000708a00000, 0x0000000708a00000|
| 139|0x0000000708b00000, 0x0000000708b00000, 0x0000000708c00000|  0%| F|  |TS  0|AC  0|TAMS 0x0000000708b00000, 0x0000000708b00000|
| 140|0x0000000708c00000, 0x0000000708c00000, 0x0000000708d00000|  0%| F|  |TS  0|AC  0|TAMS 0x0000000708c00000, 0x0000000708c00000|
| 141|0x0000000708d00000, 0x0000000708d00000, 0x0000000708e00000|  0%| F|  |TS  0|AC  0|TAMS 0x0000000708d00000, 0x0000000708d00000|
| 142|0x0000000708e00000, 0x0000000708e00000, 0x0000000708f00000|  0%| F|  |TS  0|AC  0|TAMS 0x0000000708e00000, 0x0000000708e00000|
| 143|0x0000000708f00000, 0x0000000708f00000, 0x0000000709000000|  0%| F|  |TS  0|AC  0|TAMS 0x0000000708f00000, 0x0000000708f00000|
| 144|0x0000000709000000, 0x0000000709000000, 0x0000000709100000|  0%| F|  |TS  0|AC  0|TAMS 0x0000000709000000, 0x0000000709000000|
| 145|0x0000000709100000, 0x0000000709100000, 0x0000000709200000|  0%| F|  |TS  0|AC  0|TAMS 0x0000000709100000, 0x0000000709100000|
| 146|0x0000000709200000, 0x0000000709200000, 0x0000000709300000|  0%| F|  |TS  0|AC  0|TAMS 0x0000000709200000, 0x0000000709200000|
| 147|0x0000000709300000, 0x0000000709300000, 0x0000000709400000|  0%| F|  |TS  0|AC  0|TAMS 0x0000000709300000, 0x0000000709300000|
| 148|0x0000000709400000, 0x0000000709400000, 0x0000000709500000|  0%| F|  |TS  0|AC  0|TAMS 0x0000000709400000, 0x0000000709400000|
| 149|0x0000000709500000, 0x0000000709500000, 0x0000000709600000|  0%| F|  |TS  0|AC  0|TAMS 0x0000000709500000, 0x0000000709500000|
| 150|0x0000000709600000, 0x0000000709600000, 0x0000000709700000|  0%| F|  |TS  0|AC  0|TAMS 0x0000000709600000, 0x0000000709600000|
| 151|0x0000000709700000, 0x0000000709700000, 0x0000000709800000|  0%| F|  |TS  0|AC  0|TAMS 0x0000000709700000, 0x0000000709700000|
| 152|0x0000000709800000, 0x0000000709800000, 0x0000000709900000|  0%| F|  |TS  0|AC  0|TAMS 0x0000000709800000, 0x0000000709800000|
| 153|0x0000000709900000, 0x0000000709900000, 0x0000000709a00000|  0%| F|  |TS  0|AC  0|TAMS 0x0000000709900000, 0x0000000709900000|
| 154|0x0000000709a00000, 0x0000000709a00000, 0x0000000709b00000|  0%| F|  |TS  0|AC  0|TAMS 0x0000000709a00000, 0x0000000709a00000|
| 155|0x0000000709b00000, 0x0000000709b00000, 0x0000000709c00000|  0%| F|  |TS  0|AC  0|TAMS 0x0000000709b00000, 0x0000000709b00000|
| 156|0x0000000709c00000, 0x0000000709c00000, 0x0000000709d00000|  0%| F|  |TS  0|AC  0|TAMS 0x0000000709c00000, 0x0000000709c00000|
| 157|0x0000000709d00000, 0x0000000709d00000, 0x0000000709e00000|  0%| F|  |TS  0|AC  0|TAMS 0x0000000709d00000, 0x0000000709d00000|
| 158|0x0000000709e00000, 0x0000000709e00000, 0x0000000709f00000|  0%| F|  |TS  0|AC  0|TAMS 0x0000000709e00000, 0x0000000709e00000|
| 159|0x0000000709f00000, 0x0000000709f00000, 0x000000070a000000|  0%| F|  |TS  0|AC  0|TAMS 0x0000000709f00000, 0x0000000709f00000|
| 160|0x000000070a000000, 0x000000070a000000, 0x000000070a100000|  0%| F|  |TS  0|AC  0|TAMS 0x000000070a000000, 0x000000070a000000|
| 161|0x000000070a100000, 0x000000070a100000, 0x000000070a200000|  0%| F|  |TS  0|AC  0|TAMS 0x000000070a100000, 0x000000070a100000|
| 162|0x000000070a200000, 0x000000070a200000, 0x000000070a300000|  0%| F|  |TS  0|AC  0|TAMS 0x000000070a200000, 0x000000070a200000|
| 163|0x000000070a300000, 0x000000070a300000, 0x000000070a400000|  0%| F|  |TS  0|AC  0|TAMS 0x000000070a300000, 0x000000070a300000|
| 164|0x000000070a400000, 0x000000070a400000, 0x000000070a500000|  0%| F|  |TS  0|AC  0|TAMS 0x000000070a400000, 0x000000070a400000|
| 165|0x000000070a500000, 0x000000070a500000, 0x000000070a600000|  0%| F|  |TS  0|AC  0|TAMS 0x000000070a500000, 0x000000070a500000|
| 166|0x000000070a600000, 0x000000070a600000, 0x000000070a700000|  0%| F|  |TS  0|AC  0|TAMS 0x000000070a600000, 0x000000070a600000|
| 167|0x000000070a700000, 0x000000070a700000, 0x000000070a800000|  0%| F|  |TS  0|AC  0|TAMS 0x000000070a700000, 0x000000070a700000|
| 168|0x000000070a800000, 0x000000070a800000, 0x000000070a900000|  0%| F|  |TS  0|AC  0|TAMS 0x000000070a800000, 0x000000070a800000|
| 169|0x000000070a900000, 0x000000070a900000, 0x000000070aa00000|  0%| F|  |TS  0|AC  0|TAMS 0x000000070a900000, 0x000000070a900000|
| 170|0x000000070aa00000, 0x000000070aa00000, 0x000000070ab00000|  0%| F|  |TS  0|AC  0|TAMS 0x000000070aa00000, 0x000000070aa00000|
| 171|0x000000070ab00000, 0x000000070ab00000, 0x000000070ac00000|  0%| F|  |TS  0|AC  0|TAMS 0x000000070ab00000, 0x000000070ab00000|
| 172|0x000000070ac00000, 0x000000070ac00000, 0x000000070ad00000|  0%| F|  |TS  0|AC  0|TAMS 0x000000070ac00000, 0x000000070ac00000|
| 173|0x000000070ad00000, 0x000000070ad00000, 0x000000070ae00000|  0%| F|  |TS  0|AC  0|TAMS 0x000000070ad00000, 0x000000070ad00000|
| 174|0x000000070ae00000, 0x000000070ae00000, 0x000000070af00000|  0%| F|  |TS  0|AC  0|TAMS 0x000000070ae00000, 0x000000070ae00000|
| 175|0x000000070af00000, 0x000000070af00000, 0x000000070b000000|  0%| F|  |TS  0|AC  0|TAMS 0x000000070af00000, 0x000000070af00000|
| 176|0x000000070b000000, 0x000000070b000000, 0x000000070b100000|  0%| F|  |TS  0|AC  0|TAMS 0x000000070b000000, 0x000000070b000000|
| 177|0x000000070b100000, 0x000000070b100000, 0x000000070b200000|  0%| F|  |TS  0|AC  0|TAMS 0x000000070b100000, 0x000000070b100000|
| 178|0x000000070b200000, 0x000000070b200000, 0x000000070b300000|  0%| F|  |TS  0|AC  0|TAMS 0x000000070b200000, 0x000000070b200000|
| 179|0x000000070b300000, 0x000000070b300000, 0x000000070b400000|  0%| F|  |TS  0|AC  0|TAMS 0x000000070b300000, 0x000000070b300000|
| 180|0x000000070b400000, 0x000000070b400000, 0x000000070b500000|  0%| F|  |TS  0|AC  0|TAMS 0x000000070b400000, 0x000000070b400000|
| 181|0x000000070b500000, 0x000000070b500000, 0x000000070b600000|  0%| F|  |TS  0|AC  0|TAMS 0x000000070b500000, 0x000000070b500000|
| 182|0x000000070b600000, 0x000000070b600000, 0x000000070b700000|  0%| F|  |TS  0|AC  0|TAMS 0x000000070b600000, 0x000000070b600000|
| 183|0x000000070b700000, 0x000000070b700000, 0x000000070b800000|  0%| F|  |TS  0|AC  0|TAMS 0x000000070b700000, 0x000000070b700000|
| 184|0x000000070b800000, 0x000000070b800000, 0x000000070b900000|  0%| F|  |TS  0|AC  0|TAMS 0x000000070b800000, 0x000000070b800000|
| 185|0x000000070b900000, 0x000000070b900000, 0x000000070ba00000|  0%| F|  |TS  0|AC  0|TAMS 0x000000070b900000, 0x000000070b900000|
| 186|0x000000070ba00000, 0x000000070ba00000, 0x000000070bb00000|  0%| F|  |TS  0|AC  0|TAMS 0x000000070ba00000, 0x000000070ba00000|
| 187|0x000000070bb00000, 0x000000070bb00000, 0x000000070bc00000|  0%| F|  |TS  0|AC  0|TAMS 0x000000070bb00000, 0x000000070bb00000|
| 188|0x000000070bc00000, 0x000000070bc00000, 0x000000070bd00000|  0%| F|  |TS  0|AC  0|TAMS 0x000000070bc00000, 0x000000070bc00000|
| 189|0x000000070bd00000, 0x000000070bd00000, 0x000000070be00000|  0%| F|  |TS  0|AC  0|TAMS 0x000000070bd00000, 0x000000070bd00000|
| 190|0x000000070be00000, 0x000000070be00000, 0x000000070bf00000|  0%| F|  |TS  0|AC  0|TAMS 0x000000070be00000, 0x000000070be00000|
| 191|0x000000070bf00000, 0x000000070bf00000, 0x000000070c000000|  0%| F|  |TS  0|AC  0|TAMS 0x000000070bf00000, 0x000000070bf00000|
| 192|0x000000070c000000, 0x000000070c000000, 0x000000070c100000|  0%| F|  |TS  0|AC  0|TAMS 0x000000070c000000, 0x000000070c000000|
| 193|0x000000070c100000, 0x000000070c100000, 0x000000070c200000|  0%| F|  |TS  0|AC  0|TAMS 0x000000070c100000, 0x000000070c100000|
| 194|0x000000070c200000, 0x000000070c200000, 0x000000070c300000|  0%| F|  |TS  0|AC  0|TAMS 0x000000070c200000, 0x000000070c200000|
| 195|0x000000070c300000, 0x000000070c300000, 0x000000070c400000|  0%| F|  |TS  0|AC  0|TAMS 0x000000070c300000, 0x000000070c300000|
| 196|0x000000070c400000, 0x000000070c400000, 0x000000070c500000|  0%| F|  |TS  0|AC  0|TAMS 0x000000070c400000, 0x000000070c400000|
| 197|0x000000070c500000, 0x000000070c500000, 0x000000070c600000|  0%| F|  |TS  0|AC  0|TAMS 0x000000070c500000, 0x000000070c500000|
| 198|0x000000070c600000, 0x000000070c600000, 0x000000070c700000|  0%| F|  |TS  7|AC  0|TAMS 0x000000070c600000, 0x000000070c600000|
| 199|0x000000070c700000, 0x000000070c700000, 0x000000070c800000|  0%| F|  |TS  7|AC  0|TAMS 0x000000070c700000, 0x000000070c700000|
| 200|0x000000070c800000, 0x000000070c800000, 0x000000070c900000|  0%| F|  |TS  7|AC  0|TAMS 0x000000070c800000, 0x000000070c800000|
| 201|0x000000070c900000, 0x000000070c900000, 0x000000070ca00000|  0%| F|  |TS  7|AC  0|TAMS 0x000000070c900000, 0x000000070c900000|
| 202|0x000000070ca00000, 0x000000070ca00000, 0x000000070cb00000|  0%| F|  |TS  7|AC  0|TAMS 0x000000070ca00000, 0x000000070ca00000|
| 203|0x000000070cb00000, 0x000000070cb00000, 0x000000070cc00000|  0%| F|  |TS  7|AC  0|TAMS 0x000000070cb00000, 0x000000070cb00000|
| 204|0x000000070cc00000, 0x000000070cc00000, 0x000000070cd00000|  0%| F|  |TS  5|AC  0|TAMS 0x000000070cc00000, 0x000000070cc00000|
| 205|0x000000070cd00000, 0x000000070cd00000, 0x000000070ce00000|  0%| F|  |TS  5|AC  0|TAMS 0x000000070cd00000, 0x000000070cd00000|
| 206|0x000000070ce00000, 0x000000070ce00000, 0x000000070cf00000|  0%| F|  |TS  5|AC  0|TAMS 0x000000070ce00000, 0x000000070ce00000|
| 207|0x000000070cf00000, 0x000000070cf00000, 0x000000070d000000|  0%| F|  |TS  5|AC  0|TAMS 0x000000070cf00000, 0x000000070cf00000|
| 208|0x000000070d000000, 0x000000070d000000, 0x000000070d100000|  0%| F|  |TS  5|AC  0|TAMS 0x000000070d000000, 0x000000070d000000|
| 209|0x000000070d100000, 0x000000070d100000, 0x000000070d200000|  0%| F|  |TS  5|AC  0|TAMS 0x000000070d100000, 0x000000070d100000|
| 210|0x000000070d200000, 0x000000070d200000, 0x000000070d300000|  0%| F|  |TS  5|AC  0|TAMS 0x000000070d200000, 0x000000070d200000|
| 211|0x000000070d300000, 0x000000070d300000, 0x000000070d400000|  0%| F|  |TS  5|AC  0|TAMS 0x000000070d300000, 0x000000070d300000|
| 212|0x000000070d400000, 0x000000070d400000, 0x000000070d500000|  0%| F|  |TS  5|AC  0|TAMS 0x000000070d400000, 0x000000070d400000|
| 213|0x000000070d500000, 0x000000070d500000, 0x000000070d600000|  0%| F|  |TS  5|AC  0|TAMS 0x000000070d500000, 0x000000070d500000|
| 214|0x000000070d600000, 0x000000070d600000, 0x000000070d700000|  0%| F|  |TS  5|AC  0|TAMS 0x000000070d600000, 0x000000070d600000|
| 215|0x000000070d700000, 0x000000070d700000, 0x000000070d800000|  0%| F|  |TS  5|AC  0|TAMS 0x000000070d700000, 0x000000070d700000|
| 216|0x000000070d800000, 0x000000070d800000, 0x000000070d900000|  0%| F|  |TS  5|AC  0|TAMS 0x000000070d800000, 0x000000070d800000|
| 217|0x000000070d900000, 0x000000070d900000, 0x000000070da00000|  0%| F|  |TS  5|AC  0|TAMS 0x000000070d900000, 0x000000070d900000|
| 218|0x000000070da00000, 0x000000070da00000, 0x000000070db00000|  0%| F|  |TS  5|AC  0|TAMS 0x000000070da00000, 0x000000070da00000|
| 219|0x000000070db00000, 0x000000070db00000, 0x000000070dc00000|  0%| F|  |TS  5|AC  0|TAMS 0x000000070db00000, 0x000000070db00000|
| 220|0x000000070dc00000, 0x000000070dc00000, 0x000000070dd00000|  0%| F|  |TS  5|AC  0|TAMS 0x000000070dc00000, 0x000000070dc00000|
| 221|0x000000070dd00000, 0x000000070ddb9de8, 0x000000070de00000| 72%| S|CS|TS  7|AC  0|TAMS 0x000000070dd00000, 0x000000070dd00000|
| 222|0x000000070de00000, 0x000000070df00000, 0x000000070df00000|100%| S|CS|TS  7|AC  0|TAMS 0x000000070de00000, 0x000000070de00000|
| 223|0x000000070df00000, 0x000000070e000000, 0x000000070e000000|100%| S|CS|TS  7|AC  0|TAMS 0x000000070df00000, 0x000000070df00000|
| 224|0x000000070e000000, 0x000000070e100000, 0x000000070e100000|100%| S|CS|TS  7|AC  0|TAMS 0x000000070e000000, 0x000000070e000000|
| 225|0x000000070e100000, 0x000000070e200000, 0x000000070e200000|100%| S|CS|TS  7|AC  0|TAMS 0x000000070e100000, 0x000000070e100000|
| 226|0x000000070e200000, 0x000000070e300000, 0x000000070e300000|100%| S|CS|TS  7|AC  0|TAMS 0x000000070e200000, 0x000000070e200000|
| 227|0x000000070e300000, 0x000000070e300000, 0x000000070e400000|  0%| F|  |TS  7|AC  0|TAMS 0x000000070e300000, 0x000000070e300000|
| 228|0x000000070e400000, 0x000000070e400000, 0x000000070e500000|  0%| F|  |TS  7|AC  0|TAMS 0x000000070e400000, 0x000000070e400000|
| 229|0x000000070e500000, 0x000000070e500000, 0x000000070e600000|  0%| F|  |TS  7|AC  0|TAMS 0x000000070e500000, 0x000000070e500000|
| 230|0x000000070e600000, 0x000000070e600000, 0x000000070e700000|  0%| F|  |TS  7|AC  0|TAMS 0x000000070e600000, 0x000000070e600000|
| 231|0x000000070e700000, 0x000000070e700000, 0x000000070e800000|  0%| F|  |TS  7|AC  0|TAMS 0x000000070e700000, 0x000000070e700000|
| 232|0x000000070e800000, 0x000000070e800000, 0x000000070e900000|  0%| F|  |TS  7|AC  0|TAMS 0x000000070e800000, 0x000000070e800000|
| 233|0x000000070e900000, 0x000000070e900000, 0x000000070ea00000|  0%| F|  |TS  7|AC  0|TAMS 0x000000070e900000, 0x000000070e900000|
| 234|0x000000070ea00000, 0x000000070ea00000, 0x000000070eb00000|  0%| F|  |TS  7|AC  0|TAMS 0x000000070ea00000, 0x000000070ea00000|
| 235|0x000000070eb00000, 0x000000070eb00000, 0x000000070ec00000|  0%| F|  |TS  7|AC  0|TAMS 0x000000070eb00000, 0x000000070eb00000|
| 236|0x000000070ec00000, 0x000000070ec00000, 0x000000070ed00000|  0%| F|  |TS  7|AC  0|TAMS 0x000000070ec00000, 0x000000070ec00000|
| 237|0x000000070ed00000, 0x000000070ed00000, 0x000000070ee00000|  0%| F|  |TS  7|AC  0|TAMS 0x000000070ed00000, 0x000000070ed00000|
| 238|0x000000070ee00000, 0x000000070ee00000, 0x000000070ef00000|  0%| F|  |TS  7|AC  0|TAMS 0x000000070ee00000, 0x000000070ee00000|
| 239|0x000000070ef00000, 0x000000070ef00000, 0x000000070f000000|  0%| F|  |TS  7|AC  0|TAMS 0x000000070ef00000, 0x000000070ef00000|
| 240|0x000000070f000000, 0x000000070f000000, 0x000000070f100000|  0%| F|  |TS  7|AC  0|TAMS 0x000000070f000000, 0x000000070f000000|
| 241|0x000000070f100000, 0x000000070f100000, 0x000000070f200000|  0%| F|  |TS  7|AC  0|TAMS 0x000000070f100000, 0x000000070f100000|
| 242|0x000000070f200000, 0x000000070f200000, 0x000000070f300000|  0%| F|  |TS  7|AC  0|TAMS 0x000000070f200000, 0x000000070f200000|
| 243|0x000000070f300000, 0x000000070f300000, 0x000000070f400000|  0%| F|  |TS  7|AC  0|TAMS 0x000000070f300000, 0x000000070f300000|
| 244|0x000000070f400000, 0x000000070f400000, 0x000000070f500000|  0%| F|  |TS  7|AC  0|TAMS 0x000000070f400000, 0x000000070f400000|
| 245|0x000000070f500000, 0x000000070f500000, 0x000000070f600000|  0%| F|  |TS  7|AC  0|TAMS 0x000000070f500000, 0x000000070f500000|
| 246|0x000000070f600000, 0x000000070f600000, 0x000000070f700000|  0%| F|  |TS  7|AC  0|TAMS 0x000000070f600000, 0x000000070f600000|
| 247|0x000000070f700000, 0x000000070f700000, 0x000000070f800000|  0%| F|  |TS  7|AC  0|TAMS 0x000000070f700000, 0x000000070f700000|
| 248|0x000000070f800000, 0x000000070f800000, 0x000000070f900000|  0%| F|  |TS  7|AC  0|TAMS 0x000000070f800000, 0x000000070f800000|
| 249|0x000000070f900000, 0x000000070f900000, 0x000000070fa00000|  0%| F|  |TS  7|AC  0|TAMS 0x000000070f900000, 0x000000070f900000|
| 250|0x000000070fa00000, 0x000000070fa00000, 0x000000070fb00000|  0%| F|  |TS  7|AC  0|TAMS 0x000000070fa00000, 0x000000070fa00000|
| 251|0x000000070fb00000, 0x000000070fb00000, 0x000000070fc00000|  0%| F|  |TS  7|AC  0|TAMS 0x000000070fb00000, 0x000000070fb00000|

Card table byte_map: [0x00007f2283a00000,0x00007f2284000000] byte_map_base: 0x00007f2280200000

Marking Bits (Prev, Next): (CMBitMap*) 0x00007f22e407d730, (CMBitMap*) 0x00007f22e407d768
 Prev Bits: [0x00007f2280400000, 0x00007f2283400000)
 Next Bits: [0x00007f227d400000, 0x00007f2280400000)

Polling page: 0x00007f22ec952000

CodeHeap 'non-profiled nmethods': size=120032Kb used=680Kb max_used=680Kb free=119352Kb
 bounds [0x00007f22d160b000, 0x00007f22d187b000, 0x00007f22d8b43000]
CodeHeap 'profiled nmethods': size=120028Kb used=3710Kb max_used=3710Kb free=116317Kb
 bounds [0x00007f22ca0d4000, 0x00007f22ca474000, 0x00007f22d160b000]
CodeHeap 'non-nmethods': size=5700Kb used=1234Kb max_used=1255Kb free=4465Kb
 bounds [0x00007f22c9b43000, 0x00007f22c9db3000, 0x00007f22ca0d4000]
 total_blobs=2644 nmethods=1793 adapters=336
 compilation: enabled

Compilation events (10 events):
Event: 2,268 Thread 0x00007f22e41fc800 1796       3       org.objectweb.asm.Type::getDescriptor (214 bytes)
Event: 2,271 Thread 0x00007f22e41fc800 nmethod 1796 0x00007f22ca46fb10 code [0x00007f22ca46fe40, 0x00007f22ca471658]
Event: 2,271 Thread 0x00007f22e41fc800 1789       3       org.objectweb.asm.ClassWriter::newUTF8 (70 bytes)
Event: 2,271 Thread 0x00007f22e41fc800 nmethod 1789 0x00007f22ca471d10 code [0x00007f22ca471f20, 0x00007f22ca472358]
Event: 2,271 Thread 0x00007f22e41fc800 1795       3       org.objectweb.asm.Frame::push (110 bytes)
Event: 2,272 Thread 0x00007f22e41fc800 nmethod 1795 0x00007f22ca472510 code [0x00007f22ca472700, 0x00007f22ca472c58]
Event: 2,272 Thread 0x00007f22e41fc800 1794       3       org.objectweb.asm.ByteVector::put12 (64 bytes)
Event: 2,272 Thread 0x00007f22e41fc800 nmethod 1794 0x00007f22ca472e10 code [0x00007f22ca472fe0, 0x00007f22ca473268]
Event: 2,272 Thread 0x00007f22e41fc800 1791       3       org.objectweb.asm.Item::<init> (66 bytes)
Event: 2,272 Thread 0x00007f22e41fc800 nmethod 1791 0x00007f22ca473410 code [0x00007f22ca4735c0, 0x00007f22ca4738d0]

GC Heap History (7 events):
Event: 0,725 GC heap before
{Heap before GC invocations=0 (full 0):
 garbage-first heap   total 258048K, used 26624K [0x0000000700000000, 0x00000007001007e0, 0x00000007c0000000)
  region size 1024K, 24 young (24576K), 0 survivors (0K)
 Metaspace       used 10284K, capacity 10568K, committed 10624K, reserved 1058816K
  class space    used 1065K, capacity 1133K, committed 1152K, reserved 1048576K
}
Event: 0,732 GC heap after
{Heap after GC invocations=1 (full 0):
 garbage-first heap   total 258048K, used 9039K [0x0000000700000000, 0x00000007001007e0, 0x00000007c0000000)
  region size 1024K, 3 young (3072K), 3 survivors (3072K)
 Metaspace       used 10284K, capacity 10568K, committed 10624K, reserved 1058816K
  class space    used 1065K, capacity 1133K, committed 1152K, reserved 1048576K
}
Event: 1,007 GC heap before
{Heap before GC invocations=1 (full 0):
 garbage-first heap   total 258048K, used 30543K [0x0000000700000000, 0x00000007001007e0, 0x00000007c0000000)
  region size 1024K, 23 young (23552K), 3 survivors (3072K)
 Metaspace       used 10652K, capacity 10944K, committed 11264K, reserved 1058816K
  class space    used 1110K, capacity 1173K, committed 1280K, reserved 1048576K
}
Event: 1,013 GC heap after
{Heap after GC invocations=2 (full 0):
 garbage-first heap   total 258048K, used 13295K [0x0000000700000000, 0x00000007001007e0, 0x00000007c0000000)
  region size 1024K, 3 young (3072K), 3 survivors (3072K)
 Metaspace       used 10652K, capacity 10944K, committed 11264K, reserved 1058816K
  class space    used 1110K, capacity 1173K, committed 1280K, reserved 1048576K
}
Event: 1,815 GC heap before
{Heap before GC invocations=2 (full 0):
 garbage-first heap   total 258048K, used 59375K [0x0000000700000000, 0x00000007001007e0, 0x00000007c0000000)
  region size 1024K, 48 young (49152K), 3 survivors (3072K)
 Metaspace       used 17832K, capacity 18478K, committed 18688K, reserved 1064960K
  class space    used 2168K, capacity 2288K, committed 2304K, reserved 1048576K
}
Event: 1,822 GC heap after
{Heap after GC invocations=3 (full 0):
 garbage-first heap   total 258048K, used 19608K [0x0000000700000000, 0x00000007001007e0, 0x00000007c0000000)
  region size 1024K, 6 young (6144K), 6 survivors (6144K)
 Metaspace       used 17832K, capacity 18478K, committed 18688K, reserved 1064960K
  class space    used 2168K, capacity 2288K, committed 2304K, reserved 1048576K
}
Event: 2,273 GC heap before
{Heap before GC invocations=3 (full 0):
 garbage-first heap   total 258048K, used 44184K [0x0000000700000000, 0x00000007001007e0, 0x00000007c0000000)
  region size 1024K, 31 young (31744K), 6 survivors (6144K)
 Metaspace       used 20591K, capacity 21166K, committed 21248K, reserved 1067008K
  class space    used 2599K, capacity 2736K, committed 2816K, reserved 1048576K
}

Deoptimization events (10 events):
Event: 1,121 Thread 0x00007f22e4013000 Uncommon trap: reason=unstable_if action=reinterpret pc=0x00007f22d16550d0 method=java.lang.StringLatin1.canEncode(I)Z @ 4 c2
Event: 1,125 Thread 0x00007f22e4013000 Uncommon trap: reason=unstable_if action=reinterpret pc=0x00007f22d1655ca0 method=java.lang.ThreadLocal$ThreadLocalMap.getEntry(Ljava/lang/ThreadLocal;)Ljava/lang/ThreadLocal$ThreadLocalMap$Entry; @ 21 c2
Event: 1,389 Thread 0x00007f22e4013000 Uncommon trap: reason=unstable_if action=reinterpret pc=0x00007f22d1619a20 method=java.lang.String.equals(Ljava/lang/Object;)Z @ 27 c2
Event: 1,500 Thread 0x00007f2224004000 Uncommon trap: reason=unstable_if action=reinterpret pc=0x00007f22d1674994 method=java.util.concurrent.ConcurrentHashMap.putVal(Ljava/lang/Object;Ljava/lang/Object;Z)Ljava/lang/Object; @ 231 c2
Event: 1,772 Thread 0x00007f2224009800 Uncommon trap: reason=class_check action=maybe_recompile pc=0x00007f22d16562c4 method=java.util.regex.Matcher.match(II)Z @ 121 c2
Event: 1,772 Thread 0x00007f2224009800 Uncommon trap: reason=class_check action=maybe_recompile pc=0x00007f22d16562c4 method=java.util.regex.Matcher.match(II)Z @ 121 c2
Event: 1,837 Thread 0x00007f2224009800 Uncommon trap: reason=class_check action=maybe_recompile pc=0x00007f22d16562c4 method=java.util.regex.Matcher.match(II)Z @ 121 c2
Event: 1,902 Thread 0x00007f2224009800 Uncommon trap: reason=unstable_if action=reinterpret pc=0x00007f22d167d548 method=java.lang.StringBuilder.toString()Ljava/lang/String; @ 4 c2
Event: 2,021 Thread 0x00007f2224009800 Uncommon trap: reason=unstable_if action=reinterpret pc=0x00007f22d165b388 method=java.io.UnixFileSystem.resolve(Ljava/lang/String;Ljava/lang/String;)Ljava/lang/String; @ 57 c2
Event: 2,021 Thread 0x00007f2224009800 Uncommon trap: reason=unstable_if action=reinterpret pc=0x00007f22d165d564 method=java.io.File.getName()Ljava/lang/String; @ 16 c2

Classes redefined (0 events):
No events

Internal exceptions (10 events):
Event: 1,536 Thread 0x00007f2224004000 Exception <a 'java/lang/NoSuchMethodError'{0x000000070e48f110}: <clinit>> (0x000000070e48f110) thrown at [/scratch/opt/mach5/mesos/work_dir/slaves/5af44a71-976a-41b7-81de-5773b84ec572-S39643/frameworks/1735e8a2-a1db-478c-8104-60c8b0af87dd-0196/executors/a
Event: 1,539 Thread 0x00007f2224004000 Exception <a 'java/lang/NoSuchMethodError'{0x000000070e4acd50}: <clinit>> (0x000000070e4acd50) thrown at [/scratch/opt/mach5/mesos/work_dir/slaves/5af44a71-976a-41b7-81de-5773b84ec572-S39643/frameworks/1735e8a2-a1db-478c-8104-60c8b0af87dd-0196/executors/a
Event: 1,557 Thread 0x00007f2224009800 Exception <a 'java/lang/NoSuchMethodError'{0x000000070e30aac0}: <clinit>> (0x000000070e30aac0) thrown at [/scratch/opt/mach5/mesos/work_dir/slaves/5af44a71-976a-41b7-81de-5773b84ec572-S39643/frameworks/1735e8a2-a1db-478c-8104-60c8b0af87dd-0196/executors/a
Event: 1,559 Thread 0x00007f2224009800 Exception <a 'java/lang/NoSuchMethodError'{0x000000070e314178}: <clinit>> (0x000000070e314178) thrown at [/scratch/opt/mach5/mesos/work_dir/slaves/5af44a71-976a-41b7-81de-5773b84ec572-S39643/frameworks/1735e8a2-a1db-478c-8104-60c8b0af87dd-0196/executors/a
Event: 1,582 Thread 0x00007f2224009800 Exception <a 'java/lang/NoSuchMethodError'{0x000000070e250548}: method resolution failed> (0x000000070e250548) thrown at [/scratch/opt/mach5/mesos/work_dir/slaves/5af44a71-976a-41b7-81de-5773b84ec572-S39643/frameworks/1735e8a2-a1db-478c-8104-60c8b0af87dd-
Event: 1,583 Thread 0x00007f2224009800 Exception <a 'java/lang/NoSuchMethodError'{0x000000070e25efc0}: method resolution failed> (0x000000070e25efc0) thrown at [/scratch/opt/mach5/mesos/work_dir/slaves/5af44a71-976a-41b7-81de-5773b84ec572-S39643/frameworks/1735e8a2-a1db-478c-8104-60c8b0af87dd-
Event: 1,584 Thread 0x00007f2224009800 Exception <a 'java/lang/NoSuchMethodError'{0x000000070e2628c0}: java.lang.invoke.DelegatingMethodHandle$Holder.reinvoke_L(Ljava/lang/Object;Ljava/lang/Object;Ljava/lang/Object;Ljava/lang/Object;)V> (0x000000070e2628c0) thrown at [/scratch/opt/mach5/mesos/
Event: 1,584 Thread 0x00007f2224009800 Exception <a 'java/lang/NoSuchMethodError'{0x000000070e268e98}: java.lang.invoke.Invokers$Holder.invoker(Ljava/lang/Object;Ljava/lang/Object;Ljava/lang/Object;Ljava/lang/Object;)Ljava/lang/Object;> (0x000000070e268e98) thrown at [/scratch/opt/mach5/mesos/
Event: 1,752 Thread 0x00007f2224009800 Exception <a 'java/lang/NoSuchMethodError'{0x000000070cf3de70}: java.lang.invoke.DirectMethodHandle$Holder.invokeVirtual(Ljava/lang/Object;Ljava/lang/Object;Ljava/lang/Object;Ljava/lang/Object;)Ljava/lang/Object;> (0x000000070cf3de70) thrown at [/scratch/
Event: 1,753 Thread 0x00007f2224009800 Exception <a 'java/lang/NoSuchMethodError'{0x000000070cf41958}: java.lang.invoke.DirectMethodHandle$Holder.invokeVirtual(Ljava/lang/Object;Ljava/lang/Object;Ljava/lang/Object;)Ljava/lang/Object;> (0x000000070cf41958) thrown at [/scratch/opt/mach5/mesos/wo

Events (10 events):
Event: 2,270 loading class org/gradle/caching/internal/tasks/BuildCacheTaskServices
Event: 2,270 loading class org/gradle/caching/internal/tasks/BuildCacheTaskServices done
Event: 2,271 loading class org/gradle/caching/internal/tasks/TaskOutputPacker
Event: 2,271 loading class org/gradle/caching/internal/tasks/TaskOutputPacker done
Event: 2,272 loading class org/gradle/util/GUtil$1
Event: 2,272 loading class org/gradle/util/GUtil$1 done
Event: 2,272 loading class com/google/common/base/Strings
Event: 2,272 loading class com/google/common/base/Strings done
Event: 2,273 loading class java/lang/ArrayIndexOutOfBoundsException
Event: 2,273 Executing VM operation: CollectForMetadataAllocation


Dynamic libraries:
00400000-00401000 r-xp 00000000 08:01 5122190                            /usr/lib/jvm/java-9-oracle/bin/java
00600000-00601000 rw-p 00000000 08:01 5122190                            /usr/lib/jvm/java-9-oracle/bin/java
015e9000-0160a000 rw-p 00000000 00:00 0                                  [heap]
700000000-70fc00000 rw-p 00000000 00:00 0 
72f400000-7c0000000 ---p 00000000 00:00 0 
7c0000000-7c02c0000 rw-p 00000000 00:00 0 
7c02c0000-800000000 ---p 00000000 00:00 0 
7f2204000000-7f2204021000 rw-p 00000000 00:00 0 
7f2204021000-7f2208000000 ---p 00000000 00:00 0 
7f220c000000-7f220c021000 rw-p 00000000 00:00 0 
7f220c021000-7f2210000000 ---p 00000000 00:00 0 
7f2210000000-7f2210021000 rw-p 00000000 00:00 0 
7f2210021000-7f2214000000 ---p 00000000 00:00 0 
7f2214000000-7f2214021000 rw-p 00000000 00:00 0 
7f2214021000-7f2218000000 ---p 00000000 00:00 0 
7f2218000000-7f2218021000 rw-p 00000000 00:00 0 
7f2218021000-7f221c000000 ---p 00000000 00:00 0 
7f221c000000-7f221c021000 rw-p 00000000 00:00 0 
7f221c021000-7f2220000000 ---p 00000000 00:00 0 
7f2220000000-7f22202a1000 rw-p 00000000 00:00 0 
7f22202a1000-7f2224000000 ---p 00000000 00:00 0 
7f2224000000-7f2224021000 rw-p 00000000 00:00 0 
7f2224021000-7f2228000000 ---p 00000000 00:00 0 
7f2228000000-7f2228025000 rw-p 00000000 00:00 0 
7f2228025000-7f222c000000 ---p 00000000 00:00 0 
7f222c000000-7f222c07a000 rw-p 00000000 00:00 0 
7f222c07a000-7f2230000000 ---p 00000000 00:00 0 
7f2230000000-7f2230021000 rw-p 00000000 00:00 0 
7f2230021000-7f2234000000 ---p 00000000 00:00 0 
7f2234000000-7f2234021000 rw-p 00000000 00:00 0 
7f2234021000-7f2238000000 ---p 00000000 00:00 0 
7f2238000000-7f2238021000 rw-p 00000000 00:00 0 
7f2238021000-7f223c000000 ---p 00000000 00:00 0 
7f223ecf0000-7f223ecf4000 ---p 00000000 00:00 0 
7f223ecf4000-7f223edf1000 rw-p 00000000 00:00 0 
7f223edf1000-7f223edf5000 ---p 00000000 00:00 0 
7f223edf5000-7f223eef2000 rw-p 00000000 00:00 0 
7f223eef2000-7f223eef6000 ---p 00000000 00:00 0 
7f223eef6000-7f223f1f3000 rw-p 00000000 00:00 0 
7f223f1f3000-7f223f1f7000 ---p 00000000 00:00 0 
7f223f1f7000-7f223f2f4000 rw-p 00000000 00:00 0 
7f223f2f4000-7f223f2f8000 ---p 00000000 00:00 0 
7f223f2f8000-7f223f3f5000 rw-p 00000000 00:00 0 
7f223f3f5000-7f223f3f9000 ---p 00000000 00:00 0 
7f223f3f9000-7f223f4f6000 rw-p 00000000 00:00 0 
7f223f4f6000-7f223f4fa000 ---p 00000000 00:00 0 
7f223f4fa000-7f223f7f7000 rw-p 00000000 00:00 0 
7f223f7f7000-7f223f7fb000 ---p 00000000 00:00 0 
7f223f7fb000-7f223f8f8000 rw-p 00000000 00:00 0 
7f223f8f8000-7f223f8fc000 ---p 00000000 00:00 0 
7f223f8fc000-7f223f9f9000 rw-p 00000000 00:00 0 
7f223f9f9000-7f223f9fd000 ---p 00000000 00:00 0 
7f223f9fd000-7f223fafa000 rw-p 00000000 00:00 0 
7f223fafa000-7f223fafe000 ---p 00000000 00:00 0 
7f223fafe000-7f223fdfb000 rw-p 00000000 00:00 0 
7f223fdfb000-7f223fe00000 r-xp 00000000 08:01 5126963                    /usr/lib/jvm/java-9-oracle/lib/libmanagement_ext.so
7f223fe00000-7f223ffff000 ---p 00005000 08:01 5126963                    /usr/lib/jvm/java-9-oracle/lib/libmanagement_ext.so
7f223ffff000-7f2240000000 rw-p 00004000 08:01 5126963                    /usr/lib/jvm/java-9-oracle/lib/libmanagement_ext.so
7f2240000000-7f2240021000 rw-p 00000000 00:00 0 
7f2240021000-7f2244000000 ---p 00000000 00:00 0 
7f2244000000-7f2244021000 rw-p 00000000 00:00 0 
7f2244021000-7f2248000000 ---p 00000000 00:00 0 
7f2248000000-7f2248392000 rw-p 00000000 00:00 0 
7f2248392000-7f224c000000 ---p 00000000 00:00 0 
7f224c000000-7f224c021000 rw-p 00000000 00:00 0 
7f224c021000-7f2250000000 ---p 00000000 00:00 0 
7f2250000000-7f2250420000 rw-p 00000000 00:00 0 
7f2250420000-7f2254000000 ---p 00000000 00:00 0 
7f2254000000-7f2254413000 rw-p 00000000 00:00 0 
7f2254413000-7f2258000000 ---p 00000000 00:00 0 
7f2258000000-7f2258021000 rw-p 00000000 00:00 0 
7f2258021000-7f225c000000 ---p 00000000 00:00 0 
7f225c000000-7f225cc59000 rw-p 00000000 00:00 0 
7f225cc59000-7f2260000000 ---p 00000000 00:00 0 
7f2260000000-7f2260021000 rw-p 00000000 00:00 0 
7f2260021000-7f2264000000 ---p 00000000 00:00 0 
7f2264000000-7f2264021000 rw-p 00000000 00:00 0 
7f2264021000-7f2268000000 ---p 00000000 00:00 0 
7f2268000000-7f226833a000 rw-p 00000000 00:00 0 
7f226833a000-7f226c000000 ---p 00000000 00:00 0 
7f226c0cb000-7f226c0cf000 ---p 00000000 00:00 0 
7f226c0cf000-7f226c1cc000 rw-p 00000000 00:00 0 
7f226c1cc000-7f226c1d0000 r-xp 00000000 08:01 5126965                    /usr/lib/jvm/java-9-oracle/lib/libmanagement.so
7f226c1d0000-7f226c3cf000 ---p 00004000 08:01 5126965                    /usr/lib/jvm/java-9-oracle/lib/libmanagement.so
7f226c3cf000-7f226c3d0000 rw-p 00003000 08:01 5126965                    /usr/lib/jvm/java-9-oracle/lib/libmanagement.so
7f226c3d0000-7f226c5d0000 rw-p 00000000 00:00 0 
7f226c5d0000-7f226c7d0000 rw-p 00000000 00:00 0 
7f226c7d0000-7f226c7e6000 r-xp 00000000 08:01 4726873                    /lib/x86_64-linux-gnu/libgcc_s.so.1
7f226c7e6000-7f226c9e5000 ---p 00016000 08:01 4726873                    /lib/x86_64-linux-gnu/libgcc_s.so.1
7f226c9e5000-7f226c9e6000 r--p 00015000 08:01 4726873                    /lib/x86_64-linux-gnu/libgcc_s.so.1
7f226c9e6000-7f226c9e7000 rw-p 00016000 08:01 4726873                    /lib/x86_64-linux-gnu/libgcc_s.so.1
7f226c9e7000-7f226cb5f000 r-xp 00000000 08:01 4983227                    /usr/lib/x86_64-linux-gnu/libstdc++.so.6.0.24
7f226cb5f000-7f226cd5e000 ---p 00178000 08:01 4983227                    /usr/lib/x86_64-linux-gnu/libstdc++.so.6.0.24
7f226cd5e000-7f226cd68000 r--p 00177000 08:01 4983227                    /usr/lib/x86_64-linux-gnu/libstdc++.so.6.0.24
7f226cd68000-7f226cd6a000 rw-p 00181000 08:01 4983227                    /usr/lib/x86_64-linux-gnu/libstdc++.so.6.0.24
7f226cd6a000-7f226cd6d000 rw-p 00000000 00:00 0 
7f226cd6d000-7f226cd72000 r-xp 00000000 08:01 6574667                    /home/user/.gradle/native/25/linux-amd64/libnative-platform.so
7f226cd72000-7f226cf71000 ---p 00005000 08:01 6574667                    /home/user/.gradle/native/25/linux-amd64/libnative-platform.so
7f226cf71000-7f226cf72000 rw-p 00004000 08:01 6574667                    /home/user/.gradle/native/25/linux-amd64/libnative-platform.so
7f226cf72000-7f226cf73000 ---p 00000000 00:00 0 
7f226cf73000-7f226d073000 rw-p 00000000 00:00 0 
7f226d073000-7f226d077000 ---p 00000000 00:00 0 
7f226d077000-7f226d174000 rw-p 00000000 00:00 0 
7f226d174000-7f226d178000 ---p 00000000 00:00 0 
7f226d178000-7f226d275000 rw-p 00000000 00:00 0 
7f226d275000-7f226d28b000 r-xp 00000000 08:01 5126923                    /usr/lib/jvm/java-9-oracle/lib/libnet.so
7f226d28b000-7f226d48b000 ---p 00016000 08:01 5126923                    /usr/lib/jvm/java-9-oracle/lib/libnet.so
7f226d48b000-7f226d48c000 rw-p 00016000 08:01 5126923                    /usr/lib/jvm/java-9-oracle/lib/libnet.so
7f226d48c000-7f226d49c000 r-xp 00000000 08:01 5126970                    /usr/lib/jvm/java-9-oracle/lib/libnio.so
7f226d49c000-7f226d69c000 ---p 00010000 08:01 5126970                    /usr/lib/jvm/java-9-oracle/lib/libnio.so
7f226d69c000-7f226d69d000 rw-p 00010000 08:01 5126970                    /usr/lib/jvm/java-9-oracle/lib/libnio.so
7f226d69d000-7f226d6a1000 ---p 00000000 00:00 0 
7f226d6a1000-7f226d79e000 rw-p 00000000 00:00 0 
7f226d79e000-7f226d7a2000 ---p 00000000 00:00 0 
7f226d7a2000-7f226d89f000 rw-p 00000000 00:00 0 
7f226d89f000-7f226d8a3000 ---p 00000000 00:00 0 
7f226d8a3000-7f226d9a0000 rw-p 00000000 00:00 0 
7f226d9a0000-7f226d9a4000 ---p 00000000 00:00 0 
7f226d9a4000-7f226daa1000 rw-p 00000000 00:00 0 
7f226daa1000-7f226daa5000 ---p 00000000 00:00 0 
7f226daa5000-7f226dba2000 rw-p 00000000 00:00 0 
7f226dba2000-7f226e000000 r--p 00000000 08:01 4982340                    /usr/lib/locale/locale-archive
7f226e000000-7f2270000000 rwxp 00000000 00:00 0 
7f2270000000-7f2270021000 rw-p 00000000 00:00 0 
7f2270021000-7f2274000000 ---p 00000000 00:00 0 
7f2274000000-7f2274021000 rw-p 00000000 00:00 0 
7f2274021000-7f2278000000 ---p 00000000 00:00 0 
7f2278000000-7f2278021000 rw-p 00000000 00:00 0 
7f2278021000-7f227c000000 ---p 00000000 00:00 0 
7f227c07f000-7f227c083000 ---p 00000000 00:00 0 
7f227c083000-7f227c180000 rw-p 00000000 00:00 0 
7f227c180000-7f227c184000 ---p 00000000 00:00 0 
7f227c184000-7f227c281000 rw-p 00000000 00:00 0 
7f227c281000-7f227c285000 ---p 00000000 00:00 0 
7f227c285000-7f227c382000 rw-p 00000000 00:00 0 
7f227c382000-7f227c383000 ---p 00000000 00:00 0 
7f227c383000-7f227ccf9000 rw-p 00000000 00:00 0 
7f227ccf9000-7f227d7f0000 rw-p 00000000 00:00 0 
7f227d7f0000-7f2280400000 ---p 00000000 00:00 0 
7f2280400000-7f22807f0000 rw-p 00000000 00:00 0 
7f22807f0000-7f2283400000 ---p 00000000 00:00 0 
7f2283400000-7f228347e000 rw-p 00000000 00:00 0 
7f228347e000-7f2283a00000 ---p 00000000 00:00 0 
7f2283a00000-7f2283a7e000 rw-p 00000000 00:00 0 
7f2283a7e000-7f2284000000 ---p 00000000 00:00 0 
7f2284000000-7f2284021000 rw-p 00000000 00:00 0 
7f2284021000-7f2288000000 ---p 00000000 00:00 0 
7f2288000000-7f2288021000 rw-p 00000000 00:00 0 
7f2288021000-7f228c000000 ---p 00000000 00:00 0 
7f228c000000-7f228c021000 rw-p 00000000 00:00 0 
7f228c021000-7f2290000000 ---p 00000000 00:00 0 
7f2290000000-7f2290021000 rw-p 00000000 00:00 0 
7f2290021000-7f2294000000 ---p 00000000 00:00 0 
7f2294000000-7f2294021000 rw-p 00000000 00:00 0 
7f2294021000-7f2298000000 ---p 00000000 00:00 0 
7f2298000000-7f2298021000 rw-p 00000000 00:00 0 
7f2298021000-7f229c000000 ---p 00000000 00:00 0 
7f229c000000-7f229c021000 rw-p 00000000 00:00 0 
7f229c021000-7f22a0000000 ---p 00000000 00:00 0 
7f22a0000000-7f22a0021000 rw-p 00000000 00:00 0 
7f22a0021000-7f22a4000000 ---p 00000000 00:00 0 
7f22a4000000-7f22a4021000 rw-p 00000000 00:00 0 
7f22a4021000-7f22a8000000 ---p 00000000 00:00 0 
7f22a8000000-7f22a8021000 rw-p 00000000 00:00 0 
7f22a8021000-7f22ac000000 ---p 00000000 00:00 0 
7f22ac000000-7f22ac021000 rw-p 00000000 00:00 0 
7f22ac021000-7f22b0000000 ---p 00000000 00:00 0 
7f22b0000000-7f22b0021000 rw-p 00000000 00:00 0 
7f22b0021000-7f22b4000000 ---p 00000000 00:00 0 
7f22b4000000-7f22b4021000 rw-p 00000000 00:00 0 
7f22b4021000-7f22b8000000 ---p 00000000 00:00 0 
7f22b8000000-7f22b8021000 rw-p 00000000 00:00 0 
7f22b8021000-7f22bc000000 ---p 00000000 00:00 0 
7f22bc000000-7f22bc021000 rw-p 00000000 00:00 0 
7f22bc021000-7f22c0000000 ---p 00000000 00:00 0 
7f22c0000000-7f22c0021000 rw-p 00000000 00:00 0 
7f22c0021000-7f22c4000000 ---p 00000000 00:00 0 
7f22c4000000-7f22c4021000 rw-p 00000000 00:00 0 
7f22c4021000-7f22c8000000 ---p 00000000 00:00 0 
7f22c8075000-7f22c8176000 rw-p 00000000 00:00 0 
7f22c8176000-7f22c8177000 ---p 00000000 00:00 0 
7f22c8177000-7f22c8277000 rw-p 00000000 00:00 0 
7f22c8277000-7f22c8278000 ---p 00000000 00:00 0 
7f22c8278000-7f22c8378000 rw-p 00000000 00:00 0 
7f22c8378000-7f22c8379000 ---p 00000000 00:00 0 
7f22c8379000-7f22c8539000 rw-p 00000000 00:00 0 
7f22c8539000-7f22c8b39000 ---p 00000000 00:00 0 
7f22c8b39000-7f22c8bb7000 rw-p 00000000 00:00 0 
7f22c8bb7000-7f22c9139000 ---p 00000000 00:00 0 
7f22c9139000-7f22c913a000 ---p 00000000 00:00 0 
7f22c913a000-7f22c923a000 rw-p 00000000 00:00 0 
7f22c923a000-7f22c923b000 ---p 00000000 00:00 0 
7f22c923b000-7f22c933b000 rw-p 00000000 00:00 0 
7f22c933b000-7f22c933c000 ---p 00000000 00:00 0 
7f22c933c000-7f22c943c000 rw-p 00000000 00:00 0 
7f22c943c000-7f22c943d000 ---p 00000000 00:00 0 
7f22c943d000-7f22c953d000 rw-p 00000000 00:00 0 
7f22c953d000-7f22c953e000 ---p 00000000 00:00 0 
7f22c953e000-7f22c963e000 rw-p 00000000 00:00 0 
7f22c963e000-7f22c963f000 ---p 00000000 00:00 0 
7f22c963f000-7f22c973f000 rw-p 00000000 00:00 0 
7f22c973f000-7f22c9740000 ---p 00000000 00:00 0 
7f22c9740000-7f22c9840000 rw-p 00000000 00:00 0 
7f22c9840000-7f22c9841000 ---p 00000000 00:00 0 
7f22c9841000-7f22c9941000 rw-p 00000000 00:00 0 
7f22c9941000-7f22c9942000 ---p 00000000 00:00 0 
7f22c9942000-7f22c9b43000 rw-p 00000000 00:00 0 
7f22c9b43000-7f22c9db3000 rwxp 00000000 00:00 0 
7f22c9db3000-7f22ca0d4000 ---p 00000000 00:00 0 
7f22ca0d4000-7f22ca474000 rwxp 00000000 00:00 0 
7f22ca474000-7f22d160b000 ---p 00000000 00:00 0 
7f22d160b000-7f22d187b000 rwxp 00000000 00:00 0 
7f22d187b000-7f22d8b43000 ---p 00000000 00:00 0 
7f22d8b43000-7f22e4000000 r--s 00000000 08:01 5126951                    /usr/lib/jvm/java-9-oracle/lib/modules
7f22e4000000-7f22e4ff7000 rw-p 00000000 00:00 0 
7f22e4ff7000-7f22e8000000 ---p 00000000 00:00 0 
7f22e802b000-7f22e878d000 rw-p 00000000 00:00 0 
7f22e878d000-7f22e878e000 ---p 00000000 00:00 0 
7f22e878e000-7f22e888e000 rw-p 00000000 00:00 0 
7f22e888e000-7f22e888f000 ---p 00000000 00:00 0 
7f22e888f000-7f22e898f000 rw-p 00000000 00:00 0 
7f22e898f000-7f22e8990000 ---p 00000000 00:00 0 
7f22e8990000-7f22e8a90000 rw-p 00000000 00:00 0 
7f22e8a90000-7f22e8a91000 ---p 00000000 00:00 0 
7f22e8a91000-7f22e8b91000 rw-p 00000000 00:00 0 
7f22e8b91000-7f22e8b92000 ---p 00000000 00:00 0 
7f22e8b92000-7f22e8c92000 rw-p 00000000 00:00 0 
7f22e8c92000-7f22e8c93000 ---p 00000000 00:00 0 
7f22e8c93000-7f22e8d93000 rw-p 00000000 00:00 0 
7f22e8d93000-7f22e8d94000 ---p 00000000 00:00 0 
7f22e8d94000-7f22e8e94000 rw-p 00000000 00:00 0 
7f22e8e94000-7f22e8e95000 ---p 00000000 00:00 0 
7f22e8e95000-7f22e8f9a000 rw-p 00000000 00:00 0 
7f22e8f9a000-7f22e9080000 ---p 00000000 00:00 0 
7f22e9080000-7f22e9088000 rw-p 00000000 00:00 0 
7f22e9088000-7f22e916b000 ---p 00000000 00:00 0 
7f22e916b000-7f22e9185000 r-xp 00000000 08:01 5122232                    /usr/lib/jvm/java-9-oracle/lib/libjimage.so
7f22e9185000-7f22e9384000 ---p 0001a000 08:01 5122232                    /usr/lib/jvm/java-9-oracle/lib/libjimage.so
7f22e9384000-7f22e9386000 rw-p 00019000 08:01 5122232                    /usr/lib/jvm/java-9-oracle/lib/libjimage.so
7f22e9386000-7f22e9398000 rw-p 00000000 00:00 0 
7f22e9398000-7f22e939f000 r-xp 00000000 08:01 5126978                    /usr/lib/jvm/java-9-oracle/lib/libzip.so
7f22e939f000-7f22e959e000 ---p 00007000 08:01 5126978                    /usr/lib/jvm/java-9-oracle/lib/libzip.so
7f22e959e000-7f22e959f000 rw-p 00006000 08:01 5126978                    /usr/lib/jvm/java-9-oracle/lib/libzip.so
7f22e959f000-7f22e95aa000 r-xp 00000000 08:01 4727602                    /lib/x86_64-linux-gnu/libnss_files-2.26.so
7f22e95aa000-7f22e97a9000 ---p 0000b000 08:01 4727602                    /lib/x86_64-linux-gnu/libnss_files-2.26.so
7f22e97a9000-7f22e97aa000 r--p 0000a000 08:01 4727602                    /lib/x86_64-linux-gnu/libnss_files-2.26.so
7f22e97aa000-7f22e97ab000 rw-p 0000b000 08:01 4727602                    /lib/x86_64-linux-gnu/libnss_files-2.26.so
7f22e97ab000-7f22e97b1000 rw-p 00000000 00:00 0 
7f22e97b1000-7f22e97bc000 r-xp 00000000 08:01 4727604                    /lib/x86_64-linux-gnu/libnss_nis-2.26.so
7f22e97bc000-7f22e99bb000 ---p 0000b000 08:01 4727604                    /lib/x86_64-linux-gnu/libnss_nis-2.26.so
7f22e99bb000-7f22e99bc000 r--p 0000a000 08:01 4727604                    /lib/x86_64-linux-gnu/libnss_nis-2.26.so
7f22e99bc000-7f22e99bd000 rw-p 0000b000 08:01 4727604                    /lib/x86_64-linux-gnu/libnss_nis-2.26.so
7f22e99bd000-7f22e99d4000 r-xp 00000000 08:01 4727599                    /lib/x86_64-linux-gnu/libnsl-2.26.so
7f22e99d4000-7f22e9bd3000 ---p 00017000 08:01 4727599                    /lib/x86_64-linux-gnu/libnsl-2.26.so
7f22e9bd3000-7f22e9bd4000 r--p 00016000 08:01 4727599                    /lib/x86_64-linux-gnu/libnsl-2.26.so
7f22e9bd4000-7f22e9bd5000 rw-p 00017000 08:01 4727599                    /lib/x86_64-linux-gnu/libnsl-2.26.so
7f22e9bd5000-7f22e9bd7000 rw-p 00000000 00:00 0 
7f22e9bd7000-7f22e9bdf000 r-xp 00000000 08:01 4727600                    /lib/x86_64-linux-gnu/libnss_compat-2.26.so
7f22e9bdf000-7f22e9dde000 ---p 00008000 08:01 4727600                    /lib/x86_64-linux-gnu/libnss_compat-2.26.so
7f22e9dde000-7f22e9ddf000 r--p 00007000 08:01 4727600                    /lib/x86_64-linux-gnu/libnss_compat-2.26.so
7f22e9ddf000-7f22e9de0000 rw-p 00008000 08:01 4727600                    /lib/x86_64-linux-gnu/libnss_compat-2.26.so
7f22e9de0000-7f22e9e0b000 r-xp 00000000 08:01 5126916                    /usr/lib/jvm/java-9-oracle/lib/libjava.so
7f22e9e0b000-7f22ea00a000 ---p 0002b000 08:01 5126916                    /usr/lib/jvm/java-9-oracle/lib/libjava.so
7f22ea00a000-7f22ea00c000 rw-p 0002a000 08:01 5126916                    /usr/lib/jvm/java-9-oracle/lib/libjava.so
7f22ea00c000-7f22ea019000 r-xp 00000000 08:01 5126935                    /usr/lib/jvm/java-9-oracle/lib/libverify.so
7f22ea019000-7f22ea218000 ---p 0000d000 08:01 5126935                    /usr/lib/jvm/java-9-oracle/lib/libverify.so
7f22ea218000-7f22ea21a000 rw-p 0000c000 08:01 5126935                    /usr/lib/jvm/java-9-oracle/lib/libverify.so
7f22ea21a000-7f22ea221000 r-xp 00000000 08:01 4727609                    /lib/x86_64-linux-gnu/librt-2.26.so
7f22ea221000-7f22ea420000 ---p 00007000 08:01 4727609                    /lib/x86_64-linux-gnu/librt-2.26.so
7f22ea420000-7f22ea421000 r--p 00006000 08:01 4727609                    /lib/x86_64-linux-gnu/librt-2.26.so
7f22ea421000-7f22ea422000 rw-p 00007000 08:01 4727609                    /lib/x86_64-linux-gnu/librt-2.26.so
7f22ea422000-7f22ea577000 r-xp 00000000 08:01 4727581                    /lib/x86_64-linux-gnu/libm-2.26.so
7f22ea577000-7f22ea776000 ---p 00155000 08:01 4727581                    /lib/x86_64-linux-gnu/libm-2.26.so
7f22ea776000-7f22ea777000 r--p 00154000 08:01 4727581                    /lib/x86_64-linux-gnu/libm-2.26.so
7f22ea777000-7f22ea778000 rw-p 00155000 08:01 4727581                    /lib/x86_64-linux-gnu/libm-2.26.so
7f22ea778000-7f22eb78d000 r-xp 00000000 08:01 5126983                    /usr/lib/jvm/java-9-oracle/lib/server/libjvm.so
7f22eb78d000-7f22eb98c000 ---p 01015000 08:01 5126983                    /usr/lib/jvm/java-9-oracle/lib/server/libjvm.so
7f22eb98c000-7f22eba5d000 r--p 01014000 08:01 5126983                    /usr/lib/jvm/java-9-oracle/lib/server/libjvm.so
7f22eba5d000-7f22eba94000 rw-p 010e5000 08:01 5126983                    /usr/lib/jvm/java-9-oracle/lib/server/libjvm.so
7f22eba94000-7f22ebafd000 rw-p 00000000 00:00 0 
7f22ebafd000-7f22ebcd3000 r-xp 00000000 08:01 4727471                    /lib/x86_64-linux-gnu/libc-2.26.so
7f22ebcd3000-7f22ebed3000 ---p 001d6000 08:01 4727471                    /lib/x86_64-linux-gnu/libc-2.26.so
7f22ebed3000-7f22ebed7000 r--p 001d6000 08:01 4727471                    /lib/x86_64-linux-gnu/libc-2.26.so
7f22ebed7000-7f22ebed9000 rw-p 001da000 08:01 4727471                    /lib/x86_64-linux-gnu/libc-2.26.so
7f22ebed9000-7f22ebedd000 rw-p 00000000 00:00 0 
7f22ebedd000-7f22ebee0000 r-xp 00000000 08:01 4727578                    /lib/x86_64-linux-gnu/libdl-2.26.so
7f22ebee0000-7f22ec0df000 ---p 00003000 08:01 4727578                    /lib/x86_64-linux-gnu/libdl-2.26.so
7f22ec0df000-7f22ec0e0000 r--p 00002000 08:01 4727578                    /lib/x86_64-linux-gnu/libdl-2.26.so
7f22ec0e0000-7f22ec0e1000 rw-p 00003000 08:01 4727578                    /lib/x86_64-linux-gnu/libdl-2.26.so
7f22ec0e1000-7f22ec0ef000 r-xp 00000000 08:01 5249412                    /usr/lib/jvm/java-9-oracle/lib/jli/libjli.so
7f22ec0ef000-7f22ec2ef000 ---p 0000e000 08:01 5249412                    /usr/lib/jvm/java-9-oracle/lib/jli/libjli.so
7f22ec2ef000-7f22ec2f0000 rw-p 0000e000 08:01 5249412                    /usr/lib/jvm/java-9-oracle/lib/jli/libjli.so
7f22ec2f0000-7f22ec30a000 r-xp 00000000 08:01 4727607                    /lib/x86_64-linux-gnu/libpthread-2.26.so
7f22ec30a000-7f22ec509000 ---p 0001a000 08:01 4727607                    /lib/x86_64-linux-gnu/libpthread-2.26.so
7f22ec509000-7f22ec50a000 r--p 00019000 08:01 4727607                    /lib/x86_64-linux-gnu/libpthread-2.26.so
7f22ec50a000-7f22ec50b000 rw-p 0001a000 08:01 4727607                    /lib/x86_64-linux-gnu/libpthread-2.26.so
7f22ec50b000-7f22ec50f000 rw-p 00000000 00:00 0 
7f22ec50f000-7f22ec52b000 r-xp 00000000 08:01 4723444                    /lib/x86_64-linux-gnu/libz.so.1.2.11
7f22ec52b000-7f22ec72a000 ---p 0001c000 08:01 4723444                    /lib/x86_64-linux-gnu/libz.so.1.2.11
7f22ec72a000-7f22ec72b000 r--p 0001b000 08:01 4723444                    /lib/x86_64-linux-gnu/libz.so.1.2.11
7f22ec72b000-7f22ec72c000 rw-p 0001c000 08:01 4723444                    /lib/x86_64-linux-gnu/libz.so.1.2.11
7f22ec72c000-7f22ec753000 r-xp 00000000 08:01 4727448                    /lib/x86_64-linux-gnu/ld-2.26.so
7f22ec754000-7f22ec814000 rw-p 00000000 00:00 0 
7f22ec814000-7f22ec815000 ---p 00000000 00:00 0 
7f22ec815000-7f22ec819000 ---p 00000000 00:00 0 
7f22ec819000-7f22ec919000 rw-p 00000000 00:00 0 
7f22ec935000-7f22ec93c000 r--s 00000000 08:01 5252219                    /usr/lib/x86_64-linux-gnu/gconv/gconv-modules.cache
7f22ec93c000-7f22ec942000 rw-p 00000000 00:00 0 
7f22ec942000-7f22ec949000 ---p 00000000 00:00 0 
7f22ec949000-7f22ec951000 rw-s 00000000 08:01 2493090                    /tmp/hsperfdata_user/13236
7f22ec951000-7f22ec952000 rw-p 00000000 00:00 0 
7f22ec952000-7f22ec953000 ---p 00000000 00:00 0 
7f22ec953000-7f22ec954000 r--p 00027000 08:01 4727448                    /lib/x86_64-linux-gnu/ld-2.26.so
7f22ec954000-7f22ec955000 rw-p 00028000 08:01 4727448                    /lib/x86_64-linux-gnu/ld-2.26.so
7f22ec955000-7f22ec956000 rw-p 00000000 00:00 0 
7ffc677af000-7ffc677d0000 rw-p 00000000 00:00 0                          [stack]
7ffc677ef000-7ffc677f2000 r--p 00000000 00:00 0                          [vvar]
7ffc677f2000-7ffc677f4000 r-xp 00000000 00:00 0                          [vdso]
ffffffffff600000-ffffffffff601000 r-xp 00000000 00:00 0                  [vsyscall]

VM Arguments:
jvm_args: -Xmx3G -Dfile.encoding=UTF-8 -Duser.country=NO -Duser.language=nb -Duser.variant 
java_command: org.gradle.launcher.daemon.bootstrap.GradleDaemon 4.6
java_class_path (initial): /usr/lib/gradle/4.6/lib/gradle-launcher-4.6.jar
Launcher Type: SUN_STANDARD

Logging:
Log output configuration:
#0: stdout all=warning uptime,level,tags
#1: stderr all=off uptime,level,tags

Environment Variables:
JAVA_HOME=/usr/lib/jvm/java-9-oracle
PATH=/usr/local/sbin:/usr/local/bin:/usr/sbin:/usr/bin:/sbin:/bin:/usr/games:/usr/local/games:/snap/bin:/usr/lib/jvm/java-9-oracle/bin:/usr/lib/jvm/java-9-oracle/db/bin
USERNAME=user
SHELL=/bin/bash
DISPLAY=:1

Signal Handlers:
SIGSEGV: [libjvm.so+0xd4d370], sa_mask[0]=11111111011111111101111111111110, sa_flags=SA_RESTART|SA_SIGINFO
SIGBUS: [libjvm.so+0xd4d370], sa_mask[0]=11111111011111111101111111111110, sa_flags=SA_RESTART|SA_SIGINFO
SIGFPE: [libjvm.so+0xd4d370], sa_mask[0]=11111111011111111101111111111110, sa_flags=SA_RESTART|SA_SIGINFO
SIGPIPE: [libjvm.so+0xb64780], sa_mask[0]=11111111011111111101111111111110, sa_flags=SA_RESTART|SA_SIGINFO
SIGXFSZ: [libjvm.so+0xb64780], sa_mask[0]=11111111011111111101111111111110, sa_flags=SA_RESTART|SA_SIGINFO
SIGILL: [libjvm.so+0xd4d370], sa_mask[0]=11111111011111111101111111111110, sa_flags=SA_RESTART|SA_SIGINFO
SIGUSR2: [libjvm.so+0xb64640], sa_mask[0]=00100000000000000000000000000000, sa_flags=SA_RESTART|SA_SIGINFO
SIGHUP: [libjvm.so+0xb64850], sa_mask[0]=11111111011111111101111111111110, sa_flags=SA_RESTART|SA_SIGINFO
SIGINT: [libjvm.so+0xb64850], sa_mask[0]=11111111011111111101111111111110, sa_flags=SA_RESTART|SA_SIGINFO
SIGTERM: [libjvm.so+0xb64850], sa_mask[0]=11111111011111111101111111111110, sa_flags=SA_RESTART|SA_SIGINFO
SIGQUIT: [libjvm.so+0xb64850], sa_mask[0]=11111111011111111101111111111110, sa_flags=SA_RESTART|SA_SIGINFO


---------------  S Y S T E M  ---------------

OS:DISTRIB_ID=Ubuntu
DISTRIB_RELEASE=17.10
DISTRIB_CODENAME=artful
DISTRIB_DESCRIPTION="Ubuntu 17.10"
uname:Linux 4.13.0-38-generic #43-Ubuntu SMP Wed Mar 14 15:20:44 UTC 2018 x86_64
libc:glibc 2.26 NPTL 2.26 
rlimit: STACK 8192k, CORE 0k, NPROC 63910, NOFILE 1048576, AS infinity
load average:35,40 31,43 17,15

/proc/meminfo:
MemTotal:       16422548 kB
MemFree:          151652 kB
MemAvailable:      64700 kB
Buffers:            1636 kB
Cached:           339832 kB
SwapCached:         4136 kB
Active:         14011612 kB
Inactive:        1323916 kB
Active(anon):   13958396 kB
Inactive(anon):  1268148 kB
Active(file):      53216 kB
Inactive(file):    55768 kB
Unevictable:          32 kB
Mlocked:              32 kB
SwapTotal:       2097148 kB
SwapFree:             16 kB
Dirty:               920 kB
Writeback:             0 kB
AnonPages:      14991432 kB
Mapped:           301640 kB
Shmem:            233396 kB
Slab:             222772 kB
SReclaimable:      51784 kB
SUnreclaim:       170988 kB
KernelStack:       40096 kB
PageTables:       268708 kB
NFS_Unstable:          0 kB
Bounce:                0 kB
WritebackTmp:          0 kB
CommitLimit:    10308420 kB
Committed_AS:   48234112 kB
VmallocTotal:   34359738367 kB
VmallocUsed:           0 kB
VmallocChunk:          0 kB
HardwareCorrupted:     0 kB
AnonHugePages:         0 kB
ShmemHugePages:        0 kB
ShmemPmdMapped:        0 kB
CmaTotal:              0 kB
CmaFree:               0 kB
HugePages_Total:       0
HugePages_Free:        0
HugePages_Rsvd:        0
HugePages_Surp:        0
Hugepagesize:       2048 kB
DirectMap4k:      971200 kB
DirectMap2M:    15804416 kB


CPU:total 8 (initial active 8) (4 cores per cpu, 2 threads per core) family 6 model 30 stepping 5, cmov, cx8, fxsr, mmx, sse, sse2, sse3, ssse3, sse4.1, sse4.2, popcnt, ht, tsc, tscinvbit
CPU Model and flags from /proc/cpuinfo:
model name	: Intel(R) Core(TM) i7 CPU         860  @ 2.80GHz
flags		: fpu vme de pse tsc msr pae mce cx8 apic sep mtrr pge mca cmov pat pse36 clflush dts acpi mmx fxsr sse sse2 ss ht tm pbe syscall nx rdtscp lm constant_tsc arch_perfmon pebs bts rep_good nopl xtopology nonstop_tsc cpuid aperfmperf pni dtes64 monitor ds_cpl vmx smx est tm2 ssse3 cx16 xtpr pdcm sse4_1 sse4_2 popcnt lahf_lm pti retpoline tpr_shadow vnmi flexpriority ept vpid dtherm ida

Memory: 4k page, physical 16422548k(154048k free), swap 2097148k(16k free)

vm_info: Java HotSpot(TM) 64-Bit Server VM (9.0.4+11) for linux-amd64 JRE (9.0.4+11), built on Dec 19 2017 18:12:19 by "mach5one" with gcc 4.9.2

END.
