#
# There is insufficient memory for the Java Runtime Environment to continue.
# Native memory allocation (mmap) failed to map 189267968 bytes for committing reserved memory.
# Possible reasons:
#   The system is out of physical RAM or swap space
#   In 32 bit mode, the process size limit was hit
# Possible solutions:
#   Reduce memory load on the system
#   Increase physical memory or swap space
#   Check if swap backing store is full
#   Use 64 bit Java on a 64 bit OS
#   Decrease Java heap size (-Xmx/-Xms)
#   Decrease number of Java threads
#   Decrease Java thread stack sizes (-Xss)
#   Set larger code cache with -XX:ReservedCodeCacheSize=
# This output file may be truncated or incomplete.
#
#  Out of Memory Error (os_linux.cpp:2643), pid=13450, tid=0x00007f2c548d1700
#
# JRE version: OpenJDK Runtime Environment (8.0_162-b12) (build 1.8.0_162-8u162-b12-0ubuntu0.17.10.2-b12)
# Java VM: OpenJDK 64-Bit Server VM (25.162-b12 mixed mode linux-amd64 compressed oops)
# Failed to write core dump. Core dumps have been disabled. To enable core dumping, try "ulimit -c unlimited" before starting Java again
#

---------------  T H R E A D  ---------------

Current thread (0x00007f2c68081000):  VMThread [stack: 0x00007f2c547d1000,0x00007f2c548d2000] [id=13462]

Stack: [0x00007f2c547d1000,0x00007f2c548d2000],  sp=0x00007f2c548d0490,  free space=1021k
Native frames: (J=compiled Java code, j=interpreted, Vv=VM code, C=native code)
V  [libjvm.so+0xaaa652]
V  [libjvm.so+0x4d7b27]
V  [libjvm.so+0x8e5c30]
V  [libjvm.so+0x8e018e]
V  [libjvm.so+0x9609a6]
V  [libjvm.so+0x961d18]
V  [libjvm.so+0x95e316]
V  [libjvm.so+0x95e6ac]
V  [libjvm.so+0x90cee8]
V  [libjvm.so+0xaac312]
V  [libjvm.so+0xab0ef6]
V  [libjvm.so+0xaaf195]
V  [libjvm.so+0xaafb0d]
V  [libjvm.so+0xaafee7]
V  [libjvm.so+0x8e3082]

VM_Operation (0x00007f2c3f6cb0f0): ParallelGCFailedAllocation, mode: safepoint, requested by thread 0x00007f2bec00a800


---------------  P R O C E S S  ---------------

Java Threads: ( => current thread )
  0x00007f2be8336800 JavaThread "File lock request listener" [_thread_in_native, id=13487, stack(0x00007f2c3ec53000,0x00007f2c3ed54000)]
  0x00007f2be800b800 JavaThread "Asynchronous log dispatcher for org.gradle.launcher.daemon.server.DefaultDaemonConnection@335dd0d" [_thread_blocked, id=13485, stack(0x00007f2c3f4cf000,0x00007f2c3f5d0000)]
  0x00007f2bec00a800 JavaThread "Daemon worker" [_thread_blocked, id=13482, stack(0x00007f2c3f5d0000,0x00007f2c3f6d1000)]
  0x00007f2bec00e800 JavaThread "Cancel handler" [_thread_blocked, id=13481, stack(0x00007f2c3f6d1000,0x00007f2c3f7d2000)]
  0x00007f2bec004800 JavaThread "Handler for socket connection from /127.0.0.1:44829 to /127.0.0.1:32774" [_thread_in_native, id=13480, stack(0x00007f2c3f7d2000,0x00007f2c3f8d3000)]
  0x00007f2bf403e000 JavaThread "Daemon" [_thread_blocked, id=13479, stack(0x00007f2c3f8d3000,0x00007f2c3f9d4000)]
  0x00007f2c68c89000 JavaThread "pool-1-thread-1" [_thread_blocked, id=13478, stack(0x00007f2c3f9d4000,0x00007f2c3fad5000)]
  0x00007f2c68c51000 JavaThread "Incoming local TCP Connector on port 44829" [_thread_in_native, id=13474, stack(0x00007f2c3fcdc000,0x00007f2c3fddd000)]
  0x00007f2c680cd000 JavaThread "Service Thread" daemon [_thread_blocked, id=13472, stack(0x00007f2c47afb000,0x00007f2c47bfc000)]
  0x00007f2c680c0000 JavaThread "C1 CompilerThread3" daemon [_thread_blocked, id=13471, stack(0x00007f2c47bfc000,0x00007f2c47cfd000)]
  0x00007f2c680bb800 JavaThread "C2 CompilerThread2" daemon [_thread_blocked, id=13470, stack(0x00007f2c47cfd000,0x00007f2c47dfe000)]
  0x00007f2c680b9800 JavaThread "C2 CompilerThread1" daemon [_thread_blocked, id=13469, stack(0x00007f2c47dfe000,0x00007f2c47eff000)]
  0x00007f2c680b6800 JavaThread "C2 CompilerThread0" daemon [_thread_blocked, id=13468, stack(0x00007f2c47eff000,0x00007f2c48000000)]
  0x00007f2c680b4800 JavaThread "Signal Dispatcher" daemon [_thread_blocked, id=13467, stack(0x00007f2c54070000,0x00007f2c54171000)]
  0x00007f2c6808d000 JavaThread "Finalizer" daemon [_thread_blocked, id=13464, stack(0x00007f2c545cf000,0x00007f2c546d0000)]
  0x00007f2c68088800 JavaThread "Reference Handler" daemon [_thread_blocked, id=13463, stack(0x00007f2c546d0000,0x00007f2c547d1000)]
  0x00007f2c6800b800 JavaThread "main" [_thread_blocked, id=13453, stack(0x00007f2c6f17d000,0x00007f2c6f27e000)]

Other Threads:
=>0x00007f2c68081000 VMThread [stack: 0x00007f2c547d1000,0x00007f2c548d2000] [id=13462]
  0x00007f2c680cf800 WatcherThread [stack: 0x00007f2c479fa000,0x00007f2c47afb000] [id=13473]

VM state:at safepoint (normal execution)

VM Mutex/Monitor currently owned by a thread:  ([mutex/lock_event])
[0x00007f2c68007c80] Threads_lock - owner thread: 0x00007f2c68081000
[0x00007f2c68008180] Heap_lock - owner thread: 0x00007f2bec00a800

Heap:
 PSYoungGen      total 234496K, used 13800K [0x0000000780000000, 0x0000000790100000, 0x00000007c0000000)
  eden space 220672K, 0% used [0x0000000780000000,0x0000000780000000,0x000000078d780000)
  from space 13824K, 99% used [0x000000078d780000,0x000000078e4fa2e0,0x000000078e500000)
  to   space 14336K, 0% used [0x000000078e500000,0x000000078e500000,0x000000078f300000)
 ParOldGen       total 100352K, used 29752K [0x0000000700000000, 0x0000000706200000, 0x0000000780000000)
  object space 100352K, 29% used [0x0000000700000000,0x0000000701d0e0e8,0x0000000706200000)
 Metaspace       used 44814K, capacity 45910K, committed 46208K, reserved 1089536K
  class space    used 6104K, capacity 6498K, committed 6528K, reserved 1048576K

Card table byte_map: [0x00007f2c58018000,0x00007f2c58619000] byte_map_base: 0x00007f2c54818000

Marking Bits: (ParMarkBitMap*) 0x00007f2c6e449120
 Begin Bits: [0x00007f2c22000000, 0x00007f2c25000000)
 End Bits:   [0x00007f2c25000000, 0x00007f2c28000000)

Polling page: 0x00007f2c6f2b9000

CodeCache: size=245760Kb used=18976Kb max_used=18976Kb free=226783Kb
 bounds [0x00007f2c589d9000, 0x00007f2c59c79000, 0x00007f2c679d9000]
 total_blobs=6042 nmethods=5325 adapters=631
 compilation: enabled

Compilation events (10 events):
Event: 89,152 Thread 0x00007f2c680c0000 nmethod 5996 0x00007f2c59c71e90 code [0x00007f2c59c72000, 0x00007f2c59c721d0]
Event: 89,156 Thread 0x00007f2c680c0000 5997       3       org.gradle.api.internal.AbstractTask::assertDynamicObject (39 bytes)
Event: 89,157 Thread 0x00007f2c680c0000 nmethod 5997 0x00007f2c59c72290 code [0x00007f2c59c724a0, 0x00007f2c59c72f58]
Event: 89,162 Thread 0x00007f2c680c0000 5998       3       org.gradle.api.internal.AbstractTask::getAsDynamicObject (9 bytes)
Event: 89,163 Thread 0x00007f2c680c0000 nmethod 5998 0x00007f2c59c73490 code [0x00007f2c59c73600, 0x00007f2c59c737a8]
Event: 89,163 Thread 0x00007f2c680c0000 5999       3       groovy.lang.MetaClassImpl::getMethodWithCaching (65 bytes)
Event: 89,164 Thread 0x00007f2c680c0000 nmethod 5999 0x00007f2c59c73850 code [0x00007f2c59c73ac0, 0x00007f2c59c74b68]
Event: 89,164 Thread 0x00007f2c680c0000 6000       3       org.codehaus.groovy.runtime.InvokerHelper::setProperty (83 bytes)
Event: 89,165 Thread 0x00007f2c680c0000 nmethod 6000 0x00007f2c59c75210 code [0x00007f2c59c75520, 0x00007f2c59c76f68]
Event: 89,165 Thread 0x00007f2c680c0000 6001   !   3       groovy.lang.MetaClassImpl::invokeMethod (1093 bytes)

GC Heap History (10 events):
Event: 4,979 GC heap after
Heap after GC invocations=4 (full 1):
 PSYoungGen      total 75264K, used 0K [0x0000000780000000, 0x0000000789300000, 0x00000007c0000000)
  eden space 64512K, 0% used [0x0000000780000000,0x0000000780000000,0x0000000783f00000)
  from space 10752K, 0% used [0x0000000783f00000,0x0000000783f00000,0x0000000784980000)
  to   space 10752K, 0% used [0x0000000788880000,0x0000000788880000,0x0000000789300000)
 ParOldGen       total 80384K, used 7690K [0x0000000700000000, 0x0000000704e80000, 0x0000000780000000)
  object space 80384K, 9% used [0x0000000700000000,0x0000000700782830,0x0000000704e80000)
 Metaspace       used 20768K, capacity 21166K, committed 21296K, reserved 1067008K
  class space    used 2738K, capacity 2881K, committed 2944K, reserved 1048576K
}
Event: 62,892 GC heap before
{Heap before GC invocations=5 (full 1):
 PSYoungGen      total 75264K, used 64512K [0x0000000780000000, 0x0000000789300000, 0x00000007c0000000)
  eden space 64512K, 100% used [0x0000000780000000,0x0000000783f00000,0x0000000783f00000)
  from space 10752K, 0% used [0x0000000783f00000,0x0000000783f00000,0x0000000784980000)
  to   space 10752K, 0% used [0x0000000788880000,0x0000000788880000,0x0000000789300000)
 ParOldGen       total 80384K, used 7690K [0x0000000700000000, 0x0000000704e80000, 0x0000000780000000)
  object space 80384K, 9% used [0x0000000700000000,0x0000000700782830,0x0000000704e80000)
 Metaspace       used 25978K, capacity 26568K, committed 26752K, reserved 1073152K
  class space    used 3474K, capacity 3625K, committed 3712K, reserved 1048576K
Event: 62,905 GC heap after
Heap after GC invocations=5 (full 1):
 PSYoungGen      total 127488K, used 7121K [0x0000000780000000, 0x0000000788f80000, 0x00000007c0000000)
  eden space 120320K, 0% used [0x0000000780000000,0x0000000780000000,0x0000000787580000)
  from space 7168K, 99% used [0x0000000788880000,0x0000000788f74498,0x0000000788f80000)
  to   space 10752K, 0% used [0x0000000787a80000,0x0000000787a80000,0x0000000788500000)
 ParOldGen       total 80384K, used 7690K [0x0000000700000000, 0x0000000704e80000, 0x0000000780000000)
  object space 80384K, 9% used [0x0000000700000000,0x0000000700782830,0x0000000704e80000)
 Metaspace       used 25978K, capacity 26568K, committed 26752K, reserved 1073152K
  class space    used 3474K, capacity 3625K, committed 3712K, reserved 1048576K
}
Event: 66,126 GC heap before
{Heap before GC invocations=6 (full 1):
 PSYoungGen      total 127488K, used 97410K [0x0000000780000000, 0x0000000788f80000, 0x00000007c0000000)
  eden space 120320K, 75% used [0x0000000780000000,0x000000078582c670,0x0000000787580000)
  from space 7168K, 99% used [0x0000000788880000,0x0000000788f74498,0x0000000788f80000)
  to   space 10752K, 0% used [0x0000000787a80000,0x0000000787a80000,0x0000000788500000)
 ParOldGen       total 80384K, used 7690K [0x0000000700000000, 0x0000000704e80000, 0x0000000780000000)
  object space 80384K, 9% used [0x0000000700000000,0x0000000700782830,0x0000000704e80000)
 Metaspace       used 34530K, capacity 35380K, committed 35496K, reserved 1079296K
  class space    used 4600K, capacity 4861K, committed 4864K, reserved 1048576K
Event: 66,153 GC heap after
Heap after GC invocations=6 (full 1):
 PSYoungGen      total 136192K, used 10732K [0x0000000780000000, 0x000000078f300000, 0x00000007c0000000)
  eden space 125440K, 0% used [0x0000000780000000,0x0000000780000000,0x0000000787a80000)
  from space 10752K, 99% used [0x0000000787a80000,0x00000007884fb068,0x0000000788500000)
  to   space 14336K, 0% used [0x000000078e500000,0x000000078e500000,0x000000078f300000)
 ParOldGen       total 80384K, used 9729K [0x0000000700000000, 0x0000000704e80000, 0x0000000780000000)
  object space 80384K, 12% used [0x0000000700000000,0x0000000700980578,0x0000000704e80000)
 Metaspace       used 34530K, capacity 35380K, committed 35496K, reserved 1079296K
  class space    used 4600K, capacity 4861K, committed 4864K, reserved 1048576K
}
Event: 66,153 GC heap before
{Heap before GC invocations=7 (full 2):
 PSYoungGen      total 136192K, used 10732K [0x0000000780000000, 0x000000078f300000, 0x00000007c0000000)
  eden space 125440K, 0% used [0x0000000780000000,0x0000000780000000,0x0000000787a80000)
  from space 10752K, 99% used [0x0000000787a80000,0x00000007884fb068,0x0000000788500000)
  to   space 14336K, 0% used [0x000000078e500000,0x000000078e500000,0x000000078f300000)
 ParOldGen       total 80384K, used 9729K [0x0000000700000000, 0x0000000704e80000, 0x0000000780000000)
  object space 80384K, 12% used [0x0000000700000000,0x0000000700980578,0x0000000704e80000)
 Metaspace       used 34530K, capacity 35380K, committed 35496K, reserved 1079296K
  class space    used 4600K, capacity 4861K, committed 4864K, reserved 1048576K
Event: 66,215 GC heap after
Heap after GC invocations=7 (full 2):
 PSYoungGen      total 136192K, used 0K [0x0000000780000000, 0x000000078f300000, 0x00000007c0000000)
  eden space 125440K, 0% used [0x0000000780000000,0x0000000780000000,0x0000000787a80000)
  from space 10752K, 0% used [0x0000000787a80000,0x0000000787a80000,0x0000000788500000)
  to   space 14336K, 0% used [0x000000078e500000,0x000000078e500000,0x000000078f300000)
 ParOldGen       total 100352K, used 18956K [0x0000000700000000, 0x0000000706200000, 0x0000000780000000)
  object space 100352K, 18% used [0x0000000700000000,0x0000000701283330,0x0000000706200000)
 Metaspace       used 34530K, capacity 35380K, committed 35496K, reserved 1079296K
  class space    used 4600K, capacity 4861K, committed 4864K, reserved 1048576K
}
Event: 67,329 GC heap before
{Heap before GC invocations=8 (full 2):
 PSYoungGen      total 136192K, used 125440K [0x0000000780000000, 0x000000078f300000, 0x00000007c0000000)
  eden space 125440K, 100% used [0x0000000780000000,0x0000000787a80000,0x0000000787a80000)
  from space 10752K, 0% used [0x0000000787a80000,0x0000000787a80000,0x0000000788500000)
  to   space 14336K, 0% used [0x000000078e500000,0x000000078e500000,0x000000078f300000)
 ParOldGen       total 100352K, used 18956K [0x0000000700000000, 0x0000000706200000, 0x0000000780000000)
  object space 100352K, 18% used [0x0000000700000000,0x0000000701283330,0x0000000706200000)
 Metaspace       used 37929K, capacity 38776K, committed 39296K, reserved 1083392K
  class space    used 5128K, capacity 5385K, committed 5504K, reserved 1048576K
Event: 67,339 GC heap after
Heap after GC invocations=8 (full 2):
 PSYoungGen      total 235008K, used 8882K [0x0000000780000000, 0x0000000790100000, 0x00000007c0000000)
  eden space 220672K, 0% used [0x0000000780000000,0x0000000780000000,0x000000078d780000)
  from space 14336K, 61% used [0x000000078e500000,0x000000078edac8c0,0x000000078f300000)
  to   space 13824K, 0% used [0x000000078d780000,0x000000078d780000,0x000000078e500000)
 ParOldGen       total 100352K, used 18964K [0x0000000700000000, 0x0000000706200000, 0x0000000780000000)
  object space 100352K, 18% used [0x0000000700000000,0x0000000701285330,0x0000000706200000)
 Metaspace       used 37929K, capacity 38776K, committed 39296K, reserved 1083392K
  class space    used 5128K, capacity 5385K, committed 5504K, reserved 1048576K
}
Event: 89,166 GC heap before
{Heap before GC invocations=9 (full 2):
 PSYoungGen      total 235008K, used 229554K [0x0000000780000000, 0x0000000790100000, 0x00000007c0000000)
  eden space 220672K, 100% used [0x0000000780000000,0x000000078d780000,0x000000078d780000)
  from space 14336K, 61% used [0x000000078e500000,0x000000078edac8c0,0x000000078f300000)
  to   space 13824K, 0% used [0x000000078d780000,0x000000078d780000,0x000000078e500000)
 ParOldGen       total 100352K, used 18964K [0x0000000700000000, 0x0000000706200000, 0x0000000780000000)
  object space 100352K, 18% used [0x0000000700000000,0x0000000701285330,0x0000000706200000)
 Metaspace       used 44814K, capacity 45910K, committed 46208K, reserved 1089536K
  class space    used 6104K, capacity 6498K, committed 6528K, reserved 1048576K

Deoptimization events (10 events):
Event: 88,789 Thread 0x00007f2bec00a800 Uncommon trap: reason=unstable_if action=reinterpret pc=0x00007f2c590135dc method=java.lang.String.lastIndexOf([CII[CIII)I @ 118
Event: 88,837 Thread 0x00007f2bec00a800 Uncommon trap: reason=unstable_if action=reinterpret pc=0x00007f2c59114d08 method=java.util.TreeMap.getEntry(Ljava/lang/Object;)Ljava/util/TreeMap$Entry; @ 4
Event: 88,895 Thread 0x00007f2bec00a800 Uncommon trap: reason=unstable_if action=reinterpret pc=0x00007f2c5970a528 method=java.lang.Integer.valueOf(I)Ljava/lang/Integer; @ 3
Event: 89,056 Thread 0x00007f2bec00a800 Uncommon trap: reason=unstable_if action=reinterpret pc=0x00007f2c59c31690 method=java.lang.reflect.Executable.sharedToGenericString(IZ)Ljava/lang/String; @ 65
Event: 89,096 Thread 0x00007f2bec00a800 Uncommon trap: reason=unstable_if action=reinterpret pc=0x00007f2c59127b04 method=org.codehaus.groovy.util.ReferenceManager$2.afterReferenceCreation(Lorg/codehaus/groovy/util/Reference;)V @ 33
Event: 89,096 Thread 0x00007f2bec00a800 Uncommon trap: reason=unstable_if action=reinterpret pc=0x00007f2c59127ae4 method=org.codehaus.groovy.util.ReferenceManager$2.afterReferenceCreation(Lorg/codehaus/groovy/util/Reference;)V @ 8
Event: 89,096 Thread 0x00007f2bec00a800 Uncommon trap: reason=unstable_if action=reinterpret pc=0x00007f2c59127ae4 method=org.codehaus.groovy.util.ReferenceManager$2.afterReferenceCreation(Lorg/codehaus/groovy/util/Reference;)V @ 8
Event: 89,096 Thread 0x00007f2bec00a800 Uncommon trap: reason=unstable_if action=reinterpret pc=0x00007f2c59127ae4 method=org.codehaus.groovy.util.ReferenceManager$2.afterReferenceCreation(Lorg/codehaus/groovy/util/Reference;)V @ 8
Event: 89,096 Thread 0x00007f2bec00a800 Uncommon trap: reason=unstable_if action=reinterpret pc=0x00007f2c59127ae4 method=org.codehaus.groovy.util.ReferenceManager$2.afterReferenceCreation(Lorg/codehaus/groovy/util/Reference;)V @ 8
Event: 89,096 Thread 0x00007f2bec00a800 Uncommon trap: reason=unstable_if action=reinterpret pc=0x00007f2c59127ae4 method=org.codehaus.groovy.util.ReferenceManager$2.afterReferenceCreation(Lorg/codehaus/groovy/util/Reference;)V @ 8

Classes redefined (0 events):
No events

Internal exceptions (10 events):
Event: 89,147 Thread 0x00007f2bec00a800 Exception <a 'java/lang/ClassNotFoundException': net/minecraftforge/gradle/user/TaskSingleDeobfBinCustomizer> (0x000000078d5968b8) thrown at [/build/openjdk-8-tOoOp2/openjdk-8-8u162-b12/src/hotspot/src/share/vm/classfile/systemDictionary.cpp, line 210]
Event: 89,148 Thread 0x00007f2bec00a800 Exception <a 'java/lang/ClassNotFoundException': net/minecraftforge/gradle/user/TaskSingleDeobfBin_DecoratedCustomizer> (0x000000078d5bcb30) thrown at [/build/openjdk-8-tOoOp2/openjdk-8-8u162-b12/src/hotspot/src/share/vm/classfile/systemDictionary.cpp, li
Event: 89,152 Thread 0x00007f2bec00a800 Exception <a 'java/lang/ClassNotFoundException': net/minecraftforge/gradle/user/TaskDepDummy_DecoratedBeanInfo> (0x000000078d632820) thrown at [/build/openjdk-8-tOoOp2/openjdk-8-8u162-b12/src/hotspot/src/share/vm/classfile/systemDictionary.cpp, line 210]
Event: 89,153 Thread 0x00007f2bec00a800 Exception <a 'java/lang/ClassNotFoundException': net/minecraftforge/gradle/user/TaskDepDummyBeanInfo> (0x000000078d640fc8) thrown at [/build/openjdk-8-tOoOp2/openjdk-8-8u162-b12/src/hotspot/src/share/vm/classfile/systemDictionary.cpp, line 210]
Event: 89,153 Thread 0x00007f2bec00a800 Exception <a 'java/lang/ClassNotFoundException': net/minecraftforge/gradle/user/TaskDepDummyCustomizer> (0x000000078d64fa90) thrown at [/build/openjdk-8-tOoOp2/openjdk-8-8u162-b12/src/hotspot/src/share/vm/classfile/systemDictionary.cpp, line 210]
Event: 89,154 Thread 0x00007f2bec00a800 Exception <a 'java/lang/ClassNotFoundException': net/minecraftforge/gradle/user/TaskDepDummy_DecoratedCustomizer> (0x000000078d66f8d0) thrown at [/build/openjdk-8-tOoOp2/openjdk-8-8u162-b12/src/hotspot/src/share/vm/classfile/systemDictionary.cpp, line 210
Event: 89,158 Thread 0x00007f2bec00a800 Exception <a 'java/lang/ClassNotFoundException': net/minecraftforge/gradle/tasks/RemapSources_DecoratedBeanInfo> (0x000000078d6f3a08) thrown at [/build/openjdk-8-tOoOp2/openjdk-8-8u162-b12/src/hotspot/src/share/vm/classfile/systemDictionary.cpp, line 210]
Event: 89,159 Thread 0x00007f2bec00a800 Exception <a 'java/lang/ClassNotFoundException': net/minecraftforge/gradle/tasks/RemapSourcesBeanInfo> (0x000000078d7021c0) thrown at [/build/openjdk-8-tOoOp2/openjdk-8-8u162-b12/src/hotspot/src/share/vm/classfile/systemDictionary.cpp, line 210]
Event: 89,160 Thread 0x00007f2bec00a800 Exception <a 'java/lang/ClassNotFoundException': net/minecraftforge/gradle/tasks/RemapSourcesCustomizer> (0x000000078d710cc0) thrown at [/build/openjdk-8-tOoOp2/openjdk-8-8u162-b12/src/hotspot/src/share/vm/classfile/systemDictionary.cpp, line 210]
Event: 89,161 Thread 0x00007f2bec00a800 Exception <a 'java/lang/ClassNotFoundException': net/minecraftforge/gradle/tasks/RemapSources_DecoratedCustomizer> (0x000000078d73f380) thrown at [/build/openjdk-8-tOoOp2/openjdk-8-8u162-b12/src/hotspot/src/share/vm/classfile/systemDictionary.cpp, line 21

Events (10 events):
Event: 89,159 loading class net/minecraftforge/gradle/tasks/RemapSourcesCustomizer done
Event: 89,160 loading class net/minecraftforge/gradle/tasks/RemapSources_DecoratedCustomizer
Event: 89,160 loading class net/minecraftforge/gradle/tasks/RemapSources_DecoratedCustomizer done
Event: 89,161 loading class net/minecraftforge/gradle/tasks/RemapSources_DecoratedCustomizer
Event: 89,161 loading class net/minecraftforge/gradle/tasks/RemapSources_DecoratedCustomizer done
Event: 89,161 loading class net/minecraftforge/gradle/tasks/RemapSources_DecoratedCustomizer
Event: 89,161 loading class net/minecraftforge/gradle/tasks/RemapSources_DecoratedCustomizer done
Event: 89,163 loading class groovy/runtime/metaclass/net/minecraftforge/gradle/tasks/DeobfuscateJar_DecoratedMetaClass
Event: 89,163 loading class groovy/runtime/metaclass/net/minecraftforge/gradle/tasks/DeobfuscateJar_DecoratedMetaClass done
Event: 89,165 Executing VM operation: ParallelGCFailedAllocation


Dynamic libraries:
700000000-706200000 rw-p 00000000 00:00 0 
706200000-780000000 ---p 00000000 00:00 0 
780000000-790100000 rw-p 00000000 00:00 0 
79b580000-7c0000000 ---p 00000000 00:00 0 
7c0000000-7c0660000 rw-p 00000000 00:00 0 
7c0660000-800000000 ---p 00000000 00:00 0 
55f57a302000-55f57a303000 r-xp 00000000 08:01 4983321                    /usr/lib/jvm/java-8-openjdk-amd64/jre/bin/java
55f57a502000-55f57a503000 r--p 00000000 08:01 4983321                    /usr/lib/jvm/java-8-openjdk-amd64/jre/bin/java
55f57a503000-55f57a504000 rw-p 00001000 08:01 4983321                    /usr/lib/jvm/java-8-openjdk-amd64/jre/bin/java
55f57bf95000-55f57bfb6000 rw-p 00000000 00:00 0                          [heap]
7f2bd4000000-7f2bd4021000 rw-p 00000000 00:00 0 
7f2bd4021000-7f2bd8000000 ---p 00000000 00:00 0 
7f2bd8000000-7f2bd8021000 rw-p 00000000 00:00 0 
7f2bd8021000-7f2bdc000000 ---p 00000000 00:00 0 
7f2bdc000000-7f2bdc021000 rw-p 00000000 00:00 0 
7f2bdc021000-7f2be0000000 ---p 00000000 00:00 0 
7f2be0000000-7f2be0021000 rw-p 00000000 00:00 0 
7f2be0021000-7f2be4000000 ---p 00000000 00:00 0 
7f2be4000000-7f2be4021000 rw-p 00000000 00:00 0 
7f2be4021000-7f2be8000000 ---p 00000000 00:00 0 
7f2be8000000-7f2be909f000 rw-p 00000000 00:00 0 
7f2be909f000-7f2bec000000 ---p 00000000 00:00 0 
7f2bec000000-7f2bec021000 rw-p 00000000 00:00 0 
7f2bec021000-7f2bf0000000 ---p 00000000 00:00 0 
7f2bf0000000-7f2bf0024000 rw-p 00000000 00:00 0 
7f2bf0024000-7f2bf4000000 ---p 00000000 00:00 0 
7f2bf4000000-7f2bf4075000 rw-p 00000000 00:00 0 
7f2bf4075000-7f2bf8000000 ---p 00000000 00:00 0 
7f2bf8000000-7f2bf8021000 rw-p 00000000 00:00 0 
7f2bf8021000-7f2bfc000000 ---p 00000000 00:00 0 
7f2bfc000000-7f2bfc021000 rw-p 00000000 00:00 0 
7f2bfc021000-7f2c00000000 ---p 00000000 00:00 0 
7f2c00000000-7f2c00021000 rw-p 00000000 00:00 0 
7f2c00021000-7f2c04000000 ---p 00000000 00:00 0 
7f2c04000000-7f2c061c9000 rw-p 00000000 00:00 0 
7f2c061c9000-7f2c08000000 ---p 00000000 00:00 0 
7f2c08000000-7f2c08886000 rw-p 00000000 00:00 0 
7f2c08886000-7f2c0c000000 ---p 00000000 00:00 0 
7f2c0c000000-7f2c0df5e000 rw-p 00000000 00:00 0 
7f2c0df5e000-7f2c10000000 ---p 00000000 00:00 0 
7f2c10000000-7f2c12393000 rw-p 00000000 00:00 0 
7f2c12393000-7f2c14000000 ---p 00000000 00:00 0 
7f2c14000000-7f2c14021000 rw-p 00000000 00:00 0 
7f2c14021000-7f2c18000000 ---p 00000000 00:00 0 
7f2c18000000-7f2c18021000 rw-p 00000000 00:00 0 
7f2c18021000-7f2c1c000000 ---p 00000000 00:00 0 
7f2c1c000000-7f2c1c021000 rw-p 00000000 00:00 0 
7f2c1c021000-7f2c20000000 ---p 00000000 00:00 0 
7f2c21e00000-7f2c21ec0000 rw-p 00000000 00:00 0 
7f2c21ec0000-7f2c22000000 ---p 00000000 00:00 0 
7f2c22000000-7f2c28000000 rw-p 00000000 00:00 0 
7f2c28000000-7f2c28021000 rw-p 00000000 00:00 0 
7f2c28021000-7f2c2c000000 ---p 00000000 00:00 0 
7f2c2c000000-7f2c2c053000 rw-p 00000000 00:00 0 
7f2c2c053000-7f2c30000000 ---p 00000000 00:00 0 
7f2c30000000-7f2c30021000 rw-p 00000000 00:00 0 
7f2c30021000-7f2c34000000 ---p 00000000 00:00 0 
7f2c34000000-7f2c34021000 rw-p 00000000 00:00 0 
7f2c34021000-7f2c38000000 ---p 00000000 00:00 0 
7f2c38000000-7f2c38021000 rw-p 00000000 00:00 0 
7f2c38021000-7f2c3c000000 ---p 00000000 00:00 0 
7f2c3c0a2000-7f2c3c2a2000 rw-p 00000000 00:00 0 
7f2c3c2a2000-7f2c3c4a2000 rw-p 00000000 00:00 0 
7f2c3c4a2000-7f2c3c6a2000 rw-p 00000000 00:00 0 
7f2c3c6a2000-7f2c3c8a2000 rw-p 00000000 00:00 0 
7f2c3c8a2000-7f2c3c8a5000 ---p 00000000 00:00 0 
7f2c3c8a5000-7f2c3cba3000 rw-p 00000000 00:00 0 
7f2c3cba3000-7f2c3cbcb000 r-xp 00000000 08:01 4990923                    /usr/lib/jvm/java-8-openjdk-amd64/jre/lib/amd64/libsunec.so
7f2c3cbcb000-7f2c3cdca000 ---p 00028000 08:01 4990923                    /usr/lib/jvm/java-8-openjdk-amd64/jre/lib/amd64/libsunec.so
7f2c3cdca000-7f2c3cdce000 r--p 00027000 08:01 4990923                    /usr/lib/jvm/java-8-openjdk-amd64/jre/lib/amd64/libsunec.so
7f2c3cdce000-7f2c3cdcf000 rw-p 0002b000 08:01 4990923                    /usr/lib/jvm/java-8-openjdk-amd64/jre/lib/amd64/libsunec.so
7f2c3cdcf000-7f2c3cde5000 r-xp 00000000 08:01 4727608                    /lib/x86_64-linux-gnu/libresolv-2.26.so
7f2c3cde5000-7f2c3cfe5000 ---p 00016000 08:01 4727608                    /lib/x86_64-linux-gnu/libresolv-2.26.so
7f2c3cfe5000-7f2c3cfe6000 r--p 00016000 08:01 4727608                    /lib/x86_64-linux-gnu/libresolv-2.26.so
7f2c3cfe6000-7f2c3cfe7000 rw-p 00017000 08:01 4727608                    /lib/x86_64-linux-gnu/libresolv-2.26.so
7f2c3cfe7000-7f2c3cfe9000 rw-p 00000000 00:00 0 
7f2c3cfe9000-7f2c3cfee000 r-xp 00000000 08:01 4727601                    /lib/x86_64-linux-gnu/libnss_dns-2.26.so
7f2c3cfee000-7f2c3d1ee000 ---p 00005000 08:01 4727601                    /lib/x86_64-linux-gnu/libnss_dns-2.26.so
7f2c3d1ee000-7f2c3d1ef000 r--p 00005000 08:01 4727601                    /lib/x86_64-linux-gnu/libnss_dns-2.26.so
7f2c3d1ef000-7f2c3d1f0000 rw-p 00006000 08:01 4727601                    /lib/x86_64-linux-gnu/libnss_dns-2.26.so
7f2c3d1f0000-7f2c3d1f2000 r-xp 00000000 08:01 4723365                    /lib/x86_64-linux-gnu/libnss_mdns4_minimal.so.2
7f2c3d1f2000-7f2c3d3f1000 ---p 00002000 08:01 4723365                    /lib/x86_64-linux-gnu/libnss_mdns4_minimal.so.2
7f2c3d3f1000-7f2c3d3f2000 r--p 00001000 08:01 4723365                    /lib/x86_64-linux-gnu/libnss_mdns4_minimal.so.2
7f2c3d3f2000-7f2c3d3f3000 rw-p 00002000 08:01 4723365                    /lib/x86_64-linux-gnu/libnss_mdns4_minimal.so.2
7f2c3d408000-7f2c3d417000 r--p 00000000 08:01 5392656                    /usr/share/locale-langpack/nb/LC_MESSAGES/libc.mo
7f2c3d417000-7f2c3d42a000 r--s 00346000 08:01 4995289                    /usr/lib/jvm/java-8-openjdk-amd64/jre/lib/resources.jar
7f2c3d42a000-7f2c3d42d000 r--s 00015000 08:01 4995283                    /usr/lib/jvm/java-8-openjdk-amd64/jre/lib/jce.jar
7f2c3d42d000-7f2c3d62d000 rw-p 00000000 00:00 0 
7f2c3d62d000-7f2c3d633000 r--s 00033000 08:01 2492358                    /home/user/.gradle/caches/modules-2/files-2.1/commons-codec/commons-codec/1.6/b7f0fc8f61ecadeb3695f0b9464755eee44374d4/commons-codec-1.6.jar
7f2c3d633000-7f2c3d635000 r--s 0000e000 08:01 2492357                    /home/user/.gradle/caches/modules-2/files-2.1/commons-logging/commons-logging/1.1.3/f6f66e966c70a83ffbdb6f17a0919eaf7c8aca7f/commons-logging-1.1.3.jar
7f2c3d635000-7f2c3d63b000 r--s 0003f000 08:01 2492356                    /home/user/.gradle/caches/modules-2/files-2.1/org.apache.httpcomponents/httpcore/4.3.2/31fbbff1ddbf98f3aa7377c94d33b0447c646b6e/httpcore-4.3.2.jar
7f2c3d63b000-7f2c3d643000 r--s 00051000 08:01 2492355                    /home/user/.gradle/caches/modules-2/files-2.1/trove/trove/1.0.2/112b40581ab9a4d3de4636d49985a7f686d181c8/trove-1.0.2.jar
7f2c3d643000-7f2c3d646000 r--s 00018000 08:01 2492354                    /home/user/.gradle/caches/modules-2/files-2.1/commons-io/commons-io/1.4/a8762d07e76cfde2395257a5da47ba7c1dbd3dce/commons-io-1.4.jar
7f2c3d646000-7f2c3d647000 r--s 00001000 08:01 2492353                    /home/user/.gradle/caches/modules-2/files-2.1/org.jvnet.localizer/localizer/1.12/6d456886a035b2c3f758059da1f91a823eaa4a62/localizer-1.12.jar
7f2c3d647000-7f2c3d649000 r--s 00008000 08:01 2492352                    /home/user/.gradle/caches/modules-2/files-2.1/org.apache.httpcomponents/httpmime/4.3.3/e02368d7b56c0c376f227378a4f77de62864d020/httpmime-4.3.3.jar
7f2c3d649000-7f2c3d654000 r--s 00085000 08:01 2492351                    /home/user/.gradle/caches/modules-2/files-2.1/org.apache.httpcomponents/httpclient/4.3.3/18f4247ff4572a074444572cee34647c43e7c9c7/httpclient-4.3.3.jar
7f2c3d654000-7f2c3d65e000 r--s 000a6000 08:01 2492350                    /home/user/.gradle/caches/modules-2/files-2.1/net.minecraftforge/forgeflower/1.0.342-SNAPSHOT/83b7d227aa011da5f140558240149ed26a0f5d76/forgeflower-1.0.342-SNAPSHOT.jar
7f2c3d65e000-7f2c3d660000 r--s 00001000 08:01 2492349                    /home/user/.gradle/caches/modules-2/files-2.1/com.github.tony19/named-regexp/0.2.3/370846bf3837952d981deb8f91e81da8c65b09e1/named-regexp-0.2.3.jar
7f2c3d660000-7f2c3d665000 r--s 0002a000 08:01 2492348                    /home/user/.gradle/caches/modules-2/files-2.1/com.google.code.gson/gson/2.2.4/a60a5e993c98c864010053cb901b7eab25306568/gson-2.2.4.jar
7f2c3d665000-7f2c3d667000 r--s 00008000 08:01 2492347                    /home/user/.gradle/caches/modules-2/files-2.1/com.nothome/javaxdelta/2.0.1/d4f5d077f1b15c6f67595015d69572303ad3f66d/javaxdelta-2.0.1.jar
7f2c3d667000-7f2c3d669000 r--s 0000b000 08:01 2492346                    /home/user/.gradle/caches/modules-2/files-2.1/com.github.jponge/lzma-java/1.3/a25db9d4d385ccda4825ae1b47a7a61d86e595af/lzma-java-1.3.jar
7f2c3d669000-7f2c3d678000 r--s 000ba000 08:01 2492345                    /home/user/.gradle/caches/modules-2/files-2.1/net.sf.trove4j/trove4j/2.1.0/c82f2749a460b95de4c9d2466b62f18c23c7c914/trove4j-2.1.0.jar
7f2c3d678000-7f2c3d679000 r--s 00011000 08:01 2492344                    /home/user/.gradle/caches/modules-2/files-2.1/com.github.abrarsyed.jastyle/jAstyle/1.3/42431e5834cfb184d60be4142e2806cf2d806ea/jAstyle-1.3.jar
7f2c3d679000-7f2c3d67a000 r--s 0000c000 08:01 2492343                    /home/user/.gradle/caches/modules-2/files-2.1/com.cloudbees/diff4j/1.1/645329c0d4ebbea5f73758929c6e63bab9e77204/diff4j-1.1.jar
7f2c3d67a000-7f2c3d67b000 r--s 00004000 08:01 2492342                    /home/user/.gradle/caches/modules-2/files-2.1/net.sf.opencsv/opencsv/2.3/c23708cdb9e80a144db433e23344a788a1fd6599/opencsv-2.3.jar
7f2c3d67b000-7f2c3d6a6000 r--s 001fc000 08:01 2492341                    /home/user/.gradle/caches/modules-2/files-2.1/com.google.guava/guava/18.0/cce0823396aa693798f8882e64213b1772032b09/guava-18.0.jar
7f2c3d6a6000-7f2c3d74a000 r--s 00b51000 08:01 2492340                    /home/user/.gradle/caches/modules-2/files-2.1/net.minecraftforge.gradle/ForgeGradle/2.3-SNAPSHOT/fd005f754256c9fd9dfd734878a77aa5a8e12a7c/ForgeGradle-2.3-SNAPSHOT.jar
7f2c3d74a000-7f2c3d94a000 rw-p 00000000 00:00 0 
7f2c3d94a000-7f2c3db4a000 rw-p 00000000 00:00 0 
7f2c3db4a000-7f2c3dd4a000 rw-p 00000000 00:00 0 
7f2c3dd4a000-7f2c3dd4d000 r--s 0000d000 08:01 3804802                    /home/user/Downloads/idea-IC-181.4203.550/idea-IC-181.4203.550/plugins/gradle/lib/gradle-tooling-extension-api.jar
7f2c3dd4d000-7f2c3dd4e000 r--s 00002000 08:01 3409451                    /home/user/Downloads/idea-IC-181.4203.550/idea-IC-181.4203.550/lib/external-system-rt.jar
7f2c3dd4e000-7f2c3dd4f000 r--s 00003000 08:01 3553703                    /home/user/Downloads/idea-IC-181.4203.550/idea-IC-181.4203.550/plugins/Kotlin/lib/kotlin-gradle-tooling.jar
7f2c3dd4f000-7f2c3dd50000 r--s 00004000 08:01 3553715                    /home/user/Downloads/idea-IC-181.4203.550/idea-IC-181.4203.550/plugins/Kotlin/lib/sam-with-receiver-ide-plugin.jar
7f2c3dd50000-7f2c3dd52000 r--s 00004000 08:01 3553713                    /home/user/Downloads/idea-IC-181.4203.550/idea-IC-181.4203.550/plugins/Kotlin/lib/noarg-ide-plugin.jar
7f2c3dd52000-7f2c3ddc2000 r--s 00646000 08:01 3409532                    /home/user/Downloads/idea-IC-181.4203.550/idea-IC-181.4203.550/lib/groovy-all-2.4.12.jar
7f2c3ddc2000-7f2c3ddc4000 r--s 00003000 08:01 3553700                    /home/user/Downloads/idea-IC-181.4203.550/idea-IC-181.4203.550/plugins/Kotlin/lib/kapt3-idea.jar
7f2c3ddc4000-7f2c3ddc8000 r--s 0006e000 08:01 3804803                    /home/user/Downloads/idea-IC-181.4203.550/idea-IC-181.4203.550/plugins/gradle/lib/gradle-tooling-extension-impl.jar
7f2c3ddc8000-7f2c3dff2000 r--s 01d11000 08:01 3553704                    /home/user/Downloads/idea-IC-181.4203.550/idea-IC-181.4203.550/plugins/Kotlin/lib/kotlin-plugin.jar
7f2c3dff2000-7f2c3dff3000 r--s 00004000 08:01 3553691                    /home/user/Downloads/idea-IC-181.4203.550/idea-IC-181.4203.550/plugins/Kotlin/lib/allopen-ide-plugin.jar
7f2c3dff3000-7f2c3e003000 r--s 000d7000 08:01 3409757                    /home/user/Downloads/idea-IC-181.4203.550/idea-IC-181.4203.550/lib/kotlin-runtime.jar
7f2c3e003000-7f2c3e007000 r--s 0001d000 08:01 3553693                    /home/user/Downloads/idea-IC-181.4203.550/idea-IC-181.4203.550/plugins/Kotlin/lib/android-extensions-ide.jar
7f2c3e007000-7f2c3e00c000 r--s 00034000 08:01 3409538                    /home/user/Downloads/idea-IC-181.4203.550/idea-IC-181.4203.550/lib/gson-2.8.2.jar
7f2c3e00c000-7f2c3e25a000 r--s 017dd000 08:01 3804799                    /home/user/Downloads/idea-IC-181.4203.550/idea-IC-181.4203.550/plugins/gradle/lib/gradle-api-impldep-4.4.jar
7f2c3e25a000-7f2c3e45a000 rw-p 00000000 00:00 0 
7f2c3e45a000-7f2c3e45d000 ---p 00000000 00:00 0 
7f2c3e45d000-7f2c3e493000 rw-p 00000000 00:00 0 
7f2c3e493000-7f2c3e494000 r--p 00000000 00:00 0 
7f2c3e494000-7f2c3e694000 rw-p 00000000 00:00 0 
7f2c3e694000-7f2c3e695000 r--s 00004000 08:01 534355                     /home/user/.gradle/caches/jars-1/kzvci0nyyfv3ynooemq3vlyy4ajtmzd/sam-with-receiver-ide-plugin.jar
7f2c3e695000-7f2c3e697000 r--s 00004000 08:01 534353                     /home/user/.gradle/caches/jars-1/1b4b9051ft78xty0cxu2evti2b99q6x/noarg-ide-plugin.jar
7f2c3e697000-7f2c3e8c1000 r--s 01d11000 08:01 534351                     /home/user/.gradle/caches/jars-1/7xopakl48zwtzvxph6ieizrfmwsawhu/kotlin-plugin.jar
7f2c3e8c1000-7f2c3e8c2000 r--s 00004000 08:01 397116                     /home/user/.gradle/caches/jars-1/qbvu0m1yctbue844dt7pqqgyt0ks9g7/allopen-ide-plugin.jar
7f2c3e8c2000-7f2c3e8c4000 r--s 00003000 08:01 397112                     /home/user/.gradle/caches/jars-1/7bwvwsrwlwea4favxi0975oc7425gg/kapt3-idea.jar
7f2c3e8c4000-7f2c3e8c8000 r--s 0001d000 08:01 397109                     /home/user/.gradle/caches/jars-1/9x4p4opx1pynynnq4lpu5dq0aierdpq/android-extensions-ide.jar
7f2c3e8c8000-7f2c3e8d9000 r--s 001c8000 08:01 397106                     /home/user/.gradle/caches/jars-1/2y6m9zbcwf9e92fet44hybvkwj9gazt/sdk-tools.jar
7f2c3e8d9000-7f2c3e8da000 r--s 00003000 08:01 397101                     /home/user/.gradle/caches/jars-1/aq005metoe7ty9rcfzhral0wxkdpos9/kotlin-gradle-tooling.jar
7f2c3e8da000-7f2c3e8db000 r--s 00002000 08:01 272146                     /home/user/.gradle/caches/jars-1/82qn5k6luhhw7s1h4l8e94j79rtqeqj/external-system-rt.jar
7f2c3e8db000-7f2c3e8de000 r--s 0000d000 08:01 7219348                    /home/user/.gradle/caches/jars-1/3d88rjt2tcv8carj6xmjdl3kphgpqim/gradle-tooling-extension-api.jar
7f2c3e8de000-7f2c3eb2c000 r--s 017dd000 08:01 7219346                    /home/user/.gradle/caches/jars-1/9f9yg5v6h5za0meeuwpluzxu0kth3r/gradle-api-impldep-4.4.jar
7f2c3eb2c000-7f2c3ec53000 r--s 009f7000 08:01 7219344                    /home/user/.gradle/caches/jars-1/halbu56x8vxjl381agr107enhobysj8/gradle-api-4.4.jar
7f2c3ec53000-7f2c3ec56000 ---p 00000000 00:00 0 
7f2c3ec56000-7f2c3ef54000 rw-p 00000000 00:00 0 
7f2c3ef54000-7f2c3f154000 rw-p 00000000 00:00 0 
7f2c3f154000-7f2c3f1ce000 r--s 010ff000 08:01 4990518                    /usr/lib/jvm/java-8-openjdk-amd64/lib/tools.jar
7f2c3f1ce000-7f2c3f3ce000 rw-p 00000000 00:00 0 
7f2c3f3ce000-7f2c3f3d1000 ---p 00000000 00:00 0 
7f2c3f3d1000-7f2c3f4cf000 rw-p 00000000 00:00 0 
7f2c3f4cf000-7f2c3f4d2000 ---p 00000000 00:00 0 
7f2c3f4d2000-7f2c3f5d0000 rw-p 00000000 00:00 0 
7f2c3f5d0000-7f2c3f5d3000 ---p 00000000 00:00 0 
7f2c3f5d3000-7f2c3f6d1000 rw-p 00000000 00:00 0 
7f2c3f6d1000-7f2c3f6d4000 ---p 00000000 00:00 0 
7f2c3f6d4000-7f2c3f7d2000 rw-p 00000000 00:00 0 
7f2c3f7d2000-7f2c3f7d5000 ---p 00000000 00:00 0 
7f2c3f7d5000-7f2c3f8d3000 rw-p 00000000 00:00 0 
7f2c3f8d3000-7f2c3f8d6000 ---p 00000000 00:00 0 
7f2c3f8d6000-7f2c3f9d4000 rw-p 00000000 00:00 0 
7f2c3f9d4000-7f2c3f9d7000 ---p 00000000 00:00 0 
7f2c3f9d7000-7f2c3fad5000 rw-p 00000000 00:00 0 
7f2c3fad5000-7f2c3fadc000 r--s 00000000 08:01 5252219                    /usr/lib/x86_64-linux-gnu/gconv/gconv-modules.cache
7f2c3fadc000-7f2c3fcdc000 rw-p 00000000 00:00 0 
7f2c3fcdc000-7f2c3fcdf000 ---p 00000000 00:00 0 
7f2c3fcdf000-7f2c3fddd000 rw-p 00000000 00:00 0 
7f2c3fddd000-7f2c3fde6000 r-xp 00000000 08:01 4990916                    /usr/lib/jvm/java-8-openjdk-amd64/jre/lib/amd64/libmanagement.so
7f2c3fde6000-7f2c3ffe5000 ---p 00009000 08:01 4990916                    /usr/lib/jvm/java-8-openjdk-amd64/jre/lib/amd64/libmanagement.so
7f2c3ffe5000-7f2c3ffe6000 r--p 00008000 08:01 4990916                    /usr/lib/jvm/java-8-openjdk-amd64/jre/lib/amd64/libmanagement.so
7f2c3ffe6000-7f2c3ffe7000 rw-p 00009000 08:01 4990916                    /usr/lib/jvm/java-8-openjdk-amd64/jre/lib/amd64/libmanagement.so
7f2c3ffe7000-7f2c3ffec000 r--s 0009d000 08:01 4995285                    /usr/lib/jvm/java-8-openjdk-amd64/jre/lib/jsse.jar
7f2c3ffec000-7f2c3ffee000 r--s 00007000 08:01 6438867                    /home/user/.gradle/wrapper/dists/gradle-2.14-bin/76oc0mnc3ieqtsukq90mp0rxk/gradle-2.14/lib/plugins/gradle-tooling-api-builders-2.14.jar
7f2c3ffee000-7f2c3fff1000 r--s 00008000 08:01 6438460                    /home/user/.gradle/wrapper/dists/gradle-2.14-bin/76oc0mnc3ieqtsukq90mp0rxk/gradle-2.14/lib/plugins/gradle-testing-native-2.14.jar
7f2c3fff1000-7f2c3fff3000 r--s 00009000 08:01 6438939                    /home/user/.gradle/wrapper/dists/gradle-2.14-bin/76oc0mnc3ieqtsukq90mp0rxk/gradle-2.14/lib/plugins/hamcrest-core-1.3.jar
7f2c3fff3000-7f2c3fff9000 r--s 00033000 08:01 6438933                    /home/user/.gradle/wrapper/dists/gradle-2.14-bin/76oc0mnc3ieqtsukq90mp0rxk/gradle-2.14/lib/plugins/snakeyaml-1.6.jar
7f2c3fff9000-7f2c3fffb000 r--s 00006000 08:01 6438932                    /home/user/.gradle/wrapper/dists/gradle-2.14-bin/76oc0mnc3ieqtsukq90mp0rxk/gradle-2.14/lib/plugins/jcommander-1.12.jar
7f2c3fffb000-7f2c40000000 r--s 00040000 08:01 6438931                    /home/user/.gradle/wrapper/dists/gradle-2.14-bin/76oc0mnc3ieqtsukq90mp0rxk/gradle-2.14/lib/plugins/bsh-2.0b4.jar
7f2c40000000-7f2c40021000 rw-p 00000000 00:00 0 
7f2c40021000-7f2c44000000 ---p 00000000 00:00 0 
7f2c44000000-7f2c44009000 r--s 00089000 08:01 6438890                    /home/user/.gradle/wrapper/dists/gradle-2.14-bin/76oc0mnc3ieqtsukq90mp0rxk/gradle-2.14/lib/plugins/testng-6.3.1.jar
7f2c44009000-7f2c44011000 r--s 00045000 08:01 6438889                    /home/user/.gradle/wrapper/dists/gradle-2.14-bin/76oc0mnc3ieqtsukq90mp0rxk/gradle-2.14/lib/plugins/junit-4.12.jar
7f2c44011000-7f2c44017000 r--s 0002e000 08:01 6438461                    /home/user/.gradle/wrapper/dists/gradle-2.14-bin/76oc0mnc3ieqtsukq90mp0rxk/gradle-2.14/lib/plugins/gradle-testing-jvm-2.14.jar
7f2c44017000-7f2c4401c000 r--s 00015000 08:01 6438459                    /home/user/.gradle/wrapper/dists/gradle-2.14-bin/76oc0mnc3ieqtsukq90mp0rxk/gradle-2.14/lib/plugins/gradle-testing-base-2.14.jar
7f2c4401c000-7f2c4401d000 r--s 00002000 08:01 6438883                    /home/user/.gradle/wrapper/dists/gradle-2.14-bin/76oc0mnc3ieqtsukq90mp0rxk/gradle-2.14/lib/plugins/sonar-batch-bootstrapper-2.9.jar
7f2c4401d000-7f2c44020000 r--s 00015000 08:01 6434260                    /home/user/.gradle/wrapper/dists/gradle-2.14-bin/76oc0mnc3ieqtsukq90mp0rxk/gradle-2.14/lib/plugins/gradle-sonar-2.14.jar
7f2c44020000-7f2c44027000 r--s 00038000 08:01 6438884                    /home/user/.gradle/wrapper/dists/gradle-2.14-bin/76oc0mnc3ieqtsukq90mp0rxk/gradle-2.14/lib/plugins/bcpg-jdk15on-1.51.jar
7f2c44027000-7f2c44029000 r--s 0000d000 08:01 6434262                    /home/user/.gradle/wrapper/dists/gradle-2.14-bin/76oc0mnc3ieqtsukq90mp0rxk/gradle-2.14/lib/plugins/gradle-signing-2.14.jar
7f2c44029000-7f2c4402c000 r--s 00009000 08:01 6434259                    /home/user/.gradle/wrapper/dists/gradle-2.14-bin/76oc0mnc3ieqtsukq90mp0rxk/gradle-2.14/lib/plugins/gradle-scala-2.14.jar
7f2c4402c000-7f2c4402d000 r--s 00004000 08:01 6438865                    /home/user/.gradle/wrapper/dists/gradle-2.14-bin/76oc0mnc3ieqtsukq90mp0rxk/gradle-2.14/lib/plugins/gradle-resources-sftp-2.14.jar
7f2c4402d000-7f2c4403d000 r--s 00088000 08:01 6438900                    /home/user/.gradle/wrapper/dists/gradle-2.14-bin/76oc0mnc3ieqtsukq90mp0rxk/gradle-2.14/lib/plugins/joda-time-2.8.2.jar
7f2c4403d000-7f2c4404e000 r--s 000cf000 08:01 6438899                    /home/user/.gradle/wrapper/dists/gradle-2.14-bin/76oc0mnc3ieqtsukq90mp0rxk/gradle-2.14/lib/plugins/jackson-databind-2.3.2.jar
7f2c4404e000-7f2c44050000 r--s 00007000 08:01 6438898                    /home/user/.gradle/wrapper/dists/gradle-2.14-bin/76oc0mnc3ieqtsukq90mp0rxk/gradle-2.14/lib/plugins/jackson-annotations-2.3.2.jar
7f2c44050000-7f2c44053000 r--s 0002e000 08:01 6438897                    /home/user/.gradle/wrapper/dists/gradle-2.14-bin/76oc0mnc3ieqtsukq90mp0rxk/gradle-2.14/lib/plugins/jackson-core-2.3.2.jar
7f2c44053000-7f2c4405e000 r--s 0006b000 08:01 6438896                    /home/user/.gradle/wrapper/dists/gradle-2.14-bin/76oc0mnc3ieqtsukq90mp0rxk/gradle-2.14/lib/plugins/aws-java-sdk-core-1.9.19.jar
7f2c4405e000-7f2c44064000 r--s 00036000 08:01 6438895                    /home/user/.gradle/wrapper/dists/gradle-2.14-bin/76oc0mnc3ieqtsukq90mp0rxk/gradle-2.14/lib/plugins/aws-java-sdk-kms-1.9.19.jar
7f2c44064000-7f2c4406f000 r--s 00079000 08:01 6438894                    /home/user/.gradle/wrapper/dists/gradle-2.14-bin/76oc0mnc3ieqtsukq90mp0rxk/gradle-2.14/lib/plugins/aws-java-sdk-s3-1.9.19.jar
7f2c4406f000-7f2c44070000 r--s 00003000 08:01 6438866                    /home/user/.gradle/wrapper/dists/gradle-2.14-bin/76oc0mnc3ieqtsukq90mp0rxk/gradle-2.14/lib/plugins/gradle-resources-s3-2.14.jar
7f2c44070000-7f2c44072000 r--s 00005000 08:01 6438888                    /home/user/.gradle/wrapper/dists/gradle-2.14-bin/76oc0mnc3ieqtsukq90mp0rxk/gradle-2.14/lib/plugins/jatl-0.2.2.jar
7f2c44072000-7f2c44074000 r--s 0000f000 08:01 6434273                    /home/user/.gradle/wrapper/dists/gradle-2.14-bin/76oc0mnc3ieqtsukq90mp0rxk/gradle-2.14/lib/plugins/gradle-reporting-2.14.jar
7f2c44074000-7f2c44076000 r--s 00002000 08:01 6434275                    /home/user/.gradle/wrapper/dists/gradle-2.14-bin/76oc0mnc3ieqtsukq90mp0rxk/gradle-2.14/lib/plugins/gradle-publish-2.14.jar
7f2c44076000-7f2c44078000 r--s 00009000 08:01 6438870                    /home/user/.gradle/wrapper/dists/gradle-2.14-bin/76oc0mnc3ieqtsukq90mp0rxk/gradle-2.14/lib/plugins/commons-cli-1.2.jar
7f2c44078000-7f2c4407e000 r--s 00033000 08:01 6434248                    /home/user/.gradle/wrapper/dists/gradle-2.14-bin/76oc0mnc3ieqtsukq90mp0rxk/gradle-2.14/lib/plugins/gradle-plugins-2.14.jar
7f2c4407e000-7f2c44080000 r--s 00007000 08:01 6438862                    /home/user/.gradle/wrapper/dists/gradle-2.14-bin/76oc0mnc3ieqtsukq90mp0rxk/gradle-2.14/lib/plugins/gradle-plugin-development-2.14.jar
7f2c44080000-7f2c44086000 r--s 0002a000 08:01 6434290                    /home/user/.gradle/wrapper/dists/gradle-2.14-bin/76oc0mnc3ieqtsukq90mp0rxk/gradle-2.14/lib/plugins/gradle-platform-play-2.14.jar
7f2c44086000-7f2c44093000 r--s 0004d000 08:01 6434289                    /home/user/.gradle/wrapper/dists/gradle-2.14-bin/76oc0mnc3ieqtsukq90mp0rxk/gradle-2.14/lib/plugins/gradle-platform-native-2.14.jar
7f2c44093000-7f2c44097000 r--s 0001a000 08:01 6434282                    /home/user/.gradle/wrapper/dists/gradle-2.14-bin/76oc0mnc3ieqtsukq90mp0rxk/gradle-2.14/lib/plugins/gradle-platform-jvm-2.14.jar
7f2c44097000-7f2c4409e000 r--s 00029000 08:01 6434281                    /home/user/.gradle/wrapper/dists/gradle-2.14-bin/76oc0mnc3ieqtsukq90mp0rxk/gradle-2.14/lib/plugins/gradle-platform-base-2.14.jar
7f2c4409e000-7f2c440bf000 r--s 001c3000 08:01 6438878                    /home/user/.gradle/wrapper/dists/gradle-2.14-bin/76oc0mnc3ieqtsukq90mp0rxk/gradle-2.14/lib/plugins/bndlib-2.4.0.jar
7f2c440bf000-7f2c440c1000 r--s 00003000 08:01 6434253                    /home/user/.gradle/wrapper/dists/gradle-2.14-bin/76oc0mnc3ieqtsukq90mp0rxk/gradle-2.14/lib/plugins/gradle-osgi-2.14.jar
7f2c440c1000-7f2c440c4000 r--s 0000c000 08:01 6438881                    /home/user/.gradle/wrapper/dists/gradle-2.14-bin/76oc0mnc3ieqtsukq90mp0rxk/gradle-2.14/lib/plugins/pmaven-groovy-0.8-20100325.jar
7f2c440c4000-7f2c440c5000 r--s 00004000 08:01 6438880                    /home/user/.gradle/wrapper/dists/gradle-2.14-bin/76oc0mnc3ieqtsukq90mp0rxk/gradle-2.14/lib/plugins/pmaven-common-0.8-20100325.jar
7f2c440c5000-7f2c440cb000 r--s 00022000 08:01 6434254                    /home/user/.gradle/wrapper/dists/gradle-2.14-bin/76oc0mnc3ieqtsukq90mp0rxk/gradle-2.14/lib/plugins/gradle-maven-2.14.jar
7f2c440cb000-7f2c440cd000 r--s 0000a000 08:01 6434287                    /home/user/.gradle/wrapper/dists/gradle-2.14-bin/76oc0mnc3ieqtsukq90mp0rxk/gradle-2.14/lib/plugins/gradle-language-scala-2.14.jar
7f2c440cd000-7f2c440d3000 r--s 0001a000 08:01 6438457                    /home/user/.gradle/wrapper/dists/gradle-2.14-bin/76oc0mnc3ieqtsukq90mp0rxk/gradle-2.14/lib/plugins/gradle-language-native-2.14.jar
7f2c440d3000-7f2c440d5000 r--s 00008000 08:01 6434283                    /home/user/.gradle/wrapper/dists/gradle-2.14-bin/76oc0mnc3ieqtsukq90mp0rxk/gradle-2.14/lib/plugins/gradle-language-jvm-2.14.jar
7f2c440d5000-7f2c440db000 r--s 00024000 08:01 6434285                    /home/user/.gradle/wrapper/dists/gradle-2.14-bin/76oc0mnc3ieqtsukq90mp0rxk/gradle-2.14/lib/plugins/gradle-language-java-2.14.jar
7f2c440db000-7f2c440dd000 r--s 0000a000 08:01 6434286                    /home/user/.gradle/wrapper/dists/gradle-2.14-bin/76oc0mnc3ieqtsukq90mp0rxk/gradle-2.14/lib/plugins/gradle-language-groovy-2.14.jar
7f2c440dd000-7f2c440e0000 r--s 0001e000 08:01 6438906                    /home/user/.gradle/wrapper/dists/gradle-2.14-bin/76oc0mnc3ieqtsukq90mp0rxk/gradle-2.14/lib/plugins/jsp-api-2.1-6.1.14.jar
7f2c440e0000-7f2c44103000 r--s 00344000 08:01 6438905                    /home/user/.gradle/wrapper/dists/gradle-2.14-bin/76oc0mnc3ieqtsukq90mp0rxk/gradle-2.14/lib/plugins/core-3.1.1.jar
7f2c44103000-7f2c44104000 r--s 00006000 08:01 6438904                    /home/user/.gradle/wrapper/dists/gradle-2.14-bin/76oc0mnc3ieqtsukq90mp0rxk/gradle-2.14/lib/plugins/jetty-naming-6.1.25.jar
7f2c44104000-7f2c44105000 r--s 00002000 08:01 6438877                    /home/user/.gradle/wrapper/dists/gradle-2.14-bin/76oc0mnc3ieqtsukq90mp0rxk/gradle-2.14/lib/plugins/geronimo-annotation_1.0_spec-1.0.jar
7f2c44105000-7f2c44107000 r--s 00002000 08:01 6438876                    /home/user/.gradle/wrapper/dists/gradle-2.14-bin/76oc0mnc3ieqtsukq90mp0rxk/gradle-2.14/lib/plugins/jetty-annotations-6.1.25.jar
7f2c44107000-7f2c44118000 r--s 000ea000 08:01 6438875                    /home/user/.gradle/wrapper/dists/gradle-2.14-bin/76oc0mnc3ieqtsukq90mp0rxk/gradle-2.14/lib/plugins/jsp-2.1-6.1.14.jar
7f2c44118000-7f2c4411a000 r--s 0000d000 08:01 6438874                    /home/user/.gradle/wrapper/dists/gradle-2.14-bin/76oc0mnc3ieqtsukq90mp0rxk/gradle-2.14/lib/plugins/jetty-plus-6.1.25.jar
7f2c4411a000-7f2c4411c000 r--s 0001f000 08:01 6438873                    /home/user/.gradle/wrapper/dists/gradle-2.14-bin/76oc0mnc3ieqtsukq90mp0rxk/gradle-2.14/lib/plugins/servlet-api-2.5-20081211.jar
7f2c4411c000-7f2c44120000 r--s 00028000 08:01 6438872                    /home/user/.gradle/wrapper/dists/gradle-2.14-bin/76oc0mnc3ieqtsukq90mp0rxk/gradle-2.14/lib/plugins/jetty-util-6.1.25.jar
7f2c44120000-7f2c44127000 r--s 0007d000 08:01 6438871                    /home/user/.gradle/wrapper/dists/gradle-2.14-bin/76oc0mnc3ieqtsukq90mp0rxk/gradle-2.14/lib/plugins/jetty-6.1.25.jar
7f2c44127000-7f2c44129000 r--s 00009000 08:01 6434251                    /home/user/.gradle/wrapper/dists/gradle-2.14-bin/76oc0mnc3ieqtsukq90mp0rxk/gradle-2.14/lib/plugins/gradle-jetty-2.14.jar
7f2c44129000-7f2c44130000 r--s 00035000 08:01 6438887                    /home/user/.gradle/wrapper/dists/gradle-2.14-bin/76oc0mnc3ieqtsukq90mp0rxk/gradle-2.14/lib/plugins/simple-4.1.21.jar
7f2c44130000-7f2c4413c000 r--s 00100000 08:01 6438885                    /home/user/.gradle/wrapper/dists/gradle-2.14-bin/76oc0mnc3ieqtsukq90mp0rxk/gradle-2.14/lib/plugins/rhino-1.7R3.jar
7f2c4413c000-7f2c44140000 r--s 00011000 08:01 6434267                    /home/user/.gradle/wrapper/dists/gradle-2.14-bin/76oc0mnc3ieqtsukq90mp0rxk/gradle-2.14/lib/plugins/gradle-javascript-2.14.jar
7f2c44140000-7f2c44142000 r--s 0000c000 08:01 6434279                    /home/user/.gradle/wrapper/dists/gradle-2.14-bin/76oc0mnc3ieqtsukq90mp0rxk/gradle-2.14/lib/plugins/gradle-jacoco-2.14.jar
7f2c44142000-7f2c44145000 r--s 0000e000 08:01 6434277                    /home/user/.gradle/wrapper/dists/gradle-2.14-bin/76oc0mnc3ieqtsukq90mp0rxk/gradle-2.14/lib/plugins/gradle-ivy-2.14.jar
7f2c44145000-7f2c44146000 r--s 00002000 08:01 6434292                    /home/user/.gradle/wrapper/dists/gradle-2.14-bin/76oc0mnc3ieqtsukq90mp0rxk/gradle-2.14/lib/plugins/gradle-ide-play-2.14.jar
7f2c44146000-7f2c4414b000 r--s 0002b000 08:01 6438458                    /home/user/.gradle/wrapper/dists/gradle-2.14-bin/76oc0mnc3ieqtsukq90mp0rxk/gradle-2.14/lib/plugins/gradle-ide-native-2.14.jar
7f2c4414b000-7f2c44156000 r--s 00066000 08:01 6434256                    /home/user/.gradle/wrapper/dists/gradle-2.14-bin/76oc0mnc3ieqtsukq90mp0rxk/gradle-2.14/lib/plugins/gradle-ide-2.14.jar
7f2c44156000-7f2c44157000 r--s 00008000 08:01 6434264                    /home/user/.gradle/wrapper/dists/gradle-2.14-bin/76oc0mnc3ieqtsukq90mp0rxk/gradle-2.14/lib/plugins/gradle-ear-2.14.jar
7f2c44157000-7f2c4415d000 r--s 00032000 08:01 6434271                    /home/user/.gradle/wrapper/dists/gradle-2.14-bin/76oc0mnc3ieqtsukq90mp0rxk/gradle-2.14/lib/plugins/gradle-diagnostics-2.14.jar
7f2c4415d000-7f2c44161000 r--s 00021000 08:01 6434250                    /home/user/.gradle/wrapper/dists/gradle-2.14-bin/76oc0mnc3ieqtsukq90mp0rxk/gradle-2.14/lib/plugins/gradle-code-quality-2.14.jar
7f2c44161000-7f2c44165000 r--s 0001f000 08:01 6434280                    /home/user/.gradle/wrapper/dists/gradle-2.14-bin/76oc0mnc3ieqtsukq90mp0rxk/gradle-2.14/lib/plugins/gradle-build-init-2.14.jar
7f2c44165000-7f2c4416c000 r--s 0008e000 08:01 6434268                    /home/user/.gradle/wrapper/dists/gradle-2.14-bin/76oc0mnc3ieqtsukq90mp0rxk/gradle-2.14/lib/plugins/gradle-build-comparison-2.14.jar
7f2c4416c000-7f2c4416e000 r--s 00008000 08:01 6434252                    /home/user/.gradle/wrapper/dists/gradle-2.14-bin/76oc0mnc3ieqtsukq90mp0rxk/gradle-2.14/lib/plugins/gradle-antlr-2.14.jar
7f2c4416e000-7f2c44170000 r--s 00004000 08:01 6434258                    /home/user/.gradle/wrapper/dists/gradle-2.14-bin/76oc0mnc3ieqtsukq90mp0rxk/gradle-2.14/lib/plugins/gradle-announce-2.14.jar
7f2c44170000-7f2c44188000 r--s 00115000 08:01 6438936                    /home/user/.gradle/wrapper/dists/gradle-2.14-bin/76oc0mnc3ieqtsukq90mp0rxk/gradle-2.14/lib/plugins/xercesImpl-2.9.1.jar
7f2c44188000-7f2c44190000 r--s 00028000 08:01 6438937                    /home/user/.gradle/wrapper/dists/gradle-2.14-bin/76oc0mnc3ieqtsukq90mp0rxk/gradle-2.14/lib/plugins/xml-apis-1.3.04.jar
7f2c44190000-7f2c44196000 r--s 0005b000 08:01 6438935                    /home/user/.gradle/wrapper/dists/gradle-2.14-bin/76oc0mnc3ieqtsukq90mp0rxk/gradle-2.14/lib/plugins/jcifs-1.3.17.jar
7f2c44196000-7f2c4419d000 r--s 00049000 08:01 6438934                    /home/user/.gradle/wrapper/dists/gradle-2.14-bin/76oc0mnc3ieqtsukq90mp0rxk/gradle-2.14/lib/plugins/httpcore-4.4.4.jar
7f2c4419d000-7f2c441a3000 r--s 00033000 08:01 6438882                    /home/user/.gradle/wrapper/dists/gradle-2.14-bin/76oc0mnc3ieqtsukq90mp0rxk/gradle-2.14/lib/plugins/commons-codec-1.6.jar
7f2c441a3000-7f2c441a6000 r--s 0001c000 08:01 6438892                    /home/user/.gradle/wrapper/dists/gradle-2.14-bin/76oc0mnc3ieqtsukq90mp0rxk/gradle-2.14/lib/plugins/nekohtml-1.9.14.jar
7f2c441a6000-7f2c441b3000 r--s 000a4000 08:01 6438891                    /home/user/.gradle/wrapper/dists/gradle-2.14-bin/76oc0mnc3ieqtsukq90mp0rxk/gradle-2.14/lib/plugins/httpclient-4.4.1.jar
7f2c441b3000-7f2c441b5000 r--s 0000a000 08:01 6438864                    /home/user/.gradle/wrapper/dists/gradle-2.14-bin/76oc0mnc3ieqtsukq90mp0rxk/gradle-2.14/lib/plugins/gradle-resources-http-2.14.jar
7f2c441b5000-7f2c441b9000 r--s 00014000 08:01 6438863                    /home/user/.gradle/wrapper/dists/gradle-2.14-bin/76oc0mnc3ieqtsukq90mp0rxk/gradle-2.14/lib/plugins/gradle-plugin-use-2.14.jar
7f2c441b9000-7f2c441ba000 r--s 00000000 08:01 6434190                    /home/user/.gradle/wrapper/dists/gradle-2.14-bin/76oc0mnc3ieqtsukq90mp0rxk/gradle-2.14/lib/gradle-installation-beacon-2.14.jar
7f2c441ba000-7f2c441bb000 r--s 00007000 08:01 6438930                    /home/user/.gradle/wrapper/dists/gradle-2.14-bin/76oc0mnc3ieqtsukq90mp0rxk/gradle-2.14/lib/plugins/wagon-http-shared4-2.4.jar
7f2c441bb000-7f2c441bf000 r--s 00033000 08:01 6438929                    /home/user/.gradle/wrapper/dists/gradle-2.14-bin/76oc0mnc3ieqtsukq90mp0rxk/gradle-2.14/lib/plugins/plexus-utils-2.0.6.jar
7f2c441bf000-7f2c441c3000 r--s 00021000 08:01 6438928                    /home/user/.gradle/wrapper/dists/gradle-2.14-bin/76oc0mnc3ieqtsukq90mp0rxk/gradle-2.14/lib/plugins/maven-model-builder-3.0.4.jar
7f2c441c3000-7f2c441c4000 r--s 00002000 08:01 6438927                    /home/user/.gradle/wrapper/dists/gradle-2.14-bin/76oc0mnc3ieqtsukq90mp0rxk/gradle-2.14/lib/plugins/wagon-file-2.4.jar
7f2c441c4000-7f2c441c6000 r--s 00002000 08:01 6438926                    /home/user/.gradle/wrapper/dists/gradle-2.14-bin/76oc0mnc3ieqtsukq90mp0rxk/gradle-2.14/lib/plugins/plexus-cipher-1.7.jar
7f2c441c6000-7f2c441c9000 r--s 00013000 08:01 6438925                    /home/user/.gradle/wrapper/dists/gradle-2.14-bin/76oc0mnc3ieqtsukq90mp0rxk/gradle-2.14/lib/plugins/aether-api-1.13.1.jar
7f2c441c9000-7f2c441cb000 r--s 0000a000 08:01 6438924                    /home/user/.gradle/wrapper/dists/gradle-2.14-bin/76oc0mnc3ieqtsukq90mp0rxk/gradle-2.14/lib/plugins/maven-settings-3.0.4.jar
7f2c441cb000-7f2c441cd000 r--s 0000d000 08:01 6438923                    /home/user/.gradle/wrapper/dists/gradle-2.14-bin/76oc0mnc3ieqtsukq90mp0rxk/gradle-2.14/lib/plugins/plexus-interpolation-1.14.jar
7f2c441cd000-7f2c441cf000 r--s 0000b000 08:01 6438922                    /home/user/.gradle/wrapper/dists/gradle-2.14-bin/76oc0mnc3ieqtsukq90mp0rxk/gradle-2.14/lib/plugins/maven-artifact-3.0.4.jar
7f2c441cf000-7f2c441d6000 r--s 0002e000 08:01 6438921                    /home/user/.gradle/wrapper/dists/gradle-2.14-bin/76oc0mnc3ieqtsukq90mp0rxk/gradle-2.14/lib/plugins/plexus-container-default-1.5.5.jar
7f2c441d6000-7f2c441d8000 r--s 0000b000 08:01 6438920                    /home/user/.gradle/wrapper/dists/gradle-2.14-bin/76oc0mnc3ieqtsukq90mp0rxk/gradle-2.14/lib/plugins/maven-plugin-api-3.0.4.jar
7f2c441d8000-7f2c441da000 r--s 00000000 08:01 6438938                    /home/user/.gradle/wrapper/dists/gradle-2.14-bin/76oc0mnc3ieqtsukq90mp0rxk/gradle-2.14/lib/plugins/plexus-component-annotations-1.5.5.jar
7f2c441da000-7f2c441e0000 r--s 0003f000 08:01 6438919                    /home/user/.gradle/wrapper/dists/gradle-2.14-bin/76oc0mnc3ieqtsukq90mp0rxk/gradle-2.14/lib/plugins/maven-compat-3.0.4.jar
7f2c441e0000-7f2c441e3000 r--s 00008000 08:01 6438918                    /home/user/.gradle/wrapper/dists/gradle-2.14-bin/76oc0mnc3ieqtsukq90mp0rxk/gradle-2.14/lib/plugins/maven-settings-builder-3.0.4.jar
7f2c441e3000-7f2c441e4000 r--s 00002000 08:01 6438917                    /home/user/.gradle/wrapper/dists/gradle-2.14-bin/76oc0mnc3ieqtsukq90mp0rxk/gradle-2.14/lib/plugins/wagon-http-2.4.jar
7f2c441e4000-7f2c441e6000 r--s 00026000 08:01 6438916                    /home/user/.gradle/wrapper/dists/gradle-2.14-bin/76oc0mnc3ieqtsukq90mp0rxk/gradle-2.14/lib/plugins/maven-model-3.0.4.jar
7f2c441e6000-7f2c441e8000 r--s 00006000 08:01 6438915                    /home/user/.gradle/wrapper/dists/gradle-2.14-bin/76oc0mnc3ieqtsukq90mp0rxk/gradle-2.14/lib/plugins/aether-connector-wagon-1.13.1.jar
7f2c441e8000-7f2c441ea000 r--s 0000a000 08:01 6438914                    /home/user/.gradle/wrapper/dists/gradle-2.14-bin/76oc0mnc3ieqtsukq90mp0rxk/gradle-2.14/lib/plugins/plexus-classworlds-2.4.jar
7f2c441ea000-7f2c441ec000 r--s 00006000 08:01 6438913                    /home/user/.gradle/wrapper/dists/gradle-2.14-bin/76oc0mnc3ieqtsukq90mp0rxk/gradle-2.14/lib/plugins/maven-repository-metadata-3.0.4.jar
7f2c441ec000-7f2c441ee000 r--s 0000c000 08:01 6438912                    /home/user/.gradle/wrapper/dists/gradle-2.14-bin/76oc0mnc3ieqtsukq90mp0rxk/gradle-2.14/lib/plugins/maven-aether-provider-3.0.4.jar
7f2c441ee000-7f2c441f0000 r--s 0000b000 08:01 6438911                    /home/user/.gradle/wrapper/dists/gradle-2.14-bin/76oc0mnc3ieqtsukq90mp0rxk/gradle-2.14/lib/plugins/wagon-provider-api-2.4.jar
7f2c441f0000-7f2c441f1000 r--s 00003000 08:01 6438910                    /home/user/.gradle/wrapper/dists/gradle-2.14-bin/76oc0mnc3ieqtsukq90mp0rxk/gradle-2.14/lib/plugins/aether-spi-1.13.1.jar
7f2c441f1000-7f2c441f5000 r--s 0001c000 08:01 6438909                    /home/user/.gradle/wrapper/dists/gradle-2.14-bin/76oc0mnc3ieqtsukq90mp0rxk/gradle-2.14/lib/plugins/aether-util-1.13.1.jar
7f2c441f5000-7f2c441f8000 r--s 0001d000 08:01 6438908                    /home/user/.gradle/wrapper/dists/gradle-2.14-bin/76oc0mnc3ieqtsukq90mp0rxk/gradle-2.14/lib/plugins/aether-impl-1.13.1.jar
7f2c441f8000-7f2c441f9000 r--s 00006000 08:01 6438907                    /home/user/.gradle/wrapper/dists/gradle-2.14-bin/76oc0mnc3ieqtsukq90mp0rxk/gradle-2.14/lib/plugins/plexus-sec-dispatcher-1.3.jar
7f2c441f9000-7f2c441fe000 r--s 00040000 08:01 6438893                    /home/user/.gradle/wrapper/dists/gradle-2.14-bin/76oc0mnc3ieqtsukq90mp0rxk/gradle-2.14/lib/plugins/jsch-0.1.53.jar
7f2c441fe000-7f2c4423e000 r--s 00277000 08:01 6438903                    /home/user/.gradle/wrapper/dists/gradle-2.14-bin/76oc0mnc3ieqtsukq90mp0rxk/gradle-2.14/lib/plugins/bcprov-jdk15on-1.51.jar
7f2c4423e000-7f2c44242000 r--s 0001d000 08:01 6438902                    /home/user/.gradle/wrapper/dists/gradle-2.14-bin/76oc0mnc3ieqtsukq90mp0rxk/gradle-2.14/lib/plugins/xbean-reflect-3.4.jar
7f2c44242000-7f2c4424e000 r--s 0007d000 08:01 6438879                    /home/user/.gradle/wrapper/dists/gradle-2.14-bin/76oc0mnc3ieqtsukq90mp0rxk/gradle-2.14/lib/plugins/maven-core-3.0.4.jar
7f2c4424e000-7f2c44253000 r--s 0002a000 08:01 6438886                    /home/user/.gradle/wrapper/dists/gradle-2.14-bin/76oc0mnc3ieqtsukq90mp0rxk/gradle-2.14/lib/plugins/gson-2.2.4.jar
7f2c44253000-7f2c44262000 r--s 000d9000 08:01 6438901                    /home/user/.gradle/wrapper/dists/gradle-2.14-bin/76oc0mnc3ieqtsukq90mp0rxk/gradle-2.14/lib/plugins/ivy-2.2.0.jar
7f2c44262000-7f2c4427e000 r--s 000d3000 08:01 6438868                    /home/user/.gradle/wrapper/dists/gradle-2.14-bin/76oc0mnc3ieqtsukq90mp0rxk/gradle-2.14/lib/plugins/gradle-dependency-management-2.14.jar
7f2c4427e000-7f2c44282000 r-xp 00000000 08:01 6574660                    /home/user/.gradle/native/19/linux-amd64/libnative-platform.so
7f2c44282000-7f2c44481000 ---p 00004000 08:01 6574660                    /home/user/.gradle/native/19/linux-amd64/libnative-platform.so
7f2c44481000-7f2c44482000 rw-p 00003000 08:01 6574660                    /home/user/.gradle/native/19/linux-amd64/libnative-platform.so
7f2c44482000-7f2c44493000 r-xp 00000000 08:01 4990919                    /usr/lib/jvm/java-8-openjdk-amd64/jre/lib/amd64/libnio.so
7f2c44493000-7f2c44693000 ---p 00011000 08:01 4990919                    /usr/lib/jvm/java-8-openjdk-amd64/jre/lib/amd64/libnio.so
7f2c44693000-7f2c44694000 r--p 00011000 08:01 4990919                    /usr/lib/jvm/java-8-openjdk-amd64/jre/lib/amd64/libnio.so
7f2c44694000-7f2c44695000 rw-p 00012000 08:01 4990919                    /usr/lib/jvm/java-8-openjdk-amd64/jre/lib/amd64/libnio.so
7f2c44695000-7f2c47696000 rw-p 00000000 00:00 0 
7f2c47696000-7f2c476ac000 r-xp 00000000 08:01 4990918                    /usr/lib/jvm/java-8-openjdk-amd64/jre/lib/amd64/libnet.so
7f2c476ac000-7f2c478ac000 ---p 00016000 08:01 4990918                    /usr/lib/jvm/java-8-openjdk-amd64/jre/lib/amd64/libnet.so
7f2c478ac000-7f2c478ad000 r--p 00016000 08:01 4990918                    /usr/lib/jvm/java-8-openjdk-amd64/jre/lib/amd64/libnet.so
7f2c478ad000-7f2c478ae000 rw-p 00017000 08:01 4990918                    /usr/lib/jvm/java-8-openjdk-amd64/jre/lib/amd64/libnet.so
7f2c478ae000-7f2c478b0000 r--s 00005000 08:01 6434189                    /home/user/.gradle/wrapper/dists/gradle-2.14-bin/76oc0mnc3ieqtsukq90mp0rxk/gradle-2.14/lib/gradle-wrapper-2.14.jar
7f2c478b0000-7f2c478be000 r--s 0004f000 08:01 6434196                    /home/user/.gradle/wrapper/dists/gradle-2.14-bin/76oc0mnc3ieqtsukq90mp0rxk/gradle-2.14/lib/gradle-tooling-api-2.14.jar
7f2c478be000-7f2c478c0000 r--s 00002000 08:01 6434221                    /home/user/.gradle/wrapper/dists/gradle-2.14-bin/76oc0mnc3ieqtsukq90mp0rxk/gradle-2.14/lib/gradle-open-api-2.14.jar
7f2c478c0000-7f2c478c6000 r--s 00032000 08:01 6434223                    /home/user/.gradle/wrapper/dists/gradle-2.14-bin/76oc0mnc3ieqtsukq90mp0rxk/gradle-2.14/lib/jaxen-1.1.jar
7f2c478c6000-7f2c478cb000 r--s 00048000 08:01 6434222                    /home/user/.gradle/wrapper/dists/gradle-2.14-bin/76oc0mnc3ieqtsukq90mp0rxk/gradle-2.14/lib/dom4j-1.6.1.jar
7f2c478cb000-7f2c478d6000 r--s 00059000 08:01 6434195                    /home/user/.gradle/wrapper/dists/gradle-2.14-bin/76oc0mnc3ieqtsukq90mp0rxk/gradle-2.14/lib/gradle-ui-2.14.jar
7f2c478d6000-7f2c478d9000 r--s 0000b000 08:01 6434219                    /home/user/.gradle/wrapper/dists/gradle-2.14-bin/76oc0mnc3ieqtsukq90mp0rxk/gradle-2.14/lib/gradle-resources-2.14.jar
7f2c478d9000-7f2c478db000 r--s 00003000 08:01 6434235                    /home/user/.gradle/wrapper/dists/gradle-2.14-bin/76oc0mnc3ieqtsukq90mp0rxk/gradle-2.14/lib/jcl-over-slf4j-1.7.10.jar
7f2c478db000-7f2c478dc000 r--s 00005000 08:01 6434234                    /home/user/.gradle/wrapper/dists/gradle-2.14-bin/76oc0mnc3ieqtsukq90mp0rxk/gradle-2.14/lib/log4j-over-slf4j-1.7.10.jar
7f2c478dc000-7f2c478de000 r--s 00000000 08:01 6434233                    /home/user/.gradle/wrapper/dists/gradle-2.14-bin/76oc0mnc3ieqtsukq90mp0rxk/gradle-2.14/lib/jul-to-slf4j-1.7.10.jar
7f2c478de000-7f2c478e3000 r--s 0001c000 08:01 6434217                    /home/user/.gradle/wrapper/dists/gradle-2.14-bin/76oc0mnc3ieqtsukq90mp0rxk/gradle-2.14/lib/gradle-logging-2.14.jar
7f2c478e3000-7f2c478e5000 r--s 00007000 08:01 6434246                    /home/user/.gradle/wrapper/dists/gradle-2.14-bin/76oc0mnc3ieqtsukq90mp0rxk/gradle-2.14/lib/objenesis-1.2.jar
7f2c478e5000-7f2c478e7000 r--s 00000000 08:01 6434245                    /home/user/.gradle/wrapper/dists/gradle-2.14-bin/76oc0mnc3ieqtsukq90mp0rxk/gradle-2.14/lib/minlog-1.2.jar
7f2c478e7000-7f2c478e9000 r--s 0000f000 08:01 6434244                    /home/user/.gradle/wrapper/dists/gradle-2.14-bin/76oc0mnc3ieqtsukq90mp0rxk/gradle-2.14/lib/reflectasm-1.07-shaded.jar
7f2c478e9000-7f2c478ed000 r--s 00026000 08:01 6434232                    /home/user/.gradle/wrapper/dists/gradle-2.14-bin/76oc0mnc3ieqtsukq90mp0rxk/gradle-2.14/lib/kryo-2.20.jar
7f2c478ed000-7f2c478f3000 r--s 00025000 08:01 6434215                    /home/user/.gradle/wrapper/dists/gradle-2.14-bin/76oc0mnc3ieqtsukq90mp0rxk/gradle-2.14/lib/gradle-messaging-2.14.jar
7f2c478f3000-7f2c478f4000 r--s 00003000 08:01 6434243                    /home/user/.gradle/wrapper/dists/gradle-2.14-bin/76oc0mnc3ieqtsukq90mp0rxk/gradle-2.14/lib/native-platform-freebsd-amd64-0.10.jar
7f2c478f4000-7f2c478f5000 r--s 00003000 08:01 6434242                    /home/user/.gradle/wrapper/dists/gradle-2.14-bin/76oc0mnc3ieqtsukq90mp0rxk/gradle-2.14/lib/native-platform-freebsd-i386-0.10.jar
7f2c478f5000-7f2c478f6000 r--s 00005000 08:01 6434241                    /home/user/.gradle/wrapper/dists/gradle-2.14-bin/76oc0mnc3ieqtsukq90mp0rxk/gradle-2.14/lib/native-platform-windows-i386-0.10.jar
7f2c478f6000-7f2c478f7000 r--s 00005000 08:01 6434240                    /home/user/.gradle/wrapper/dists/gradle-2.14-bin/76oc0mnc3ieqtsukq90mp0rxk/gradle-2.14/lib/native-platform-windows-amd64-0.10.jar
7f2c478f7000-7f2c478f8000 r--s 00003000 08:01 6434239                    /home/user/.gradle/wrapper/dists/gradle-2.14-bin/76oc0mnc3ieqtsukq90mp0rxk/gradle-2.14/lib/native-platform-linux-i386-0.10.jar
7f2c478f8000-7f2c478f9000 r--s 00003000 08:01 6434238                    /home/user/.gradle/wrapper/dists/gradle-2.14-bin/76oc0mnc3ieqtsukq90mp0rxk/gradle-2.14/lib/native-platform-linux-amd64-0.10.jar
7f2c478f9000-7f2c478fa000 r--s 00002000 08:01 6434237                    /home/user/.gradle/wrapper/dists/gradle-2.14-bin/76oc0mnc3ieqtsukq90mp0rxk/gradle-2.14/lib/native-platform-osx-amd64-0.10.jar
7f2c478fa000-7f2c478fb000 r--s 00002000 08:01 6434236                    /home/user/.gradle/wrapper/dists/gradle-2.14-bin/76oc0mnc3ieqtsukq90mp0rxk/gradle-2.14/lib/native-platform-osx-i386-0.10.jar
7f2c478fb000-7f2c478fd000 r--s 00008000 08:01 6434229                    /home/user/.gradle/wrapper/dists/gradle-2.14-bin/76oc0mnc3ieqtsukq90mp0rxk/gradle-2.14/lib/jansi-1.2.1.jar
7f2c478fd000-7f2c47900000 r--s 0000d000 08:01 6434227                    /home/user/.gradle/wrapper/dists/gradle-2.14-bin/76oc0mnc3ieqtsukq90mp0rxk/gradle-2.14/lib/native-platform-0.10.jar
7f2c47900000-7f2c47904000 r--s 000e4000 08:01 6434224                    /home/user/.gradle/wrapper/dists/gradle-2.14-bin/76oc0mnc3ieqtsukq90mp0rxk/gradle-2.14/lib/jna-3.2.7.jar
7f2c47904000-7f2c47906000 r--s 00009000 08:01 6434197                    /home/user/.gradle/wrapper/dists/gradle-2.14-bin/76oc0mnc3ieqtsukq90mp0rxk/gradle-2.14/lib/gradle-native-2.14.jar
7f2c47906000-7f2c47908000 r--s 00005000 08:01 6434194                    /home/user/.gradle/wrapper/dists/gradle-2.14-bin/76oc0mnc3ieqtsukq90mp0rxk/gradle-2.14/lib/gradle-cli-2.14.jar
7f2c47908000-7f2c47917000 r--s 00080000 08:01 6434203                    /home/user/.gradle/wrapper/dists/gradle-2.14-bin/76oc0mnc3ieqtsukq90mp0rxk/gradle-2.14/lib/gradle-model-core-2.14.jar
7f2c47917000-7f2c4791b000 r--s 00027000 08:01 6434210                    /home/user/.gradle/wrapper/dists/gradle-2.14-bin/76oc0mnc3ieqtsukq90mp0rxk/gradle-2.14/lib/commons-io-2.2.jar
7f2c4791b000-7f2c47928000 r--s 00083000 08:01 6434209                    /home/user/.gradle/wrapper/dists/gradle-2.14-bin/76oc0mnc3ieqtsukq90mp0rxk/gradle-2.14/lib/commons-collections-3.2.2.jar
7f2c47928000-7f2c4792d000 r--s 00038000 08:01 6434207                    /home/user/.gradle/wrapper/dists/gradle-2.14-bin/76oc0mnc3ieqtsukq90mp0rxk/gradle-2.14/lib/asm-all-5.1.jar
7f2c4792d000-7f2c4799c000 r--s 0063e000 08:01 6434202                    /home/user/.gradle/wrapper/dists/gradle-2.14-bin/76oc0mnc3ieqtsukq90mp0rxk/gradle-2.14/lib/groovy-all-2.4.4.jar
7f2c4799c000-7f2c479c4000 r--s 001cf000 08:01 6434199                    /home/user/.gradle/wrapper/dists/gradle-2.14-bin/76oc0mnc3ieqtsukq90mp0rxk/gradle-2.14/lib/guava-jdk5-17.0.jar
7f2c479c4000-7f2c479fa000 r--s 001bc000 08:01 6434193                    /home/user/.gradle/wrapper/dists/gradle-2.14-bin/76oc0mnc3ieqtsukq90mp0rxk/gradle-2.14/lib/gradle-core-2.14.jar
7f2c479fa000-7f2c479fb000 ---p 00000000 00:00 0 
7f2c479fb000-7f2c47afb000 rw-p 00000000 00:00 0 
7f2c47afb000-7f2c47afe000 ---p 00000000 00:00 0 
7f2c47afe000-7f2c47bfc000 rw-p 00000000 00:00 0 
7f2c47bfc000-7f2c47bff000 ---p 00000000 00:00 0 
7f2c47bff000-7f2c47cfd000 rw-p 00000000 00:00 0 
7f2c47cfd000-7f2c47d00000 ---p 00000000 00:00 0 
7f2c47d00000-7f2c47dfe000 rw-p 00000000 00:00 0 
7f2c47dfe000-7f2c47e01000 ---p 00000000 00:00 0 
7f2c47e01000-7f2c47eff000 rw-p 00000000 00:00 0 
7f2c47eff000-7f2c47f02000 ---p 00000000 00:00 0 
7f2c47f02000-7f2c48000000 rw-p 00000000 00:00 0 
7f2c48000000-7f2c48021000 rw-p 00000000 00:00 0 
7f2c48021000-7f2c4c000000 ---p 00000000 00:00 0 
7f2c4c000000-7f2c4c021000 rw-p 00000000 00:00 0 
7f2c4c021000-7f2c50000000 ---p 00000000 00:00 0 
7f2c50000000-7f2c50021000 rw-p 00000000 00:00 0 
7f2c50021000-7f2c54000000 ---p 00000000 00:00 0 
7f2c54000000-7f2c54002000 r--s 00007000 08:01 6434205                    /home/user/.gradle/wrapper/dists/gradle-2.14-bin/76oc0mnc3ieqtsukq90mp0rxk/gradle-2.14/lib/gradle-model-groovy-2.14.jar
7f2c54002000-7f2c54003000 r--s 00006000 08:01 6434214                    /home/user/.gradle/wrapper/dists/gradle-2.14-bin/76oc0mnc3ieqtsukq90mp0rxk/gradle-2.14/lib/gradle-base-services-groovy-2.14.jar
7f2c54003000-7f2c54008000 r--s 00041000 08:01 6434200                    /home/user/.gradle/wrapper/dists/gradle-2.14-bin/76oc0mnc3ieqtsukq90mp0rxk/gradle-2.14/lib/commons-lang-2.6.jar
7f2c54008000-7f2c54027000 r--s 001d1000 08:01 6434208                    /home/user/.gradle/wrapper/dists/gradle-2.14-bin/76oc0mnc3ieqtsukq90mp0rxk/gradle-2.14/lib/ant-1.9.6.jar
7f2c54027000-7f2c5402f000 r--s 0003a000 08:01 6434191                    /home/user/.gradle/wrapper/dists/gradle-2.14-bin/76oc0mnc3ieqtsukq90mp0rxk/gradle-2.14/lib/gradle-base-services-2.14.jar
7f2c5402f000-7f2c5403a000 r--s 00051000 08:01 6434188                    /home/user/.gradle/wrapper/dists/gradle-2.14-bin/76oc0mnc3ieqtsukq90mp0rxk/gradle-2.14/lib/gradle-launcher-2.14.jar
7f2c5403a000-7f2c54055000 r--s 001d6000 08:01 4995269                    /usr/lib/jvm/java-8-openjdk-amd64/jre/lib/ext/nashorn.jar
7f2c54055000-7f2c54070000 r--s 00394000 08:01 4995259                    /usr/lib/jvm/java-8-openjdk-amd64/jre/lib/ext/cldrdata.jar
7f2c54070000-7f2c54073000 ---p 00000000 00:00 0 
7f2c54073000-7f2c54171000 rw-p 00000000 00:00 0 
7f2c54171000-7f2c545cf000 r--p 00000000 08:01 4982340                    /usr/lib/locale/locale-archive
7f2c545cf000-7f2c545d2000 ---p 00000000 00:00 0 
7f2c545d2000-7f2c546d0000 rw-p 00000000 00:00 0 
7f2c546d0000-7f2c546d3000 ---p 00000000 00:00 0 
7f2c546d3000-7f2c547d1000 rw-p 00000000 00:00 0 
7f2c547d1000-7f2c547d2000 ---p 00000000 00:00 0 
7f2c547d2000-7f2c56543000 rw-p 00000000 00:00 0 
7f2c56543000-7f2c56711000 r--s 03c2c000 08:01 4995290                    /usr/lib/jvm/java-8-openjdk-amd64/jre/lib/rt.jar
7f2c56711000-7f2c57511000 rw-p 00000000 00:00 0 
7f2c57511000-7f2c57512000 ---p 00000000 00:00 0 
7f2c57512000-7f2c57612000 rw-p 00000000 00:00 0 
7f2c57612000-7f2c57613000 ---p 00000000 00:00 0 
7f2c57613000-7f2c57713000 rw-p 00000000 00:00 0 
7f2c57713000-7f2c57714000 ---p 00000000 00:00 0 
7f2c57714000-7f2c57814000 rw-p 00000000 00:00 0 
7f2c57814000-7f2c57815000 ---p 00000000 00:00 0 
7f2c57815000-7f2c57915000 rw-p 00000000 00:00 0 
7f2c57915000-7f2c57916000 ---p 00000000 00:00 0 
7f2c57916000-7f2c57a16000 rw-p 00000000 00:00 0 
7f2c57a16000-7f2c57a17000 ---p 00000000 00:00 0 
7f2c57a17000-7f2c57b17000 rw-p 00000000 00:00 0 
7f2c57b17000-7f2c57b18000 ---p 00000000 00:00 0 
7f2c57b18000-7f2c57c49000 rw-p 00000000 00:00 0 
7f2c57c49000-7f2c58018000 ---p 00000000 00:00 0 
7f2c58018000-7f2c58049000 rw-p 00000000 00:00 0 
7f2c58049000-7f2c58418000 ---p 00000000 00:00 0 
7f2c58418000-7f2c58499000 rw-p 00000000 00:00 0 
7f2c58499000-7f2c58618000 ---p 00000000 00:00 0 
7f2c58618000-7f2c58664000 rw-p 00000000 00:00 0 
7f2c58664000-7f2c589d9000 ---p 00000000 00:00 0 
7f2c589d9000-7f2c59c79000 rwxp 00000000 00:00 0 
7f2c59c79000-7f2c679d9000 ---p 00000000 00:00 0 
7f2c679d9000-7f2c679e1000 r-xp 00000000 08:01 4990926                    /usr/lib/jvm/java-8-openjdk-amd64/jre/lib/amd64/libzip.so
7f2c679e1000-7f2c67be0000 ---p 00008000 08:01 4990926                    /usr/lib/jvm/java-8-openjdk-amd64/jre/lib/amd64/libzip.so
7f2c67be0000-7f2c67be1000 r--p 00007000 08:01 4990926                    /usr/lib/jvm/java-8-openjdk-amd64/jre/lib/amd64/libzip.so
7f2c67be1000-7f2c67be2000 rw-p 00008000 08:01 4990926                    /usr/lib/jvm/java-8-openjdk-amd64/jre/lib/amd64/libzip.so
7f2c67be2000-7f2c67bed000 r-xp 00000000 08:01 4727602                    /lib/x86_64-linux-gnu/libnss_files-2.26.so
7f2c67bed000-7f2c67dec000 ---p 0000b000 08:01 4727602                    /lib/x86_64-linux-gnu/libnss_files-2.26.so
7f2c67dec000-7f2c67ded000 r--p 0000a000 08:01 4727602                    /lib/x86_64-linux-gnu/libnss_files-2.26.so
7f2c67ded000-7f2c67dee000 rw-p 0000b000 08:01 4727602                    /lib/x86_64-linux-gnu/libnss_files-2.26.so
7f2c67dee000-7f2c67df4000 rw-p 00000000 00:00 0 
7f2c67df4000-7f2c67dff000 r-xp 00000000 08:01 4727604                    /lib/x86_64-linux-gnu/libnss_nis-2.26.so
7f2c67dff000-7f2c67ffe000 ---p 0000b000 08:01 4727604                    /lib/x86_64-linux-gnu/libnss_nis-2.26.so
7f2c67ffe000-7f2c67fff000 r--p 0000a000 08:01 4727604                    /lib/x86_64-linux-gnu/libnss_nis-2.26.so
7f2c67fff000-7f2c68000000 rw-p 0000b000 08:01 4727604                    /lib/x86_64-linux-gnu/libnss_nis-2.26.so
7f2c68000000-7f2c68c93000 rw-p 00000000 00:00 0 
7f2c68c93000-7f2c6c000000 ---p 00000000 00:00 0 
7f2c6c000000-7f2c6c001000 r--s 00002000 08:01 6434220                    /home/user/.gradle/wrapper/dists/gradle-2.14-bin/76oc0mnc3ieqtsukq90mp0rxk/gradle-2.14/lib/gradle-docs-2.14.jar
7f2c6c001000-7f2c6c002000 r--s 00000000 08:01 6434212                    /home/user/.gradle/wrapper/dists/gradle-2.14-bin/76oc0mnc3ieqtsukq90mp0rxk/gradle-2.14/lib/javax.inject-1.jar
7f2c6c002000-7f2c6c003000 r--s 00000000 08:01 6434211                    /home/user/.gradle/wrapper/dists/gradle-2.14-bin/76oc0mnc3ieqtsukq90mp0rxk/gradle-2.14/lib/jcip-annotations-1.0.jar
7f2c6c003000-7f2c6c004000 r--s 00001000 08:01 6434201                    /home/user/.gradle/wrapper/dists/gradle-2.14-bin/76oc0mnc3ieqtsukq90mp0rxk/gradle-2.14/lib/gradle-process-services-2.14.jar
7f2c6c004000-7f2c6c009000 r--s 0003b000 08:01 4995271                    /usr/lib/jvm/java-8-openjdk-amd64/jre/lib/ext/sunjce_provider.jar
7f2c6c009000-7f2c6c013000 r--s 00116000 08:01 4995268                    /usr/lib/jvm/java-8-openjdk-amd64/jre/lib/ext/localedata.jar
7f2c6c013000-7f2c6c089000 rw-p 00000000 00:00 0 
7f2c6c089000-7f2c6c08a000 ---p 00000000 00:00 0 
7f2c6c08a000-7f2c6c18a000 rw-p 00000000 00:00 0 
7f2c6c18a000-7f2c6c1a1000 r-xp 00000000 08:01 4727599                    /lib/x86_64-linux-gnu/libnsl-2.26.so
7f2c6c1a1000-7f2c6c3a0000 ---p 00017000 08:01 4727599                    /lib/x86_64-linux-gnu/libnsl-2.26.so
7f2c6c3a0000-7f2c6c3a1000 r--p 00016000 08:01 4727599                    /lib/x86_64-linux-gnu/libnsl-2.26.so
7f2c6c3a1000-7f2c6c3a2000 rw-p 00017000 08:01 4727599                    /lib/x86_64-linux-gnu/libnsl-2.26.so
7f2c6c3a2000-7f2c6c3a4000 rw-p 00000000 00:00 0 
7f2c6c3a4000-7f2c6c3ac000 r-xp 00000000 08:01 4727600                    /lib/x86_64-linux-gnu/libnss_compat-2.26.so
7f2c6c3ac000-7f2c6c5ab000 ---p 00008000 08:01 4727600                    /lib/x86_64-linux-gnu/libnss_compat-2.26.so
7f2c6c5ab000-7f2c6c5ac000 r--p 00007000 08:01 4727600                    /lib/x86_64-linux-gnu/libnss_compat-2.26.so
7f2c6c5ac000-7f2c6c5ad000 rw-p 00008000 08:01 4727600                    /lib/x86_64-linux-gnu/libnss_compat-2.26.so
7f2c6c5ad000-7f2c6c5db000 r-xp 00000000 08:01 4990907                    /usr/lib/jvm/java-8-openjdk-amd64/jre/lib/amd64/libjava.so
7f2c6c5db000-7f2c6c7da000 ---p 0002e000 08:01 4990907                    /usr/lib/jvm/java-8-openjdk-amd64/jre/lib/amd64/libjava.so
7f2c6c7da000-7f2c6c7db000 r--p 0002d000 08:01 4990907                    /usr/lib/jvm/java-8-openjdk-amd64/jre/lib/amd64/libjava.so
7f2c6c7db000-7f2c6c7dd000 rw-p 0002e000 08:01 4990907                    /usr/lib/jvm/java-8-openjdk-amd64/jre/lib/amd64/libjava.so
7f2c6c7dd000-7f2c6c7ed000 r-xp 00000000 08:01 4990925                    /usr/lib/jvm/java-8-openjdk-amd64/jre/lib/amd64/libverify.so
7f2c6c7ed000-7f2c6c9ec000 ---p 00010000 08:01 4990925                    /usr/lib/jvm/java-8-openjdk-amd64/jre/lib/amd64/libverify.so
7f2c6c9ec000-7f2c6c9ee000 r--p 0000f000 08:01 4990925                    /usr/lib/jvm/java-8-openjdk-amd64/jre/lib/amd64/libverify.so
7f2c6c9ee000-7f2c6c9ef000 rw-p 00011000 08:01 4990925                    /usr/lib/jvm/java-8-openjdk-amd64/jre/lib/amd64/libverify.so
7f2c6c9ef000-7f2c6c9f6000 r-xp 00000000 08:01 4727609                    /lib/x86_64-linux-gnu/librt-2.26.so
7f2c6c9f6000-7f2c6cbf5000 ---p 00007000 08:01 4727609                    /lib/x86_64-linux-gnu/librt-2.26.so
7f2c6cbf5000-7f2c6cbf6000 r--p 00006000 08:01 4727609                    /lib/x86_64-linux-gnu/librt-2.26.so
7f2c6cbf6000-7f2c6cbf7000 rw-p 00007000 08:01 4727609                    /lib/x86_64-linux-gnu/librt-2.26.so
7f2c6cbf7000-7f2c6cc0d000 r-xp 00000000 08:01 4726873                    /lib/x86_64-linux-gnu/libgcc_s.so.1
7f2c6cc0d000-7f2c6ce0c000 ---p 00016000 08:01 4726873                    /lib/x86_64-linux-gnu/libgcc_s.so.1
7f2c6ce0c000-7f2c6ce0d000 r--p 00015000 08:01 4726873                    /lib/x86_64-linux-gnu/libgcc_s.so.1
7f2c6ce0d000-7f2c6ce0e000 rw-p 00016000 08:01 4726873                    /lib/x86_64-linux-gnu/libgcc_s.so.1
7f2c6ce0e000-7f2c6cf63000 r-xp 00000000 08:01 4727581                    /lib/x86_64-linux-gnu/libm-2.26.so
7f2c6cf63000-7f2c6d162000 ---p 00155000 08:01 4727581                    /lib/x86_64-linux-gnu/libm-2.26.so
7f2c6d162000-7f2c6d163000 r--p 00154000 08:01 4727581                    /lib/x86_64-linux-gnu/libm-2.26.so
7f2c6d163000-7f2c6d164000 rw-p 00155000 08:01 4727581                    /lib/x86_64-linux-gnu/libm-2.26.so
7f2c6d164000-7f2c6d2dc000 r-xp 00000000 08:01 4983227                    /usr/lib/x86_64-linux-gnu/libstdc++.so.6.0.24
7f2c6d2dc000-7f2c6d4db000 ---p 00178000 08:01 4983227                    /usr/lib/x86_64-linux-gnu/libstdc++.so.6.0.24
7f2c6d4db000-7f2c6d4e5000 r--p 00177000 08:01 4983227                    /usr/lib/x86_64-linux-gnu/libstdc++.so.6.0.24
7f2c6d4e5000-7f2c6d4e7000 rw-p 00181000 08:01 4983227                    /usr/lib/x86_64-linux-gnu/libstdc++.so.6.0.24
7f2c6d4e7000-7f2c6d4ea000 rw-p 00000000 00:00 0 
7f2c6d4ea000-7f2c6e17a000 r-xp 00000000 08:01 4990928                    /usr/lib/jvm/java-8-openjdk-amd64/jre/lib/amd64/server/libjvm.so
7f2c6e17a000-7f2c6e37a000 ---p 00c90000 08:01 4990928                    /usr/lib/jvm/java-8-openjdk-amd64/jre/lib/amd64/server/libjvm.so
7f2c6e37a000-7f2c6e40d000 r--p 00c90000 08:01 4990928                    /usr/lib/jvm/java-8-openjdk-amd64/jre/lib/amd64/server/libjvm.so
7f2c6e40d000-7f2c6e435000 rw-p 00d23000 08:01 4990928                    /usr/lib/jvm/java-8-openjdk-amd64/jre/lib/amd64/server/libjvm.so
7f2c6e435000-7f2c6e466000 rw-p 00000000 00:00 0 
7f2c6e466000-7f2c6e480000 r-xp 00000000 08:01 4727607                    /lib/x86_64-linux-gnu/libpthread-2.26.so
7f2c6e480000-7f2c6e67f000 ---p 0001a000 08:01 4727607                    /lib/x86_64-linux-gnu/libpthread-2.26.so
7f2c6e67f000-7f2c6e680000 r--p 00019000 08:01 4727607                    /lib/x86_64-linux-gnu/libpthread-2.26.so
7f2c6e680000-7f2c6e681000 rw-p 0001a000 08:01 4727607                    /lib/x86_64-linux-gnu/libpthread-2.26.so
7f2c6e681000-7f2c6e685000 rw-p 00000000 00:00 0 
7f2c6e685000-7f2c6e688000 r-xp 00000000 08:01 4727578                    /lib/x86_64-linux-gnu/libdl-2.26.so
7f2c6e688000-7f2c6e887000 ---p 00003000 08:01 4727578                    /lib/x86_64-linux-gnu/libdl-2.26.so
7f2c6e887000-7f2c6e888000 r--p 00002000 08:01 4727578                    /lib/x86_64-linux-gnu/libdl-2.26.so
7f2c6e888000-7f2c6e889000 rw-p 00003000 08:01 4727578                    /lib/x86_64-linux-gnu/libdl-2.26.so
7f2c6e889000-7f2c6e8a5000 r-xp 00000000 08:01 4723444                    /lib/x86_64-linux-gnu/libz.so.1.2.11
7f2c6e8a5000-7f2c6eaa4000 ---p 0001c000 08:01 4723444                    /lib/x86_64-linux-gnu/libz.so.1.2.11
7f2c6eaa4000-7f2c6eaa5000 r--p 0001b000 08:01 4723444                    /lib/x86_64-linux-gnu/libz.so.1.2.11
7f2c6eaa5000-7f2c6eaa6000 rw-p 0001c000 08:01 4723444                    /lib/x86_64-linux-gnu/libz.so.1.2.11
7f2c6eaa6000-7f2c6ec7c000 r-xp 00000000 08:01 4727471                    /lib/x86_64-linux-gnu/libc-2.26.so
7f2c6ec7c000-7f2c6ee7c000 ---p 001d6000 08:01 4727471                    /lib/x86_64-linux-gnu/libc-2.26.so
7f2c6ee7c000-7f2c6ee80000 r--p 001d6000 08:01 4727471                    /lib/x86_64-linux-gnu/libc-2.26.so
7f2c6ee80000-7f2c6ee82000 rw-p 001da000 08:01 4727471                    /lib/x86_64-linux-gnu/libc-2.26.so
7f2c6ee82000-7f2c6ee86000 rw-p 00000000 00:00 0 
7f2c6ee86000-7f2c6ee94000 r-xp 00000000 08:01 4990891                    /usr/lib/jvm/java-8-openjdk-amd64/jre/lib/amd64/jli/libjli.so
7f2c6ee94000-7f2c6f093000 ---p 0000e000 08:01 4990891                    /usr/lib/jvm/java-8-openjdk-amd64/jre/lib/amd64/jli/libjli.so
7f2c6f093000-7f2c6f094000 r--p 0000d000 08:01 4990891                    /usr/lib/jvm/java-8-openjdk-amd64/jre/lib/amd64/jli/libjli.so
7f2c6f094000-7f2c6f095000 rw-p 0000e000 08:01 4990891                    /usr/lib/jvm/java-8-openjdk-amd64/jre/lib/amd64/jli/libjli.so
7f2c6f095000-7f2c6f0bc000 r-xp 00000000 08:01 4727448                    /lib/x86_64-linux-gnu/ld-2.26.so
7f2c6f0bc000-7f2c6f0bd000 r--s 00000000 08:01 6434192                    /home/user/.gradle/wrapper/dists/gradle-2.14-bin/76oc0mnc3ieqtsukq90mp0rxk/gradle-2.14/lib/gradle-jvm-services-2.14.jar
7f2c6f0bd000-7f2c6f0be000 r--s 00007000 08:01 6434198                    /home/user/.gradle/wrapper/dists/gradle-2.14-bin/76oc0mnc3ieqtsukq90mp0rxk/gradle-2.14/lib/slf4j-api-1.7.10.jar
7f2c6f0be000-7f2c6f0bf000 r--s 00004000 08:01 6434230                    /home/user/.gradle/wrapper/dists/gradle-2.14-bin/76oc0mnc3ieqtsukq90mp0rxk/gradle-2.14/lib/ant-launcher-1.9.6.jar
7f2c6f0bf000-7f2c6f0c2000 r--s 00038000 08:01 4995272                    /usr/lib/jvm/java-8-openjdk-amd64/jre/lib/ext/sunpkcs11.jar
7f2c6f0c2000-7f2c6f0c3000 r--s 00010000 08:01 4995273                    /usr/lib/jvm/java-8-openjdk-amd64/jre/lib/ext/zipfs.jar
7f2c6f0c3000-7f2c6f0c5000 r--s 00008000 08:01 4995270                    /usr/lib/jvm/java-8-openjdk-amd64/jre/lib/ext/sunec.jar
7f2c6f0c5000-7f2c6f17d000 rw-p 00000000 00:00 0 
7f2c6f17d000-7f2c6f180000 ---p 00000000 00:00 0 
7f2c6f180000-7f2c6f280000 rw-p 00000000 00:00 0 
7f2c6f280000-7f2c6f282000 r--s 00007000 08:01 5380712                    /usr/share/java/java-atk-wrapper.jar
7f2c6f282000-7f2c6f283000 r--s 0000a000 08:01 4995267                    /usr/lib/jvm/java-8-openjdk-amd64/jre/lib/ext/jaccess.jar
7f2c6f283000-7f2c6f285000 r--s 00001000 08:01 4995260                    /usr/lib/jvm/java-8-openjdk-amd64/jre/lib/ext/dnsns.jar
7f2c6f285000-7f2c6f288000 r--s 0000f000 08:01 4995266                    /usr/lib/jvm/java-8-openjdk-amd64/jre/lib/ext/icedtea-sound.jar
7f2c6f288000-7f2c6f2b0000 rw-p 00000000 00:00 0 
7f2c6f2b0000-7f2c6f2b8000 rw-s 00000000 08:01 2493092                    /tmp/hsperfdata_user/13450
7f2c6f2b8000-7f2c6f2b9000 rw-p 00000000 00:00 0 
7f2c6f2b9000-7f2c6f2ba000 ---p 00000000 00:00 0 
7f2c6f2ba000-7f2c6f2bc000 rw-p 00000000 00:00 0 
7f2c6f2bc000-7f2c6f2bd000 r--p 00027000 08:01 4727448                    /lib/x86_64-linux-gnu/ld-2.26.so
7f2c6f2bd000-7f2c6f2be000 rw-p 00028000 08:01 4727448                    /lib/x86_64-linux-gnu/ld-2.26.so
7f2c6f2be000-7f2c6f2bf000 rw-p 00000000 00:00 0 
7ffe2aa41000-7ffe2aa62000 rw-p 00000000 00:00 0                          [stack]
7ffe2ab84000-7ffe2ab87000 r--p 00000000 00:00 0                          [vvar]
7ffe2ab87000-7ffe2ab89000 r-xp 00000000 00:00 0                          [vdso]
ffffffffff600000-ffffffffff601000 r-xp 00000000 00:00 0                  [vsyscall]

VM Arguments:
jvm_args: -Xmx3G -Dfile.encoding=UTF-8 -Duser.country=NO -Duser.language=nb -Duser.variant 
java_command: org.gradle.launcher.daemon.bootstrap.GradleDaemon 2.14
java_class_path (initial): /home/user/.gradle/wrapper/dists/gradle-2.14-bin/76oc0mnc3ieqtsukq90mp0rxk/gradle-2.14/lib/gradle-launcher-2.14.jar
Launcher Type: SUN_STANDARD

Environment Variables:
JAVA_HOME=/usr/lib/jvm/java-9-oracle
PATH=/usr/local/sbin:/usr/local/bin:/usr/sbin:/usr/bin:/sbin:/bin:/usr/games:/usr/local/games:/snap/bin:/usr/lib/jvm/java-9-oracle/bin:/usr/lib/jvm/java-9-oracle/db/bin
USERNAME=user
SHELL=/bin/bash
DISPLAY=:1

Signal Handlers:
SIGSEGV: [libjvm.so+0xaaafa0], sa_mask[0]=11111111011111111101111111111110, sa_flags=SA_RESTART|SA_SIGINFO
SIGBUS: [libjvm.so+0xaaafa0], sa_mask[0]=11111111011111111101111111111110, sa_flags=SA_RESTART|SA_SIGINFO
SIGFPE: [libjvm.so+0x8e12c0], sa_mask[0]=11111111011111111101111111111110, sa_flags=SA_RESTART|SA_SIGINFO
SIGPIPE: [libjvm.so+0x8e12c0], sa_mask[0]=11111111011111111101111111111110, sa_flags=SA_RESTART|SA_SIGINFO
SIGXFSZ: [libjvm.so+0x8e12c0], sa_mask[0]=11111111011111111101111111111110, sa_flags=SA_RESTART|SA_SIGINFO
SIGILL: [libjvm.so+0x8e12c0], sa_mask[0]=11111111011111111101111111111110, sa_flags=SA_RESTART|SA_SIGINFO
SIGUSR1: SIG_DFL, sa_mask[0]=00000000000000000000000000000000, sa_flags=none
SIGUSR2: [libjvm.so+0x8e1170], sa_mask[0]=00100000000000000000000000000000, sa_flags=SA_RESTART|SA_SIGINFO
SIGHUP: [libjvm.so+0x8e1620], sa_mask[0]=11111111011111111101111111111110, sa_flags=SA_RESTART|SA_SIGINFO
SIGINT: [libjvm.so+0x8e1620], sa_mask[0]=11111111011111111101111111111110, sa_flags=SA_RESTART|SA_SIGINFO
SIGTERM: [libjvm.so+0x8e1620], sa_mask[0]=11111111011111111101111111111110, sa_flags=SA_RESTART|SA_SIGINFO
SIGQUIT: [libjvm.so+0x8e1620], sa_mask[0]=11111111011111111101111111111110, sa_flags=SA_RESTART|SA_SIGINFO


---------------  S Y S T E M  ---------------

OS:DISTRIB_ID=Ubuntu
DISTRIB_RELEASE=17.10
DISTRIB_CODENAME=artful
DISTRIB_DESCRIPTION="Ubuntu 17.10"

uname:Linux 4.13.0-38-generic #43-Ubuntu SMP Wed Mar 14 15:20:44 UTC 2018 x86_64
libc:glibc 2.26 NPTL 2.26 
rlimit: STACK 8192k, CORE 0k, NPROC 63910, NOFILE 1048576, AS infinity
load average:68,05 43,54 23,41

/proc/meminfo:
MemTotal:       16422548 kB
MemFree:          158480 kB
MemAvailable:      56140 kB
Buffers:           10568 kB
Cached:           299580 kB
SwapCached:         4272 kB
Active:         14025772 kB
Inactive:        1313556 kB
Active(anon):   13989512 kB
Inactive(anon):  1271584 kB
Active(file):      36260 kB
Inactive(file):    41972 kB
Unevictable:          32 kB
Mlocked:              32 kB
SwapTotal:       2097148 kB
SwapFree:              8 kB
Dirty:               212 kB
Writeback:             0 kB
AnonPages:      15026636 kB
Mapped:           284872 kB
Shmem:            231324 kB
Slab:             223856 kB
SReclaimable:      51760 kB
SUnreclaim:       172096 kB
KernelStack:       39424 kB
PageTables:       260488 kB
NFS_Unstable:          0 kB
Bounce:                0 kB
WritebackTmp:          0 kB
CommitLimit:    10308420 kB
Committed_AS:   47369784 kB
VmallocTotal:   34359738367 kB
VmallocUsed:           0 kB
VmallocChunk:          0 kB
HardwareCorrupted:     0 kB
AnonHugePages:         0 kB
ShmemHugePages:        0 kB
ShmemPmdMapped:        0 kB
CmaTotal:              0 kB
CmaFree:               0 kB
HugePages_Total:       0
HugePages_Free:        0
HugePages_Rsvd:        0
HugePages_Surp:        0
Hugepagesize:       2048 kB
DirectMap4k:      971200 kB
DirectMap2M:    15804416 kB


CPU:total 8 (initial active 8) (4 cores per cpu, 2 threads per core) family 6 model 30 stepping 5, cmov, cx8, fxsr, mmx, sse, sse2, sse3, ssse3, sse4.1, sse4.2, popcnt, ht, tsc, tscinvbit

/proc/cpuinfo:
processor	: 0
vendor_id	: GenuineIntel
cpu family	: 6
model		: 30
model name	: Intel(R) Core(TM) i7 CPU         860  @ 2.80GHz
stepping	: 5
microcode	: 0x7
cpu MHz		: 2942.438
cache size	: 8192 KB
physical id	: 0
siblings	: 8
core id		: 0
cpu cores	: 4
apicid		: 0
initial apicid	: 0
fpu		: yes
fpu_exception	: yes
cpuid level	: 11
wp		: yes
flags		: fpu vme de pse tsc msr pae mce cx8 apic sep mtrr pge mca cmov pat pse36 clflush dts acpi mmx fxsr sse sse2 ss ht tm pbe syscall nx rdtscp lm constant_tsc arch_perfmon pebs bts rep_good nopl xtopology nonstop_tsc cpuid aperfmperf pni dtes64 monitor ds_cpl vmx smx est tm2 ssse3 cx16 xtpr pdcm sse4_1 sse4_2 popcnt lahf_lm pti retpoline tpr_shadow vnmi flexpriority ept vpid dtherm ida
bugs		: cpu_meltdown spectre_v1 spectre_v2
bogomips	: 5617.43
clflush size	: 64
cache_alignment	: 64
address sizes	: 36 bits physical, 48 bits virtual
power management:

processor	: 1
vendor_id	: GenuineIntel
cpu family	: 6
model		: 30
model name	: Intel(R) Core(TM) i7 CPU         860  @ 2.80GHz
stepping	: 5
microcode	: 0x7
cpu MHz		: 2942.440
cache size	: 8192 KB
physical id	: 0
siblings	: 8
core id		: 1
cpu cores	: 4
apicid		: 2
initial apicid	: 2
fpu		: yes
fpu_exception	: yes
cpuid level	: 11
wp		: yes
flags		: fpu vme de pse tsc msr pae mce cx8 apic sep mtrr pge mca cmov pat pse36 clflush dts acpi mmx fxsr sse sse2 ss ht tm pbe syscall nx rdtscp lm constant_tsc arch_perfmon pebs bts rep_good nopl xtopology nonstop_tsc cpuid aperfmperf pni dtes64 monitor ds_cpl vmx smx est tm2 ssse3 cx16 xtpr pdcm sse4_1 sse4_2 popcnt lahf_lm pti retpoline tpr_shadow vnmi flexpriority ept vpid dtherm ida
bugs		: cpu_meltdown spectre_v1 spectre_v2
bogomips	: 5617.43
clflush size	: 64
cache_alignment	: 64
address sizes	: 36 bits physical, 48 bits virtual
power management:

processor	: 2
vendor_id	: GenuineIntel
cpu family	: 6
model		: 30
model name	: Intel(R) Core(TM) i7 CPU         860  @ 2.80GHz
stepping	: 5
microcode	: 0x7
cpu MHz		: 2942.564
cache size	: 8192 KB
physical id	: 0
siblings	: 8
core id		: 2
cpu cores	: 4
apicid		: 4
initial apicid	: 4
fpu		: yes
fpu_exception	: yes
cpuid level	: 11
wp		: yes
flags		: fpu vme de pse tsc msr pae mce cx8 apic sep mtrr pge mca cmov pat pse36 clflush dts acpi mmx fxsr sse sse2 ss ht tm pbe syscall nx rdtscp lm constant_tsc arch_perfmon pebs bts rep_good nopl xtopology nonstop_tsc cpuid aperfmperf pni dtes64 monitor ds_cpl vmx smx est tm2 ssse3 cx16 xtpr pdcm sse4_1 sse4_2 popcnt lahf_lm pti retpoline tpr_shadow vnmi flexpriority ept vpid dtherm ida
bugs		: cpu_meltdown spectre_v1 spectre_v2
bogomips	: 5617.43
clflush size	: 64
cache_alignment	: 64
address sizes	: 36 bits physical, 48 bits virtual
power management:

processor	: 3
vendor_id	: GenuineIntel
cpu family	: 6
model		: 30
model name	: Intel(R) Core(TM) i7 CPU         860  @ 2.80GHz
stepping	: 5
microcode	: 0x7
cpu MHz		: 2942.585
cache size	: 8192 KB
physical id	: 0
siblings	: 8
core id		: 3
cpu cores	: 4
apicid		: 6
initial apicid	: 6
fpu		: yes
fpu_exception	: yes
cpuid level	: 11
wp		: yes
flags		: fpu vme de pse tsc msr pae mce cx8 apic sep mtrr pge mca cmov pat pse36 clflush dts acpi mmx fxsr sse sse2 ss ht tm pbe syscall nx rdtscp lm constant_tsc arch_perfmon pebs bts rep_good nopl xtopology nonstop_tsc cpuid aperfmperf pni dtes64 monitor ds_cpl vmx smx est tm2 ssse3 cx16 xtpr pdcm sse4_1 sse4_2 popcnt lahf_lm pti retpoline tpr_shadow vnmi flexpriority ept vpid dtherm ida
bugs		: cpu_meltdown spectre_v1 spectre_v2
bogomips	: 5617.43
clflush size	: 64
cache_alignment	: 64
address sizes	: 36 bits physical, 48 bits virtual
power management:

processor	: 4
vendor_id	: GenuineIntel
cpu family	: 6
model		: 30
model name	: Intel(R) Core(TM) i7 CPU         860  @ 2.80GHz
stepping	: 5
microcode	: 0x7
cpu MHz		: 2942.466
cache size	: 8192 KB
physical id	: 0
siblings	: 8
core id		: 0
cpu cores	: 4
apicid		: 1
initial apicid	: 1
fpu		: yes
fpu_exception	: yes
cpuid level	: 11
wp		: yes
flags		: fpu vme de pse tsc msr pae mce cx8 apic sep mtrr pge mca cmov pat pse36 clflush dts acpi mmx fxsr sse sse2 ss ht tm pbe syscall nx rdtscp lm constant_tsc arch_perfmon pebs bts rep_good nopl xtopology nonstop_tsc cpuid aperfmperf pni dtes64 monitor ds_cpl vmx smx est tm2 ssse3 cx16 xtpr pdcm sse4_1 sse4_2 popcnt lahf_lm pti retpoline tpr_shadow vnmi flexpriority ept vpid dtherm ida
bugs		: cpu_meltdown spectre_v1 spectre_v2
bogomips	: 5617.43
clflush size	: 64
cache_alignment	: 64
address sizes	: 36 bits physical, 48 bits virtual
power management:

processor	: 5
vendor_id	: GenuineIntel
cpu family	: 6
model		: 30
model name	: Intel(R) Core(TM) i7 CPU         860  @ 2.80GHz
stepping	: 5
microcode	: 0x7
cpu MHz		: 2942.473
cache size	: 8192 KB
physical id	: 0
siblings	: 8
core id		: 1
cpu cores	: 4
apicid		: 3
initial apicid	: 3
fpu		: yes
fpu_exception	: yes
cpuid level	: 11
wp		: yes
flags		: fpu vme de pse tsc msr pae mce cx8 apic sep mtrr pge mca cmov pat pse36 clflush dts acpi mmx fxsr sse sse2 ss ht tm pbe syscall nx rdtscp lm constant_tsc arch_perfmon pebs bts rep_good nopl xtopology nonstop_tsc cpuid aperfmperf pni dtes64 monitor ds_cpl vmx smx est tm2 ssse3 cx16 xtpr pdcm sse4_1 sse4_2 popcnt lahf_lm pti retpoline tpr_shadow vnmi flexpriority ept vpid dtherm ida
bugs		: cpu_meltdown spectre_v1 spectre_v2
bogomips	: 5617.43
clflush size	: 64
cache_alignment	: 64
address sizes	: 36 bits physical, 48 bits virtual
power management:

processor	: 6
vendor_id	: GenuineIntel
cpu family	: 6
model		: 30
model name	: Intel(R) Core(TM) i7 CPU         860  @ 2.80GHz
stepping	: 5
microcode	: 0x7
cpu MHz		: 2942.608
cache size	: 8192 KB
physical id	: 0
siblings	: 8
core id		: 2
cpu cores	: 4
apicid		: 5
initial apicid	: 5
fpu		: yes
fpu_exception	: yes
cpuid level	: 11
wp		: yes
flags		: fpu vme de pse tsc msr pae mce cx8 apic sep mtrr pge mca cmov pat pse36 clflush dts acpi mmx fxsr sse sse2 ss ht tm pbe syscall nx rdtscp lm constant_tsc arch_perfmon pebs bts rep_good nopl xtopology nonstop_tsc cpuid aperfmperf pni dtes64 monitor ds_cpl vmx smx est tm2 ssse3 cx16 xtpr pdcm sse4_1 sse4_2 popcnt lahf_lm pti retpoline tpr_shadow vnmi flexpriority ept vpid dtherm ida
bugs		: cpu_meltdown spectre_v1 spectre_v2
bogomips	: 5617.43
clflush size	: 64
cache_alignment	: 64
address sizes	: 36 bits physical, 48 bits virtual
power management:

processor	: 7
vendor_id	: GenuineIntel
cpu family	: 6
model		: 30
model name	: Intel(R) Core(TM) i7 CPU         860  @ 2.80GHz
stepping	: 5
microcode	: 0x7
cpu MHz		: 2942.617
cache size	: 8192 KB
physical id	: 0
siblings	: 8
core id		: 3
cpu cores	: 4
apicid		: 7
initial apicid	: 7
fpu		: yes
fpu_exception	: yes
cpuid level	: 11
wp		: yes
flags		: fpu vme de pse tsc msr pae mce cx8 apic sep mtrr pge mca cmov pat pse36 clflush dts acpi mmx fxsr sse sse2 ss ht tm pbe syscall nx rdtscp lm constant_tsc arch_perfmon pebs bts rep_good nopl xtopology nonstop_tsc cpuid aperfmperf pni dtes64 monitor ds_cpl vmx smx est tm2 ssse3 cx16 xtpr pdcm sse4_1 sse4_2 popcnt lahf_lm pti retpoline tpr_shadow vnmi flexpriority ept vpid dtherm ida
bugs		: cpu_meltdown spectre_v1 spectre_v2
bogomips	: 5617.43
clflush size	: 64
cache_alignment	: 64
address sizes	: 36 bits physical, 48 bits virtual
power management:



Memory: 4k page, physical 16422548k(158480k free), swap 2097148k(8k free)

vm_info: OpenJDK 64-Bit Server VM (25.162-b12) for linux-amd64 JRE (1.8.0_162-8u162-b12-0ubuntu0.17.10.2-b12), built on Mar 13 2018 22:44:51 by "buildd" with gcc 7.2.0

time: Thu Apr 19 20:29:41 2018
elapsed time: 89 seconds (0d 0h 1m 29s)

